6493
-597
15293
13851
-23580
-8004
646
Not Found
9408
Not Found
-8699
Not Found
15293
Not Found
6514
Not Found
10201
Not Found
Not Found
-7488
9567
Not Found
-23580
Not Found
-565
Not Found
-3407
Not Found
-3308
-16649
-15137
10374
6514
Not Found
-8699
13851
-4216
-23447
17174
1557
3415
12218
1062
-3308
10374
9512
9569
-4486
Not Found
-1602
4489
-71409
9686
-13014
12218
14469
-3447
Not Found
-6595
-4350
-23580
Not Found
-7561
3218
-5568
-3293
Not Found
13470
1540
Not Found
1857
-4216
19253
Not Found
Not Found
74
Not Found
-6382
-8803
-8906
6514
-23580
15293
14332
-18178
-565
12218
-71409
15230
-3860
Not Found
13851
-3865
10374
19066
6514
-14851
14332
19253
12218
-4762
19066
14469
Not Found
Not Found
-39604
-8004
1129
13851
15293
Not Found
Not Found
Not Found
14469
Not Found
-18178
Not Found
Not Found
9569
Not Found
9408
Not Found
Not Found
-14851
3415
Not Found
-15137
Not Found
19066
Not Found
9567
-20029
14332
-15137
-11792
-84550
12218
-23447
Not Found
918
-3950
-315
-8803
Not Found
Not Found
-7011
19066
-23447
-34449
-3960
-14851
-6595
-23580
13851
-18178
Not Found
Not Found
-3860
6514
Not Found
Not Found
-1602
9408
Not Found
-16936
Not Found
-2922
15293
Not Found
-13014
-16649
-1602
-3270
Not Found
-3459
-34449
-8803
-14851
-3518
-8399
Not Found
6187
Not Found
7173
Not Found
-39604
Not Found
Not Found
Not Found
Not Found
Not Found
-3270
5735
-9807
-35802
17174
Not Found
Not Found
-3477
9567
-10586
6570
-15137
8378
10201
Not Found
9408
-3518
3853
4116
-5331
-2553
-4216
4997
9408
-3860
-8699
5529
-7566
-39604
13851
19066
6514
-181
1222
19253
Not Found
Not Found
6514
-18178
14469
-6595
5735
13851
17174
Not Found
5735
Not Found
12890
1222
Not Found
Not Found
10374
-11504
Not Found
Not Found
-15137
Not Found
6171
-2899
13851
-23580
-23447
-6595
10374
453
Not Found
13851
17174
-23580
474
-16649
Not Found
12218
-4486
Not Found
-13014
-4737
Not Found
19066
13851
-14851
10374
9408
-6595
-1489
10201
9567
Not Found
3987
-23580
-8803
14469
Not Found
-1602
Not Found
-23580
12218
-315
1129
6940
1394
4489
-2922
Not Found
-3860
-19255
-71409
Not Found
Not Found
-3087
-71409
-3950
-84550
12218
9569
3739
-34449
8404
12218
Not Found
6514
9929
-84550
Not Found
-14851
Not Found
-33018
-6382
74
1499
-6546
Not Found
2873
9569
Not Found
-3477
17174
17174
Not Found
12218
9408
-8004
-34449
Not Found
10374
9567
8580
19066
6187
-6798
-18029
1129
-6586
1540
-33018
-39604
3415
-23580
-18029
-3270
10374
Not Found
-8906
-5604
-34449
142
6619
19066
-23580
8801
-3983
Not Found
Not Found
9567
-39604
6514
-2922
Not Found
Not Found
-6595
-18178
19066
Not Found
1129
-77768
-8803
14332
10201
Not Found
-23447
12218
Not Found
Not Found
10374
144
3987
10201
9567
Not Found
19066
13851
19066
-1602
14332
-456
-1602
-8004
-1454
1062
9512
17174
-8004
-8626
-9807
10374
-5235
-315
-71409
-181
-23447
4594
14469
-5751
Not Found
-23580
-13014
-23580
14469
Not Found
6528
Not Found
-16649
15293
-6546
574
-6595
-8699
Not Found
Not Found
-6595
Not Found
Not Found
13851
-3652
1129
-5843
9408
Not Found
Not Found
Not Found
6514
-13014
-2526
-71409
10374
14469
13851
15293
13851
-8803
Not Found
-4601
-315
-11504
12218
-71409
Not Found
14469
Not Found
14469
Not Found
1214
9923
Not Found
-315
-3420
Not Found
6514
-3051
Not Found
Not Found
-8004
-39604
1949
9408
-18178
Not Found
-23580
Not Found
-7527
-5487
6514
-3087
-8916
Not Found
Not Found
Not Found
-23447
605
10374
-34449
12218
-23447
6514
Not Found
-23580
13851
-8126
-20029
-23447
9567
-8803
-33018
Not Found
-23580
19066
-6586
6514
Not Found
Not Found
-34449
Not Found
10374
-7025
832
-3308
6514
Not Found
10201
Not Found
-8594
1129
-7011
-23447
Not Found
15293
-39604
-5843
-16936
-16936
Not Found
19066
1394
-1444
5417
-89
2756
7829
-4737
Not Found
Not Found
-7936
14469
-18178
2873
Not Found
9567
-3518
-13014
-3407
-23580
-315
10374
-6586
-34449
-8718
-7640
Not Found
Not Found
-3087
-6595
-3566
19066
646
-5435
-5487
-8626
13851
Not Found
2873
Not Found
-3950
-33018
-23580
-84550
7072
15293
-6595
Not Found
Not Found
-23580
Not Found
13851
9567
8707
-23447
-2059
-14851
6570
Not Found
-315
Not Found
9864
Not Found
Not Found
-315
-2922
10374
-1454
19253
-30582
-8004
-6595
-4915
Not Found
-6546
2145
-23447
-33018
19066
Not Found
-77768
-23580
-3308
9408
-13014
Not Found
Not Found
12218
-84550
19066
Not Found
Not Found
9567
-8699
Not Found
-23580
-2438
9594
8155
-8004
-33018
9408
4997
Not Found
Not Found
10374
