Not Found
7809
-20245
6147
347
-24978
-18450
-4189
8094
-13616
Not Found
-13616
10301
1865
-95
-17203
347
9407
14199
1792
Not Found
6061
-22374
6414
9407
Not Found
Not Found
5508
Not Found
Not Found
-24978
Not Found
67665
34480
-10554
1792
9767
19965
347
8051
18816
1360
-825
Not Found
Not Found
Not Found
9790
-2716
10301
-17539
Not Found
18816
5588
4642
Not Found
-10521
-9639
-17456
-17282
Not Found
18816
1987
1598
-11995
347
-3717
23379
Not Found
-18450
-1973
-18450
3185
-8722
10301
-29222
7809
-3441
5588
-1115
23379
14199
Not Found
-4891
Not Found
-7647
-8778
-5614
-30248
-17363
-22374
9485
6414
6414
1598
-7647
-824
-9429
Not Found
-23918
708
9712
Not Found
-5112
-4633
-20245
-2270
-11995
-20245
1952
347
Not Found
7556
-2681
Not Found
-6231
14199
Not Found
-389
-1345
4349
14199
-298
-7317
-298
-18450
-9524
1864
16083
-17539
8866
-4189
-1345
18816
Not Found
28954
45152
692
-11871
67665
-2222
36513
14199
-824
347
-18450
-4891
9553
-4189
6102
347
5434
-11665
-11995
692
-6298
Not Found
Not Found
-2739
-30248
-20245
-4891
-9450
-2336
6061
-17539
-29222
-4189
347
-17203
11516
10301
36513
Not Found
Not Found
Not Found
7308
-18242
-7038
-8338
1869
109
-11871
Not Found
Not Found
-3495
899
5497
6061
Not Found
23379
-7576
-7647
-20530
-9476
5828
Not Found
347
Not Found
9712
9407
36513
9407
-1398
Not Found
-23918
9767
-30248
Not Found
6061
Not Found
-20245
-11871
-6370
8094
-13996
10611
-12098
Not Found
-4726
36513
18816
6061
Not Found
-7736
6102
28954
-6370
109
-1115
7905
1711
7141
-23918
18816
347
-18242
Not Found
9407
-17203
-10521
-5184
Not Found
Not Found
Not Found
Not Found
347
Not Found
18816
1952
-29222
14691
28954
Not Found
-5137
8094
-30248
36513
Not Found
347
6061
Not Found
-18
-1398
6061
36513
-8778
45152
-1398
Not Found
-20245
6061
-26752
-12098
-20245
-3952
Not Found
Not Found
Not Found
11802
Not Found
13266
1598
5999
Not Found
-24978
-17203
23379
-1115
12665
Not Found
12474
-12098
-17539
Not Found
Not Found
Not Found
-18242
45152
-1196
-20530
17750
6414
Not Found
-20245
-1445
-2996
8094
-1222
-4891
-8338
Not Found
Not Found
-8823
6316
58959
10301
-11995
Not Found
-29222
-22374
-8823
-20530
1771
-24978
11516
-131
59127
Not Found
Not Found
59127
-13616
58959
Not Found
-9
Not Found
10611
-11871
59127
-24978
9407
-18450
Not Found
-12098
-7317
834
-298
18816
-30248
9407
-24978
14199
6066
28954
59127
-14138
-5184
Not Found
14199
3185
58959
-17539
-10269
6414
-4189
347
-824
3467
Not Found
12474
3185
347
45152
-1050
5999
12632
Not Found
Not Found
Not Found
-13996
-8909
-12098
8159
6362
-17203
-17203
Not Found
-5168
-3568
Not Found
-10521
-1398
-4189
Not Found
Not Found
4666
-4891
Not Found
67665
-9949
13100
8434
-12098
7905
1391
-2709
11516
-17539
-18450
-7317
-12098
10301
11516
-10554
12474
Not Found
-10554
11516
-5112
-8392
59127
-10521
Not Found
-23918
-12098
Not Found
-6928
Not Found
-15863
-10521
-13616
Not Found
5588
-17203
Not Found
8094
36513
-10554
1987
-6609
Not Found
-18450
Not Found
-1919
-20530
-26752
347
5844
-29222
-9139
-22374
8094
9767
28954
15825
8639
6061
-4343
Not Found
-26752
5590
23379
-13616
12983
5674
36513
-15863
-13996
-17539
Not Found
23379
-26752
-11995
-3717
-20530
Not Found
-6370
58959
-23918
9407
Not Found
-4712
Not Found
18816
Not Found
6414
Not Found
3353
-8909
-10642
6061
Not Found
8094
12474
-29222
-12098
-7317
-17539
-29954
9407
Not Found
-825
14199
-825
-8823
-4891
1878
11516
Not Found
Not Found
58959
-30248
-11871
9767
-2040
Not Found
-10554
5843
-17539
-4221
10231
Not Found
-17539
Not Found
Not Found
7905
-12098
-17539
-29222
23379
12474
-6318
-12098
-4082
-6370
Not Found
-9166
36513
-10554
-9423
-8778
11516
1598
1507
Not Found
-18450
-18450
5434
28954
-824
11516
28954
2175
3879
-19564
-10554
-2830
67665
-6222
-677
-18450
Not Found
1771
