-33496
-428
14445
-17547
26843
Not Found
Not Found
37103
8442
729
-16848
-17654
-24361
-14782
-24393
Not Found
-8288
2704
15467
-428
8164
-25621
905
7300
34122
23116
-35004
25933
-37377
-37377
-6371
-29563
-20228
Not Found
729
11083
Not Found
5870
25933
-428
33950
-17654
9326
-4370
-17547
5531
-2733
Not Found
Not Found
7083
7821
-561
-428
-2051
Not Found
50815
Not Found
Not Found
-17654
Not Found
-34608
8335
280
37103
Not Found
1845
47690
Not Found
-24393
-17654
-949
11309
2704
11309
Not Found
5870
Not Found
-8226
Not Found
Not Found
37103
-20228
Not Found
23116
5870
39502
-5515
Not Found
-17399
Not Found
29757
Not Found
-36530
-33496
Not Found
7068
-4657
7821
-11678
30176
38381
-9511
Not Found
2624
Not Found
-818
Not Found
10125
Not Found
-15471
-1285
-24393
-4835
-70969
-12830
26843
37103
Not Found
Not Found
Not Found
-4097
53991
729
631
-90890
Not Found
-34608
-35004
Not Found
-6970
2094
-7240
-2232
3235
1744
Not Found
-428
14445
-428
Not Found
6339
56915
37103
-9076
Not Found
-6454
5784
-17399
-30400
Not Found
1599
-12830
10380
Not Found
1211
-17654
Not Found
-33496
2364
11083
30176
6156
-36039
-561
Not Found
Not Found
Not Found
11309
-7086
7705
-35004
Not Found
30176
8899
39502
Not Found
-3961
-24393
Not Found
Not Found
-39037
Not Found
-2697
6187
Not Found
-27308
Not Found
-29563
-7207
-15471
28027
2186
11309
-4097
Not Found
-33496
Not Found
Not Found
11083
-26196
6734
23116
Not Found
4107
-42479
Not Found
Not Found
14078
7280
-4076
-6059
-12830
-24393
-9782
Not Found
4925
5870
33950
1845
9130
Not Found
-90890
-7800
25933
7764
Not Found
-26196
16381
Not Found
Not Found
-9394
-26196
23116
-6237
-17654
Not Found
9800
2364
Not Found
Not Found
-27332
-24393
-27332
-21213
23582
Not Found
Not Found
-14346
3546
56915
1845
56915
-42479
25933
34122
Not Found
-27332
-35004
5224
23116
-6371
4288
-35004
-2197
1845
-26196
-13216
-4301
Not Found
Not Found
-4557
6187
Not Found
-17654
11309
-34608
Not Found
-428
6339
Not Found
25933
23116
Not Found
Not Found
10380
4961
4196
-6970
7300
Not Found
14078
Not Found
Not Found
-27308
Not Found
-12456
Not Found
7083
9199
Not Found
-2733
-428
-1468
8104
Not Found
11309
Not Found
33950
-39037
Not Found
-27332
-561
9130
Not Found
Not Found
Not Found
2704
Not Found
729
-10392
Not Found
11083
20697
23116
-17399
-27332
Not Found
Not Found
-24393
Not Found
-2733
-4097
Not Found
-9523
-4301
-88420
1970
56915
Not Found
9130
2811
Not Found
37103
Not Found
39502
-27332
9816
2784
-9528
20697
-428
Not Found
-21213
Not Found
-20228
-25949
Not Found
Not Found
Not Found
-6454
-1809
-7086
Not Found
-27699
33950
-36530
-17399
7322
-33496
Not Found
Not Found
41596
1845
2811
1798
1061
7821
Not Found
61756
-3558
30176
-1658
Not Found
-27699
-113278
11309
Not Found
3893
-7267
23144
11390
-5750
39502
33950
Not Found
14458
-2733
5531
23116
-11469
Not Found
41596
14458
5020
25933
37103
15467
-7768
-3577
-37377
Not Found
5383
Not Found
32804
Not Found
Not Found
Not Found
158
11877
Not Found
Not Found
1272
Not Found
37103
-27332
6156
8104
4196
Not Found
Not Found
Not Found
Not Found
11083
52833
-428
-4370
6339
-36039
Not Found
-16848
11309
-29563
-24393
-27332
30176
Not Found
3893
Not Found
1845
Not Found
-17654
4196
-9652
Not Found
34122
7300
Not Found
-7207
-14782
Not Found
8442
-428
8655
-21213
9199
Not Found
8104
8528
3234
33950
Not Found
26843
12600
Not Found
34122
-428
Not Found
-12830
-42479
-5246
-2224
37103
2704
2198
7300
37103
16381
Not Found
Not Found
5870
4196
38381
16381
-36350
-36530
11309
4288
-24393
-26196
7821
Not Found
-428
729
2094
Not Found
Not Found
-42479
4788
-17157
Not Found
Not Found
9547
10814
-29563
25933
-17654
Not Found
Not Found
10380
14651
Not Found
Not Found
-27332
-12830
26843
-12830
Not Found
Not Found
12134
Not Found
33950
1845
Not Found
Not Found
Not Found
50815
-7443
-6454
8655
-2733
1862
-27332
-34608
1845
43590
-44544
-7311
-118492
-296
2704
-2733
-9052
Not Found
5531
-428
37103
Not Found
-17399
-26196
-20206
-26791
-33496
-1301
-5632
Not Found
28846
Not Found
4925
-17399
-17547
Not Found
Not Found
4196
-4037
11779
8492
Not Found
-3277
26843
-88420
-35004
Not Found
-24393
-39037
Not Found
-6059
37103
-27332
-27699
-1616
-36350
30176
507
Not Found
-3730
Not Found
38381
8774
Not Found
-16848
Not Found
-7817
-33496
3235
Not Found
Not Found
Not Found
Not Found
Not Found
-6371
-9802
-88420
Not Found
43478
8104
-35004
50815
-20228
-5870
Not Found
-24393
4196
4288
-37377
15467
Not Found
-4541
-17547
Not Found
Not Found
Not Found
Not Found
52833
30176
7385
Not Found
41596
-24393
8442
-35004
Not Found
7821
Not Found
2704
Not Found
-11678
-36350
12600
-37377
3734
-1140
3833
Not Found
-6551
Not Found
-1140
Not Found
-928
-561
Not Found
-24393
9130
Not Found
14458
-5035
-33496
26843
Not Found
Not Found
8104
25933
Not Found
50815
8451
-14346
-14346
-7240
-53415
7749
-27332
2094
-17654
-54248
38381
-5592
