16547449
30258189
-13785383
-15596857
Not Found
42131525
-145589
52234491
-2574069
-104211247
-10088752
19629996
-32537490
-11725833
-4836158
55103408
-605308
2221755
-1541889
-45897071
-7413949
-28425504
8139186
-2931397
-107085833
Not Found
-50965478
7140989
Not Found
8568999
-15175911
28084441
-220148
-8218356
-2905517
27000630
Not Found
-43350642
-13717212
-18766901
-5198014
-510120
Not Found
12524768
15941116
13022531
27668412
-1829928
12415769
Not Found
-18702978
7140989
23722937
6181820
27000630
Not Found
3039811
-54606681
Not Found
-34568991
-2624058
-5484887
-4362720
38173904
-17485273
Not Found
2125765
-16602728
-10443449
-8458847
-11811839
19191237
Not Found
-47197683
-36404993
-2624058
Not Found
-43350642
-8053738
Not Found
-45897071
-4550487
-42769168
Not Found
8206608
-13424322
8562296
3852073
Not Found
-50740264
1921627
-5338640
16469931
23367373
-3033987
Not Found
13869536
39747426
22583128
Not Found
30258189
-4898962
-3337574
5767959
-1695762
6724622
-17376040
-27803279
Not Found
-9648010
375653496
18720724
-37773915
-33071335
23841026
61395047
-27803279
-1392086
23580680
-43532813
14711609
22583128
-23652988
37267018
-24081306
-52225410
-1497304
-41778708
17017586
-120183
-39328408
23367373
Not Found
-36624444
-6495921
Not Found
1189746
-6501723
-50740264
-12791864
-19519253
33217311
3547659
2221755
Not Found
6745342
8244404
-7366132
27015824
20801988
32478823
Not Found
-1043280
Not Found
4406771
Not Found
14471606
-218077
-57013319
-52721963
6773543
-39409859
-55118557
8926063
-2023238
2933955
-47197683
15845976
Not Found
-3855382
-3570437
-13182811
2846603
8988151
Not Found
2581789
9247892
26199701
18720724
-1497304
-1392086
25413393
39608444
12572026
61395047
-21758583
Not Found
-39409859
-37493177
-62527189
21796915
-9850396
Not Found
342663
Not Found
38173904
-11626698
2626246
-45374609
-7518244
32304297
5078968
101377562
17022200
-7042270
Not Found
21159036
20220643
5793035
39346061
894001
43926201
-34221240
17822375
37843659
3865220
-9204238
Not Found
375653496
3022844
-120183
Not Found
54338039
Not Found
Not Found
-6294963
-59901445
-11811839
-3602275
7459856
20297774
3401911
22583128
342663
-6052726
-11092612
30614301
-7035932
16278716
-3570437
1229220
-14141447
5402951
24407090
27668412
44266622
41533074
-15382803
12078444
-4953732
-24266175
30614301
-17815681
-1695762
13543101
Not Found
-7881969
-29613729
-19093601
Not Found
-49091949
-56353937
42573216
Not Found
-17573451
-6820501
23405459
-2026301
38173904
-29663593
19191237
Not Found
27341945
-6765987
Not Found
3022844
-7541156
19629996
-2579123
-32460736
14654472
5892962
-1423956
Not Found
-17286881
33514621
-605308
11953201
6444270
5892962
-26462082
16116586
18869767
11459111
-9456283
25648
5025323
-6501723
-8458847
Not Found
27149970
Not Found
16222358
443466
6014955
-9747335
852237
84984516
-24081306
32478823
12078444
Not Found
14261181
9739121
9627195
8249842
Not Found
-13424322
14811529
23651751
-120183
Not Found
-7746909
6976532
-13424322
789456
79631
-333750
7418133
4398540
-22469673
-15991812
-6993648
39579001
4690726
6432926
127507
-2755332
-222734674
Not Found
342663
26869280
14181118
3886206
-25023940
-2135126
23651751
-54606681
11354535
-69508
2404585
-4745090
-21842476
789456
1535894
-13785383
17753230
28567275
Not Found
14261181
-4716025
9233143
-20894828
-28003685
67734544
28084441
-34929943
-19077688
-434171
30614301
-18700896
-59046526
Not Found
11601700
-6449574
-6969423
43876875
-15175911
-8300036
-29054231
2078280
-26722076
8465545
1307180
-2327204
38623806
8753283
Not Found
9768268
-17771797
-19985930
-1804165
-10361520
-24086101
3919817
4393439
-50965478
-1102916
-3623864
-6501723
Not Found
-3526068
-25820745
Not Found
26009726
74603073
15534362
-19457437
42573216
Not Found
Not Found
108952639
-4777939
-2220159
-8218356
-120183
Not Found
-16883059
25033000
-8934550
Not Found
-13228085
43876875
-39328408
47563465
76862803
-4182121
-7860773
-4684971
38623806
Not Found
11852765
-23652988
34825102
-7315395
26831664
-21996474
23172716
1733668
-18778825
94772554
Not Found
Not Found
6010326
-43232942
-11725833
-9456283
48805718
14360622
Not Found
3401911
2774445
8582851
Not Found
-44245318
84984516
-3012931
Not Found
32478823
-37418217
-19432553
Not Found
19191237
-9075901
26977312
Not Found
-47313695
21796915
2626246
598340425
-14179435
-11416302
-29017737
22470821
8460040
-8101671
16203059
4158852
35711020
2404585
-3136354
-25820745
-11092612
-3804139
206351944
2192447
Not Found
35159502
12616767
7197773
9627195
-24266175
-8060838
14455489
19191237
-1734872
-1702262
20664754
-49091949
19191237
24609148
-14570548
Not Found
Not Found
-141577684
11852765
-12907682
24609148
-49091949
Not Found
23405459
-69185427
142429725
-11031883
53180
38173904
10400829
-3514738
41606907
-29023618
-6880222
9507432
-50740264
Not Found
24448430
7798515
-5738290
-3662053
56212097
17794529
-6799778
16381307
15142937
-5455572
28567275
5393792
Not Found
84984516
41533074
44635373
-23055887
-12226033
-428268
-10443449
14056639
-17286881
85936565
28567275
-17573451
54338039
-24497182
1189746
-2755332
-23685172
-6501723
4190328
-14949396
28008760
8037846
12103380
Not Found
-13157469
Not Found
789456
-66087607
-626718
-5207532
-4641264
-10443449
3073572
12103380
27668412
-11092612
Not Found
-4716025
-15926984
-31721616
-8009795
-58786787
Not Found
56212097
Not Found
8139186
Not Found
13047925
-18778825
28008760
25780059
27149970
-843276
Not Found
-7860773
-62527189
-39409859
13022531
-3570437
-19519253
-17789323
6508034
-141577684
-2135126
-14114778
-3839371
49544363
52416553
Not Found
-19519253
16547449
44266622
-6244269
30535861
-8243981
-47197683
-7187193
10736102
2904156
9459856
9681083
-16883059
Not Found
Not Found
21985937
Not Found
-8517362
9683339
Not Found
Not Found
76862803
-17573451
-9374441
Not Found
-66152919
-6969423
Not Found
-12281360
-7614953
-3438051
-10426898
21796915
15502350
15752254
-1766639
-4136380
12765936
52502565
Not Found
-40514257
Not Found
9440648
40274566
-28485933
-8243981
30614301
2846603
1036311
Not Found
-5507642
8568999
4682010
-13717212
8465545
3218072
-4684971
19457879
-8300036
-100482235
949781
-4448711
16116586
789456
-3033987
-3438051
3109623
-2910843
-1695762
4077205
3547575
1971339
16116586
-2659821
-13228085
30614301
6396243
12103380
23463175
Not Found
-37509446
-69508
25724892
-19457437
20037705
57851289
-13182811
-122702
-2905517
20881306
1567248
18751683
27341945
-21516629
42812735
-50740264
-2804828
8972378
-7920473
Not Found
-2307791
-11923194
10147243
Not Found
-14128234
Not Found
27341945
1343829
-11537279
2078280
-21758583
-12446966
-2313160
3657835
-6614102
2125765
-1390833
8568999
789456
-40514257
21655087
-5662355
-13996567
-21516629
-20700946
38173904
3073572
-1423956
5813839
30272682
-19093601
Not Found
9580906
6405016
-3602275
-16883059
-28425504
Not Found
-1423956
Not Found
43608437
-13183829
1387364
9253470
24729414
79691002
Not Found
-13228085
39579001
-13956961
12947170
Not Found
-2194572
-11923194
-12452310
-3875286
-11402680
23651751
-4745090
49650949
-8024620
28084441
50206468
-18700896
-24121125
-56353937
-4121693
-892746
43876875
5000730
48805718
-6815435
31545037
30535861
8139186
25780059
-19453771
23384443
2060127
-141577684
32572194
53163380
-44484366
19457879
-5940931
-28003685
Not Found
-4684971
-31467048
14261181
Not Found
-9530153
52502565
20937852
Not Found
3401911
76862803
34090266
-14949396
2581789
8139186
2728407
6866251
-3804139
33514621
21136259
-13705939
Not Found
Not Found
Not Found
19629996
-1265300
-31721616
-2624058
Not Found
-3619800
35159502
-48945949
Not Found
17017586
Not Found
12103380
-17189268
-2313160
-7734711
4760458
Not Found
37850329
-265499701
-30431245
-54606681
-21516629
-29054231
-3147111
Not Found
28008760
-30938161
Not Found
1485800
15502350
9187425
56212097
7179632
-2836746
30272682
-6666684
4665601
19370473
37267018
-14179435
20220643
187487928
8459684
-23628631
7197773
789456
20342580
-56353937
6388824
375653496
3141191
-14141447
23580216
-28246558
-5945715
-59901445
789456
14811529
-29017737
-36322876
4190328
13455956
-48945949
32478823
-7639109
-843276
-7477530
-15596857
Not Found
Not Found
76862803
2626246
-37006340
-39328408
16977715
-34929943
-31721616
8427076
Not Found
-14570548
Not Found
28834351
-13785383
27149970
Not Found
47563465
-15991812
41570896
-21842476
-2086342
Not Found
Not Found
-13182811
-43431525
37334404
-652838
Not Found
-132235416
-107085833
4760458
2188822
-38586577
57289149
-5897992
12103380
8753283
-11416302
14391516
-24086101
-6444378
4197159
-21678607
33514621
-4550487
-18587657
7716823
Not Found
8926063
507245
26009726
4920164
-17485273
1621454
2674818
-31152236
34825102
Not Found
-2708562
22583128
-8218356
-9558142
20266327
-7839658
-31467048
61395047
85936565
21809859
-41778708
18751683
-4938799
56212097
4516568
8059838
Not Found
7140989
-4550487
-1127255
-29017737
-59867952
-3602275
5739502
-1265300
Not Found
-7413949
-20700946
-17771797
37267018
-44484366
4450875
8208991
206351944
-31556714
Not Found
1366379
-37493177
-48879
22583128
2581789
-4609162
-19118394
-25205274
3401911
44635373
-56353937
11244429
1214017
-7042270
4378476
-31152236
-3381250
35711020
-30151584
4760458
Not Found
5227875
8459684
23651751
-30431245
16116586
342663
-673803
-37750139
-2751923
865368
-18047402
6383693
-35577491
8459684
Not Found
3541437
16222358
258759
16116586
-4550487
-31467048
15752254
19554615
Not Found
20037705
Not Found
20037705
12947170
-15189641
21985937
14811529
-19519253
15582977
-455353
5303805
2595705
-48879
8793375
-7779425
-44789441
8459684
Not Found
Not Found
2581789
-56353937
-27766936
Not Found
-8053738
-38681289
38173904
-37493177
20220643
-8301125
-9849741
-5599475
Not Found
10231224
12524768
Not Found
-1511591
41570896
23580680
7893059
2221755
12578299
15752254
375653496
7802044
Not Found
Not Found
15582977
-35556363
349192
-3222149
17017586
-2086342
Not Found
Not Found
Not Found
4032973
46336744
-16152577
57289149
41533074
15797602
-7860773
Not Found
17753230
-8053738
-3743701
Not Found
-12810693
-1435491
-8130112
23029909
Not Found
22583128
-3435552
-7332920
Not Found
-4833660
-28425504
-7042270
-19985930
-49091949
17995324
122343939
6721443
-7827464
-2305031
-6501723
-3054380
Not Found
17753230
-479691
Not Found
649447
-50740264
Not Found
-12609099
5576702
-14949396
19457879
-6969423
-21842476
-11092612
36319221
Not Found
-23077634
36319221
-14114778
Not Found
4603547
-2755332
3401911
28084441
-9112331
12240640
-25820745
3156168
1567248
19548203
7075367
4092794
4760458
17753230
-3526068
4760458
15941116
-3514738
-12907682
-6190015
Not Found
Not Found
3218072
-32544475
8459684
16371532
Not Found
Not Found
-15175911
Not Found
5892962
-153029201
Not Found
127507
-9627729
7716823
-21758583
-50965478
3717360
-32537490
-9456283
-15991812
-2931397
Not Found
108952639
21136259
3224830
61676559
26869280
25439490
-1532520
20220643
-634994
Not Found
-21996474
-4572769
Not Found
7197773
Not Found
-7839658
17561213
12947170
Not Found
Not Found
39346061
25456836
5367734
-290253
23384443
4771889
17561213
3401911
-884088
-9945527
35711020
15941116
-15382803
5303805
17022200
16901558
Not Found
Not Found
-8053738
17861671
375653496
-19519253
-11092612
8494059
55103408
-25820745
30724948
2456291
-5637437
26869280
19629996
2404585
Not Found
-19897112
-19453771
16469931
41570896
Not Found
Not Found
-8458847
19191237
-4702448
-8556282
-1804165
-15991812
-8053738
1229220
-17286881
876476
-2624058
37843659
-4550487
-41778708
-6585625
74603073
-8936615
-58786787
-9658884
-4684971
7140989
19370473
Not Found
58796969
12151708
54338039
34423891
3839826
8568999
41570896
Not Found
-13239644
-40514257
35159502
-132235416
-1392086
-8607233
52234491
15607590
39579001
-13717212
-30151584
-21842476
13869536
Not Found
-1746186
27341945
9678516
-28246558
-48879
-3147111
7395672
-9469902
13543101
-35577491
Not Found
-7860773
10147243
43876875
11852765
Not Found
42812735
-13182811
9459856
27000630
24361098
-45353609
-13927172
-58786787
15582977
Not Found
-7860773
Not Found
32478823
Not Found
-21763353
16371532
45345316
2803514
375653496
Not Found
12240640
-3925838
55103408
-28198477
Not Found
-29054231
931845
Not Found
30696058
-31467048
14181118
15582977
5633606
14198246
3022844
Not Found
-2751923
20179257
-26168749
789456
4032973
-3141750
-10088752
57667029
Not Found
574481
649447
Not Found
Not Found
-8934550
-9658884
Not Found
14056639
30535861
35664789
17822375
-37750139
16233209
-15693619
33217311
Not Found
61395047
-12609099
-12074357
-39409859
7140989
-2313160
-8740755
Not Found
14198083
-5296017
-6820501
-797200
-8218356
20297774
11852765
Not Found
10320404
-3933933
14181118
8562296
-2887293
-3471313
2078280
-25820745
5303805
-2905517
4760458
852237
-19432553
-45633195
-6880222
9186049
76862803
-26180914
-14949396
-4716025
-17815681
-26559409
-38586577
-34929943
27000630
-35151346
16935993
-45897071
598340425
23153515
-3852499
24407090
-8254299
-107085833
Not Found
4851630
-5912784
Not Found
23463175
-31152236
27149970
23153515
Not Found
-8024620
31545037
Not Found
26009726
39579001
-22119704
8037846
-9658884
-13996567
7179632
-24081306
14360622
5789939
-9658884
-2203516
-17789323
18399478
4042357
8384173
-11402680
34423891
30058275
Not Found
-23077634
23580216
-21842476
-3033987
-1497304
598340425
Not Found
Not Found
-31721616
Not Found
481175
-7042270
2188822
30724948
-107085833
Not Found
-11923194
25648
5700456
6396243
-47197683
-26486235
1567248
-7471345
13602621
-455353
108952639
-32537490
14654472
-8667628
24978148
3317126
-32544475
-1649420
-20591550
-61601155
11852765
-6969423
Not Found
19821885
33514621
9554188
14198246
21136259
37334404
-19093601
-6991193
-10088752
8098717
-12374137
82573818
Not Found
-30431245
-17789323
Not Found
26775549
4104380
9881338
-2931397
6897289
79691002
16469931
18713709
-8053738
47563465
-34073130
Not Found
29447844
Not Found
-13705939
-52721963
18720724
Not Found
-21678607
3156168
20881306
-29054231
4122232
Not Found
Not Found
Not Found
-6241903
-15679618
-107085833
Not Found
2787472
-3602275
-10483021
-32105528
19821885
-2313160
1307180
9991093
2192447
9627195
Not Found
-17286881
24103277
Not Found
-38681289
-66152919
49317918
-47197683
-41778708
-8053738
Not Found
2803514
19191237
21261875
-15107191
3549551
-19519253
329644538
355233
-19093601
-31467048
-13927172
28567275
-17789323
-50740264
-41778708
-54606681
-5296017
-2887293
16469931
-25205274
36319221
2169001
-2627770
3401911
5075199
-4745090
-13717212
-13007326
7197773
-38681289
-24266175
-3339455
-23598517
-45897071
8488287
37267018
-32460736
-12964150
-28246558
38623806
-15382803
6721443
12947170
-28745093
20806235
49650949
23841026
-62527189
-6501723
Not Found
-11562336
-3769329
18713709
-26257024
-14114778
1229220
-8977265
-3526068
13047925
-34929943
39579001
-44917399
-52225410
2078280
-6244269
-48694653
-11416302
-9821320
31545037
Not Found
Not Found
-1214002
23651751
-9277047
-9323178
8562296
-26462082
-21644864
-1034064
25648
-2931397
16278716
16901558
-88152347
75035009
9253470
Not Found
19554615
-6602631
-3804139
13602621
-44484366
12271137
4413544
6396243
-8580294
28834351
-25214161
-6241903
4975991
37647853
-62362409
25724892
Not Found
-31152236
-1532520
16371532
1343829
-479691
13022531
-69508
-5296017
-2751923
-3514738
12078444
61395047
-18778825
38173904
Not Found
19924012
-5567004
-18713
397849
-23598517
56212097
56212097
2828245
-8180549
24609148
Not Found
58330684
6673724
-2677629
5515488
Not Found
Not Found
37100555
20413162
912257
27341945
3421301
-35151346
5367734
-4119891
Not Found
6859524
-31152236
-6501723
-8053738
-11923194
11778511
32572194
49544363
-9410055
-6262238
24184072
17022200
-10088752
5629563
-42749196
6957675
2221755
4815163
Not Found
30696058
Not Found
79691002
-27766936
-11402680
Not Found
-122702
2803514
-6815435
Not Found
-103469
-15382803
Not Found
16502653
-52225410
14181118
-2931397
Not Found
20937852
9627195
127507
11601700
-390732
24184072
-14774174
375653496
-15991812
-2659821
Not Found
41533074
-9947535
Not Found
-5331361
2078280
18022232
10701172
-32105528
Not Found
9824880
Not Found
-32416250
-1695762
Not Found
31545037
18713709
25439490
-6241903
-40522437
-8565239
-2026301
-5215255
23527959
-44484366
-7035932
-5064968
-1028509
38623806
Not Found
Not Found
Not Found
23153515
-29663593
17753230
Not Found
-5646798
4046259
-13550005
-3839371
Not Found
19554615
-14114778
-1392378
-5579555
-7042270
-833456
9580906
-1423956
-13550005
-66152919
12572026
894001
23172716
43876875
931845
-38681289
-1117506
5303805
3808791
3136241
Not Found
Not Found
-3570437
21796915
41533074
19837746
-27490855
21985937
-191928
1622376
1818200
38173904
-45353609
12151708
-23652988
-26486235
-9906539
Not Found
-27766936
6862574
-17753665
-26257024
1405773
-8934534
28084441
26869280
13869536
-27025071
-43532813
2512987
-8458847
-7885097
-5014271
37334404
-23055887
1189746
-4684971
-66087607
-2313160
Not Found
49317918
9750890
-29613729
-32105528
-1804165
56212097
-19985930
1230993
-6917947
-41778708
Not Found
12578299
Not Found
-7042270
-29613729
6385365
17822375
-3583070
Not Found
-19985930
21796915
-59046526
18542087
Not Found
13198973
-5847537
7197773
14811529
Not Found
649896
19370473
5710958
-18047402
85936565
14198246
-28425504
Not Found
Not Found
5025323
58330684
12947170
-11081820
-2976485
2221755
Not Found
1036311
-11402680
17561213
12233090
19839542
13869536
-968980
20664754
54338039
Not Found
7179632
Not Found
Not Found
39747426
8109359
41570896
-5296017
4413544
-11416302
18213007
Not Found
3295819
Not Found
56212097
-920283
-29663593
-7477530
17753230
20937852
-12374137
6444270
13020814
-3866233
27341945
33494856
24184072
-6815911
16547449
37843659
-3706936
Not Found
-39409859
-2251511
-41228973
-13717212
42573216
-17485273
-19457437
7178138
-290973
Not Found
2535658
8498941
-28147719
-936979
Not Found
13602621
-28246558
-4995620
-17376040
9172666
-13183829
-57013319
5892962
-3136354
-8060838
2202686
6127842
-59046526
Not Found
-8199656
19821885
Not Found
-14949396
4523301
Not Found
67734544
43922514
-1695762
-2455566
-34929943
14711609
-26559409
-26559409
-1387463
16901558
8920487
114090051
Not Found
-7009567
-43232942
7309425
-3641888
-35577491
4457696
-50965478
-15991812
-24497182
9253470
61395047
3752974
9627195
-2083118
39579001
-13204657
-13785383
-2624058
23796816
5499216
-6585625
-7910656
Not Found
-19519253
-14114778
-13183829
-5153731
-11048320
9751499
Not Found
-18344240
1818200
-5372759
-15121133
5227875
28834351
-9434347
12572026
-36624444
-28198477
206351944
Not Found
2404585
Not Found
1018437
-3127106
Not Found
14198246
6447083
-9440370
2626246
-12284147
Not Found
-9585614
18713709
-11923194
7140989
35159502
-26462082
-14114778
Not Found
4270994
Not Found
-4371182
1432193
Not Found
6508822
12103380
-7541156
17017586
9459856
-13927172
25456836
52502565
-7009567
206351944
-55118557
-56353937
-10068544
Not Found
9205080
-12695373
-920283
57289149
10320404
35159502
26831664
-37509446
375653496
-47197683
Not Found
-2755332
Not Found
-5798998
Not Found
-3033987
-42769168
2078280
Not Found
43608437
-23298047
62120378
-2887293
3022844
5718296
Not Found
-25214161
6157242
Not Found
-37509446
Not Found
132129
-1695762
-48503157
-8024620
-93706528
Not Found
42573216
-9658884
16502653
234448
2078280
-15991812
13602621
1117540
1622376
28008760
20342580
16116586
2221755
-24301429
-5126919
-15382803
-11092612
374943
-40514257
39747426
-9048298
-14114778
17022200
2595705
-31556714
-12374137
6444270
-27025071
-10852796
-340564
4760458
8865490
425168
61395047
-9998965
-23628631
23580680
2846603
-141577684
-7541156
-11811839
-19118394
-12374137
4851630
-28745093
19548203
20937852
Not Found
-11092612
25456836
-16842952
18713709
-13018037
-5276505
12572026
-17286881
Not Found
-1304018
6859524
17930445
7197773
-37418217
Not Found
375653496
-2574069
-18344240
-1743192
-10443449
76862803
-5126919
22583128
-1820965
30696058
-11031883
10320404
10571857
35664789
19548203
8465545
-4550487
-7070378
Not Found
26337915
-55118557
-33958504
-30151584
18429751
25844637
-28198477
-13825208
-6880222
-22957458
20679772
12572026
-3542211
-13183829
Not Found
1036311
6444270
-12907682
-12284147
-7705454
-14949396
19924012
-2135126
-2313160
-9440370
-3619800
Not Found
-6969423
4219361
-5662355
-3925838
Not Found
42812735
-26559409
75022564
-7107131
3350210
Not Found
41606907
-2621684
Not Found
23985536
-9443969
11354535
1622376
Not Found
-6820501
18429751
26775549
-13228085
-4716025
20037705
55103408
Not Found
-3532358
8613779
-12077197
4996007
Not Found
-10852796
-5014271
28834351
10109136
-735664
Not Found
12240640
26831664
Not Found
32572194
Not Found
1709763
Not Found
-26462082
5673885
-88152347
13602621
-132235416
12078444
Not Found
8332981
Not Found
-12133153
-1695762
-5860703
-45633195
43922514
-8748418
-4332668
-31152236
-3122436
-11092612
-2887293
Not Found
Not Found
Not Found
22583128
23527959
2803514
Not Found
23527959
2803514
11953201
8313292
35711020
Not Found
12578299
16371532
8690370
-32537490
67174098
Not Found
1848003
2078280
-19897112
-12609099
5362296
-2887293
13422665
Not Found
1860877
-12791864
-13550005
-43232942
-3358111
-19897112
Not Found
-4609162
-22143351
-8936615
2195305
Not Found
Not Found
-59046526
Not Found
-5153731
-38586577
Not Found
20037705
6228657
-2624058
-843276
-36031039
-17485273
Not Found
17022200
-37773915
-1780057
-34568991
-7477530
5094417
17861671
34825102
-59901445
-4776777
-28745093
6490050
-2411607
10231224
-25820745
14711609
Not Found
56212097
-8199656
-14141447
Not Found
Not Found
-7614953
36319221
-45633195
7473524
Not Found
46668470
5633606
-17376040
-4846011
-3694889
42131525
4851630
-41778708
-20885730
15534362
-5458522
-4766235
-49091949
1241220
9809157
-8731215
-1392086
-29663593
-103662646
23841026
-8300036
13543101
5367734
24609148
-8002260
-15877120
12318681
-9112331
-2038931
44266622
8249842
7418133
-3304876
28084441
11852765
-1392086
-6890366
-4716025
-5855361
28100693
-6190015
Not Found
43876875
23405459
1036311
-6190015
6371442
789456
22470821
7418133
-12284147
-2767720
-3438051
18751683
-3438051
-18204793
12524768
-40514257
Not Found
-6560546
-8243981
Not Found
-37602965
-6241903
8459684
Not Found
12524768
31545037
-12695373
-48694653
21796915
-2313160
-1546687
44266622
23651751
16502653
Not Found
108952639
14465924
-45353609
-29017737
-8517362
74603073
4270994
14056639
Not Found
2828245
8460040
15945231
62120378
4760458
2740193
49650949
Not Found
-2649998
4158852
6014955
-5198014
Not Found
-23685172
9296392
-22454295
7179632
15752254
21796915
-2945780
-7833552
-11626698
Not Found
-23077634
24184072
-24086101
23405459
-8020540
-12281360
Not Found
16502653
-21842476
-12907682
10320404
5627248
-6765987
15607590
Not Found
4412834
26339739
-222734674
1214017
4995835
30724948
Not Found
-3925838
4815163
Not Found
-6466332
94772554
19629996
20297774
-17286881
Not Found
-96091441
3781847
5303805
15752254
Not Found
41533074
-38681289
Not Found
-797200
33514621
15270228
20937852
-5183896
15941116
19629996
-47197683
-19453771
2078280
-363916
13360160
9953772
Not Found
Not Found
-3111697
Not Found
12572026
Not Found
-18195132
Not Found
5813839
-12074357
27341945
-34110872
-120183
-7042270
-15189641
Not Found
-62527189
53163380
-37231531
-8024620
Not Found
9186049
-9558142
-6052726
33514621
Not Found
-3438051
-23652988
28448652
-37602965
8047123
21985937
Not Found
342663
7744835
31994128
-18700896
-11463057
-11402680
-153029201
-7113805
7925590
116249519
24609148
-1799993
-107085833
56212097
-19453771
24407090
-10256536
-32460736
-6670468
23580680
14181118
23463175
-498668
35159502
-42769168
20881306
Not Found
-2470210
44635373
-13183829
Not Found
282541639
14198246
10763108
-30938161
-313211834
-7197854
Not Found
9627195
12240640
-10852796
-8300036
16278716
-13228085
35159502
-2313160
46668470
42812735
19457879
Not Found
24361098
-9075901
39487022
33217311
17022200
-34372532
-13424322
Not Found
-3852499
-21842476
-38681289
42812735
-3769329
11852765
-8652341
9881338
Not Found
22211077
15534362
-96091441
7032363
-35808189
-153029201
-59046526
-17286881
-39409859
8753283
61395047
10320404
-7614953
-27025071
-6501723
-2627770
39346061
-32416250
33514621
-6820501
30272682
20937852
19191237
Not Found
28834351
Not Found
Not Found
Not Found
4465561
Not Found
-755825
Not Found
56212097
33514621
36319221
26097419
2535658
17561213
50206468
-4846011
22470821
Not Found
-8254299
4523301
-7009567
Not Found
46336744
-3851841
4450875
31994128
45650113
1567248
Not Found
-13956961
-15891242
10596771
-29023618
-510120
-1592142
Not Found
Not Found
38623806
-48879
Not Found
-4432895
31994128
20179257
Not Found
9580906
Not Found
31994128
-32544475
23384443
17753230
Not Found
Not Found
-4550487
13022531
39608444
-5118556
26339739
-12695373
-270511269
Not Found
3440870
3008024
-2187134
-12133153
-11923194
Not Found
16371532
75035009
18751683
-18047402
-2026301
789456
1159691
-2245180
3547659
-1250916
13422665
13022531
56212097
38173904
-5577967
-27803279
-13007326
-35577491
9824880
40274566
-7139682
4151433
19457879
-5847537
14711609
Not Found
19629996
-134646381
23367373
17794529
-8218356
-4883143
-11725833
-12924977
78672253
-1265300
-605308
-13785383
8562296
Not Found
6311326
Not Found
-69508
57289149
-24301429
Not Found
-7614953
-1695762
-17866241
1307180
-2187278
-1541889
1620602
-52721963
11985558
21985937
19924012
-7035932
4158852
Not Found
Not Found
30535861
-52225410
-43431525
Not Found
-6716713
3781847
-19453771
2192447
-8988888
Not Found
-8243981
-12374137
-8936615
Not Found
-27490855
23722937
18869767
37843659
29447844
Not Found
Not Found
-11725833
10736102
10896205
4851630
3722331
-8101671
11807344
-45353609
-27232674
3455337
22583128
-17789323
1770824
-14028294
31545037
19370473
Not Found
-13736874
1976860
Not Found
-26168749
-39328408
-45353609
37267018
6673724
Not Found
-4136380
-31152236
-27803279
39608444
Not Found
-9990697
-5384064
8796706
26199701
-25820745
-9691500
6444270
49137696
8498941
-16152577
Not Found
-9603963
16469931
-42769168
-7477530
42573216
-43431525
-6190015
Not Found
2345996
-8985647
-12284147
-497460
2774445
43279262
-11092612
-8420859
32478823
Not Found
Not Found
-13550005
20037705
28084441
13543101
9777231
29447844
-18700896
-11250735
6388824
-27803279
-3852314
127507
12415769
-9450403
-23685172
-11603419
8562296
8568999
-18766901
4815163
-32920194
Not Found
-3743701
14800971
-15739227
-1866520
282541639
-19093601
38614013
16901558
9881338
-6820501
-134646381
Not Found
-45353609
4046259
Not Found
-13736874
-3925838
-9040807
Not Found
5948703
Not Found
Not Found
2213735
5166750
39747426
17022200
375653496
-28425504
35159502
Not Found
-26180914
18869767
24184072
25456836
-37750139
Not Found
-15382803
-19077688
-47313695
16233209
5303805
9253470
Not Found
-4392228
-376504
12154718
-13454297
-9134883
-11626698
44266622
-11092612
-7186021
8612529
-751280
-8002260
678728
47563465
39487022
28008760
-39328408
8355792
878976
7197773
14261181
-498668
11354535
Not Found
Not Found
19821885
-546734
-26168749
-29054231
Not Found
15845976
-14949396
39579001
Not Found
11652842
375653496
27014287
-21357636
-5554237
Not Found
-14141447
9482925
9233143
Not Found
Not Found
37334404
-17571567
-10852796
13047925
7716823
Not Found
-2751923
Not Found
-4121693
-4550487
33514621
20115279
-13736874
25456836
13411154
-15382803
-2313160
-9530153
390047
-3703492
13543101
1567248
43876875
26009726
Not Found
25844637
25361526
-11626698
-29663593
-2673733
48805718
-4119891
67734544
23651751
-6815911
-4548951
20664754
28567275
574481
-14028294
5227875
-17571567
-11092612
6859524
26199701
9996489
-49505087
1432193
67174098
4724989
38990828
30696058
2314747
-15679618
12572026
19837746
39608444
-13007326
-23930578
39608444
Not Found
49650949
-35151346
-32416250
-2737561
7179632
-14128234
-575020
Not Found
-26559409
-4716025
13543101
2587106
4123701
49317918
-4119891
-26486235
Not Found
9112830
23405459
12240640
-19985930
-9839183
25724892
-38681289
Not Found
22583128
17794529
28084441
-7734711
-132235416
6155526
20413162
19370473
94772554
-39328408
-12074357
46471450
-39409859
-1541889
-15107191
41570896
Not Found
8498941
76862803
-7746909
2192447
Not Found
-11975020
3136241
-8024620
Not Found
4450875
-12695373
-9658884
-685148
-24497182
16203059
28084441
-4136380
-6239528
-42749196
74603073
38990828
7716823
2595705
Not Found
-37750139
17861671
-3662053
8920487
5068824
-23598517
-7377111
8920487
39487022
12572026
2626246
8139186
649447
Not Found
Not Found
-7838802
9357280
1864791
14455489
2484452
36612804
-39409859
-21357636
-4766235
Not Found
23172716
-3632430
-13183829
Not Found
-14949396
-10746183
-1804165
15083538
42812735
23527959
21261875
14465924
-19118394
5576702
-3471313
-10088752
5367734
22583128
-1392086
39608444
-8300036
-32544475
-43431525
-270511269
23841026
5707252
Not Found
42573216
-17485273
-19077688
2192447
16901558
21159036
11953201
81851061
-7734711
-4836158
-37602965
-24591846
-3602275
58796969
-8517362
2626246
-58786787
14654472
30258189
Not Found
-42769168
-4716025
20037705
Not Found
9739121
-81058123
14465924
-9750499
10763108
84984516
-446920
3367601
Not Found
Not Found
Not Found
342663
-3933933
-1526499
-13018037
26199701
-32537490
19548203
-2804828
-35151346
Not Found
Not Found
Not Found
-13424322
-2211051
3863388
25439490
31928720
20342580
-5096898
28834351
-4572769
Not Found
-12695373
28084441
1620700
40077593
-15908306
Not Found
3224830
-15693619
-5919487
Not Found
-17573451
-14128234
-49091949
6508822
-15739227
-14775524
-41778708
-11416302
25439490
16502653
-2313160
26831664
79631
-5463964
-41778708
94772554
13869536
-10746183
-1695762
-14775524
-7477530
Not Found
598340425
10701172
42812735
-9658884
7673785
-17789323
-38681289
-30151584
19821885
-6190015
-7639109
-1028509
-32460736
-21842476
Not Found
-6244269
5166750
-49505087
1036311
-4119891
5490188
18542087
-6052726
-19519253
Not Found
Not Found
-2624058
26339739
75035009
8109359
-7462704
9881338
94772554
23914132
-18700896
-10852796
2192447
37267018
-32105528
Not Found
-5384327
15502350
6724622
-13018037
Not Found
-5575048
18713709
1054332
5643446
-6478388
-6820501
Not Found
-12907682
-4836158
12103380
-18700896
5402951
-11463057
-141577684
23864134
789456
-4392228
649447
2046133
-34110872
-843276
-48994891
22583128
-10852796
11852765
1195920
-37773915
28084441
5691173
-2026301
-7614953
-4716025
30724948
33494856
6444270
1239765
-13239644
16935993
4851630
42812735
-1962836
10109136
Not Found
-14949396
27149970
-24086101
6014955
23367373
49544363
26831664
-4936393
-21516629
1189746
-11007392
15945231
-49091949
127507
8459684
-4825598
-23055887
6396243
2731020
27341945
42131525
17930445
74603073
7137742
35711020
-11092612
Not Found
-3147111
9507432
282541639
Not Found
30614301
-9374441
-13717212
5427386
3401911
2147777
-15679618
-17789323
-46441279
-41778708
-52721963
16278716
29447844
Not Found
-2659821
14198083
28834351
-84187630
Not Found
-8565239
5250022
22583128
Not Found
-34929943
-6585625
Not Found
-6501723
23651751
14198246
22211077
13081507
10736102
52234491
12240640
-25214161
-1071745
6681023
-4651718
-5490369
24448430
Not Found
34825102
17711288
24407090
30535861
6745342
Not Found
-48879
-25820745
9123335
-37602965
894001
15845976
3401911
-730387
-6501723
-434171
3073572
-5220092
-6806964
41533074
38614013
7197773
-605308
-9056864
-18204793
16116586
-1369432
-21357636
27149970
28567275
28084441
7179632
Not Found
Not Found
Not Found
40133836
1567248
-8458847
-3570437
40274566
-455353
-10443449
-8101671
1189746
Not Found
18399478
-13550005
-8060838
-7009567
16469931
12572026
Not Found
23651751
-4441906
-18587657
9295479
Not Found
27014287
21136259
16469931
-35577491
4078496
22211077
1796103
-39409859
-6294963
-434171
Not Found
-12284147
Not Found
-50143855
Not Found
15845976
-34929943
-18204793
-37750139
26831664
20297774
-37509446
-11923194
-29613729
-23055887
-29054231
10701172
Not Found
-6190015
10109136
35711020
-2313160
-8458847
-132235416
-31721616
14360622
-884088
26009726
-3377088
25844637
-10088752
-6052726
23914132
-7614953
10231224
-2887293
-9610222
8989786
-3662053
-6190015
-29017737
-43350642
Not Found
-37493177
2595705
1232252
4892114
Not Found
7396669
17930445
15960776
Not Found
-6723380
-4572769
-6052726
-3821724
74603073
38173904
-3136354
-3662053
-2751923
7238172
-3568746
-4939629
-2659821
-9530153
37267018
38990828
-4135227
-4846011
3022844
2373326
-4278298
14455489
-6969423
-11811839
-4716025
13020814
-5945715
-2711167
10763108
-47220275
7075367
55103408
-13143544
-39409859
30696058
-21758583
-3662053
14360622
-7541156
Not Found
11652842
-32537490
1971339
2581789
4719944
-37750139
31545037
Not Found
7140989
-7367868
43926201
-11007392
4813443
-11811839
-17789323
-498668
42812735
15752254
-915707
39608444
1472713
Not Found
18751683
32478823
-12582564
74603073
6311326
-8458847
12947170
5736291
14465924
18751683
11953201
5025323
27149970
4022515
6670
-37750139
2626246
-2313160
-14114778
-18700896
55103408
-41907986
342663
Not Found
-2425795
Not Found
33514621
6447083
30724948
14198083
9378810
15270228
-43232942
Not Found
-2945780
-2905517
8920487
-6190015
7459856
3717730
1134366
6724622
8793375
-9821320
-222734674
-2751923
-8101671
7716823
Not Found
26199701
-12074357
9681083
10427269
-4550487
-12907682
Not Found
8608045
-775007
-21357636
-42148580
10400829
-27025071
-2751923
17022200
21985937
-6198694
-10852796
-48879
-17571567
Not Found
-6585625
-6146900
Not Found
Not Found
4661631
-3015206
Not Found
61395047
16283972
45650113
-2804828
-31185590
5303805
42812735
-50740264
6444270
-11725833
-14114778
16233209
-8565239
-7367868
-12924977
84984516
15254010
-145589
-1695762
21655087
-7477530
-9148726
Not Found
-3852499
-26722076
-7477530
-59046526
-4121693
-9558142
-8934534
18429751
-920283
Not Found
18542087
20037705
-4846011
27341945
-283899
12572026
-36404993
-12924977
-1387463
Not Found
-7009567
62120378
Not Found
6604693
20179257
16778041
23722937
5227875
-10088752
20806235
9580906
-2708434
Not Found
39747426
14360622
Not Found
10596771
-37750139
-11516103
2846603
-313211834
-3827599
-30151584
30724948
-24266175
-7518244
16222358
8568999
36612804
-13424322
-17286881
23651751
27014287
-9658884
23914132
16469931
-12609099
-6504195
-6969423
9120803
-6444378
-4702448
-2313160
24448430
-28745093
-5557090
598340425
Not Found
19554615
12154718
19370473
2221755
-59901445
6155526
-6190015
-3797145
375653496
1432193
-30151584
-15382803
-141577684
1307180
-8061009
-2026301
-1392378
24103277
-3817201
8465545
-3570437
42573216
Not Found
Not Found
-31152236
Not Found
-15389043
8582851
8313292
15502350
789456
9454015
6976532
7197773
9580906
-66544
Not Found
329644538
30696058
17794529
-5270639
-29054231
6132180
Not Found
-66087607
12154718
23651751
17726918
Not Found
-103662646
14198083
-31556714
Not Found
9134531
Not Found
Not Found
3401911
6724622
23367373
7324146
Not Found
-498668
-3570437
-2470210
-605308
6745342
6444270
3308509
49544363
-11923194
-4572769
12103380
22583128
25724892
-18047402
56212097
1673286
1622376
443466
26831664
39054905
23651751
Not Found
16222358
10400829
-2135126
21422055
-5490369
-10443449
Not Found
15845976
-40514257
17753230
-7113805
-219107166
2023822
-3662053
Not Found
19922057
-4541740
-34073130
-12074357
6068651
-5151818
-2624058
6745342
26337915
Not Found
1818200
-15991812
32572194
Not Found
-6608334
Not Found
14465924
22384151
-13550005
-6585625
-4716025
14465924
Not Found
16469931
-15891242
10109136
37100555
10320404
Not Found
-132235416
10176891
9120803
-14028294
Not Found
-32969383
-366389
9678516
9480352
15607590
36319221
15254010
-1423956
-11402680
61676559
Not Found
-29023618
45650113
-122702
3218072
10539669
7140989
-28425504
-3138223
-9861632
Not Found
-28485933
2785892
-13550005
12151708
7913206
-537373
-13927172
7905030
2389761
Not Found
-3087256
Not Found
22384151
2078280
-24266175
-8218356
5227875
-6241903
Not Found
25724892
7032363
42812735
-5514952
10231224
-48879
9104998
Not Found
-38586577
-3842183
Not Found
Not Found
2846603
-10852796
-9277047
10596771
24609148
8465545
-3514065
20806235
-11305785
30614301
-7477530
7428243
-672763
-12284147
-10746183
53163380
Not Found
Not Found
23651751
25439490
23914132
-7009567
25439490
Not Found
Not Found
-1423956
-18195132
527116
-5207532
42131525
10320404
-23628631
Not Found
229563496
-55118557
-2931397
40274566
Not Found
-1532520
-6504195
Not Found
-42769168
19629996
61395047
-8243981
-34372532
26199701
17017586
-2063658
20342580
-59901445
Not Found
23580680
Not Found
-11007392
45650113
303922
1343829
3781847
24184072
Not Found
9621951
8139186
342663
7716823
-24266175
Not Found
Not Found
20881306
-19432553
26339739
23985536
26339739
Not Found
-5267015
-7541156
-8339133
23405459
5183658
Not Found
-9558142
3813739
6862574
Not Found
17753230
-2455566
-7367868
-8243981
12103380
-13424322
-7413949
-3908524
-6820501
637028
6014955
-3138223
9580906
46157592
-12284147
13869536
11376161
1307180
Not Found
-12907682
Not Found
Not Found
-3151280
Not Found
2423575
-3662053
-8420859
-7521041
94772554
-43532813
-41778708
9580906
-10426898
23651751
-23598517
5963349
2221755
14056639
6250374
3073572
1983011
5522536
10736102
-19453771
27341945
-12281360
-57013319
Not Found
4032973
Not Found
Not Found
-1423956
-13239644
18751683
5633606
-18344240
-4279673
Not Found
-38608893
Not Found
17711288
-4716025
Not Found
-13007326
12240640
-17571567
14002273
-2624058
6447083
10320404
-9558142
-38681289
-6945758
5633606
2931299
32478823
-13785383
57667029
2404585
3607285
-2692359
16278716
-132235416
-17189268
5963349
-9530153
57289149
Not Found
56212097
43926201
-270511269
16222358
-2755332
67174098
-6608334
-15046738
-3656073
76862803
76862803
4851630
-6880222
-36404993
-9460165
-34372532
Not Found
-1392086
-141577684
3839826
30614301
-2313160
582117
13543101
-3662053
-48694653
-47220275
-1423956
Not Found
-38681289
22583128
-14011053
19821885
-9075901
-27803279
14181118
8407514
-8243981
-5455572
Not Found
96138738
3022844
-9658884
15845976
Not Found
-843276
7418133
-35361654
-6723380
7318897
10147243
19554615
-6880222
-52721963
27341945
38990828
-13550005
-31467048
14261181
6015212
-56353937
-3358111
10736102
-6940774
-19985930
10427269
16116586
-19093601
15845976
-19118394
Not Found
16203059
12608299
18399478
87647
16278716
-18344240
-775007
Not Found
365009
3600525
-333750
Not Found
-6244269
27341945
-15189641
-9839183
1307180
-6716713
Not Found
16116586
-21516629
Not Found
13869536
-6501723
-11031883
3135728
42573216
-2804828
6714162
7705060
-49091949
-31467048
Not Found
Not Found
17794529
7140989
-12077197
-25820745
Not Found
-13143544
14181118
Not Found
-141577684
-32537490
2169001
3781847
17711288
-2301704
1567248
1229220
3221495
9554188
37647853
-88152347
28084441
7913206
-57013319
17861671
8562296
-3570437
38173904
8562296
8139186
12318681
21796915
-8300036
38173904
-15107191
-2905517
-23298047
20937852
Not Found
14198246
5863106
Not Found
12078444
Not Found
26337915
38173904
4603547
-88152347
62120378
75035009
43876875
Not Found
Not Found
Not Found
Not Found
-2624058
-12791864
Not Found
Not Found
-5207532
Not Found
10320404
-25820745
Not Found
-8517362
95201225
16222358
-38681289
-5466966
9824880
-13827056
Not Found
-17376040
12318681
-25680751
2626246
-16152577
-10361520
5247090
894001
-42769168
Not Found
34958241
23796816
Not Found
6010326
22470821
3880435
-265499701
-2902398
Not Found
-9456283
-222734674
3401911
4851630
-44484366
-15189641
-29613729
20037705
-2895000
-11092612
19554615
11985558
-49505087
-4702448
-5520443
56212097
-12452310
-5296017
Not Found
-10852796
45345316
17561213
-2086342
3136241
32385614
31545037
-5198014
-6880222
-8044385
-11402680
13022531
Not Found
-13996567
9518178
Not Found
1492166
2581789
-7718335
30272682
34145367
-13550005
-5752934
-4846011
-96091441
-7477530
1189746
-1435491
38173904
15945231
-21842476
3218072
-13183829
7200210
-32460736
-41778708
-11416302
2846603
-3048644
-13204657
34145367
-13183829
-3056723
-28425504
-106386516
-2751923
4046259
21136259
19821885
18713709
Not Found
9600947
19370473
-7009567
-11287424
47563465
3136241
-6723380
-8300036
4191690
-26257024
21136259
19457879
23914132
8568999
-8565239
-17485273
-7734711
9187425
1472713
-22358872
9580906
-3033987
-5296017
28084441
26097419
-48879
-26257024
8498941
-13877854
Not Found
-32969383
16901558
425168
-42749196
375653496
-14128234
-7734711
Not Found
7716823
Not Found
-19077688
-8153558
-17286881
-23685172
28008760
2188822
-26486235
-7860773
-69508
-6815911
17794529
-12609099
62120378
7396669
5266974
-13927172
375653496
9681083
-24497182
58330684
19837746
17753230
5533763
Not Found
25648
-28485933
-38681289
7032363
-3602275
Not Found
-498668
-37418217
Not Found
19457879
1012809
19191237
-6190015
-23598517
-34682302
-38586577
18751683
27902648
2078280
32478823
-26559409
3322075
6976532
45650113
24361098
Not Found
21159036
13360160
7459856
-6969423
8753283
13602621
Not Found
Not Found
-1423956
26199701
-3136354
13280386
Not Found
-25205274
-145589
Not Found
329644538
Not Found
108952639
15845976
-13183829
-9440370
84984516
-13182811
11244429
Not Found
43876875
894001
-1423956
16901558
-9610939
21268439
16222358
-27803279
-17189268
12572026
Not Found
17995324
6444270
1622376
36319221
-6279238
23527959
3781847
5627248
-5270639
1241220
-947438
-9333085
-3426436
21985937
21422055
-12133153
5627248
85936565
Not Found
-42749196
1564488
2484452
75035009
8719046
-26559409
2125765
8588551
Not Found
-4684971
Not Found
-23298047
-35577491
-4684971
1567248
32572194
-7818635
-31152236
39579001
Not Found
-32460736
-25214161
-37006340
-11366434
-3136354
28008760
21261875
-34073130
13020814
Not Found
-11725833
-14949396
18713709
4497645
-132235416
23580680
16469931
3781847
20266327
-43350642
7697823
-1423956
44266622
-182982
Not Found
45650113
16901558
Not Found
-8472735
42573216
Not Found
6038599
2803514
16116586
4975991
1189746
10427269
-29663593
Not Found
5221359
23463175
7140989
-2751923
1439084
28567275
-10746183
4759910
-8458847
14360622
12103380
19370473
-12791864
30058275
Not Found
12240640
11652842
-35769857
3136241
53163380
39487022
-446920
-265499701
-12077197
10147243
-18212269
-1941218
16901558
-37418217
-4651718
-775007
16469931
13360160
-93706528
55224568
Not Found
Not Found
8801542
Not Found
-2751923
-43350642
5245733
27341945
19554615
24448430
4342397
Not Found
-26168749
56212097
32478823
9151238
-26168749
-13736874
4216330
-13736874
Not Found
-29054231
30272682
Not Found
-15382803
Not Found
Not Found
-14820150
-5321951
26199701
3224830
Not Found
-66152919
-5670245
26831664
1220438
-2804828
7418133
-4362720
Not Found
3142906
6673724
-59867952
-23652988
108952639
-32537490
18463180
-6545201
-16842952
Not Found
8465545
-8300036
26869280
Not Found
-45353609
-38681289
26869280
-4064385
342663
3180531
-48694653
2078280
3022844
34825102
-48879
56212097
39608444
21136259
-48694653
-6815911
-14114778
61395047
-55118557
-2455566
-18700896
-28003685
9253470
6444270
3126750
Not Found
15534362
-4186383
49317918
-55071479
-3608561
Not Found
24331994
5393011
9681083
-66087607
-27803279
28596101
Not Found
-17485273
-969783
-35577491
1976860
-13717212
-5675967
-21996474
-13018037
-34929943
7532088
1567248
-32537490
Not Found
7046059
29447844
Not Found
-6190015
Not Found
9187425
7140989
Not Found
-11092612
-47313695
5633606
12572026
-4898962
-91221176
Not Found
4842760
77437628
1483874
1002350
85936565
Not Found
-59046526
Not Found
-29054231
-5207532
Not Found
-6139494
3172867
34958241
-58786787
-29017737
-28246558
-10088752
49650949
-7469902
12318681
Not Found
-6770184
25456836
-29054231
-39409859
20342580
5634042
Not Found
Not Found
Not Found
-9456283
28834351
6132180
30614301
-41778708
3813739
-13007326
3073572
-7009567
30258189
-4109061
49650949
Not Found
-52721963
-26722076
54338039
10320404
-2751923
-15693619
Not Found
Not Found
Not Found
Not Found
40274566
-2931397
-7614953
Not Found
23651751
26339739
-9530153
Not Found
-47197683
37334404
21268439
42573216
-4716025
8564159
18429751
Not Found
-1497304
39579001
-17815681
-4148028
-32460736
2643193
Not Found
-15908306
-5391717
37843659
-32460736
33514621
-96091441
-11092612
-6241903
16233209
6068651
Not Found
5227875
-32460736
-2800897
16502653
5088194
-48694653
22384151
-2086342
4771889
-36322876
-3925838
-11725833
-11402680
-28745093
Not Found
8139186
-640310
-11725833
20342580
-23131934
57289149
-3147111
-32105528
-1743192
Not Found
-1435491
9824880
Not Found
9554188
9386830
17861671
-3602275
-2701574
-3769329
-6969423
-7734711
-2905517
25456836
16203059
-17376040
-69508
8719046
-363916
-9530153
49544363
1307180
23722937
3781847
14711609
18213007
17753230
-9440370
-14114778
-9393275
-10443449
-1545234
4032973
-31152236
2535658
25439490
Not Found
11354535
13280386
-3602275
-13204657
Not Found
-28764221
25456836
9881338
-2579123
23384443
-36031039
31928720
15412553
43608437
Not Found
9459856
-12695373
-17128414
-6244269
Not Found
Not Found
-13717212
-45353609
-21516629
-5662355
3350210
-13717212
-8565239
2626246
39054905
Not Found
-11811839
7415913
24184072
-12467725
Not Found
61395047
17711288
47563465
Not Found
-37493177
-12074357
3202416
4939483
15502350
4173901
789456
48805718
-141577684
-34929943
-7289686
15752254
-17866241
22470821
Not Found
-32537490
-19952826
16901558
47563465
-26486235
-247165
30614301
1971339
-8556282
-11007392
34423891
Not Found
10400829
39608444
-20894828
6355836
Not Found
-7518244
Not Found
-781350
-14842693
14360622
-9658884
-4684971
9185471
-41778708
42131525
4723482
11813990
-3925838
-3471313
Not Found
-4539184
2535658
-36031039
26339739
-3662053
-18587657
5679301
-3570437
954405
-29613729
15945231
12578299
Not Found
38623806
9824880
649447
5227875
17794529
-21357636
8313292
Not Found
30272682
2581789
-6190015
7902261
20472265
-43232942
-8153558
-6241903
Not Found
-8024620
12103380
25648
26337915
-4543530
-66152919
Not Found
14198083
2278128
789456
-455353
-13996567
Not Found
8634159
23172716
6490050
20179257
30614301
-3949253
44266622
2674818
10369764
-9333085
-18047402
-1390730
-48879
7190627
-28425504
Not Found
18869767
-9891495
-18344240
Not Found
-19118394
-24266175
Not Found
9881338
-7734711
Not Found
-36404993
-31556714
Not Found
10701172
23651751
8183745
19924012
-8024620
Not Found
-2026301
-24266175
-11637943
-11402680
14811529
85936565
-21357636
38169115
76862803
Not Found
-43431525
-6241903
8313292
2703274
-16152577
-13550005
-29613729
-2799152
4851630
649447
19370473
-53267125
-37509446
34825102
-6969423
-19457437
-8945360
30724948
-9443969
21809859
6562240
-6501723
-11007392
-9747335
17930445
Not Found
Not Found
-11416302
-2135126
-5118556
Not Found
-10852796
23734803
-21357636
34958241
36319221
5519890
9120803
5314084
34825102
30272682
-11626698
27014287
32478823
-3852499
18751683
1971339
16469931
-10955706
895357
35159502
6444270
-31152236
3616506
-1153076
Not Found
Not Found
17995324
-8002260
13198973
-8024620
-16883059
21261875
-1541889
1276495
-12284147
20266327
3169208
-13956961
Not Found
6577335
17930445
Not Found
-8300036
16469931
-9440370
26977312
10109136
-2135126
10736102
-66152919
-23652988
4395092
95756
-13183829
16116586
-4392228
-7113158
14198246
81851061
26831664
Not Found
-32537490
17861671
-17485273
39054905
-12695373
17022200
56212097
Not Found
5532529
28084441
-32537490
Not Found
12524768
-4186720
8568999
-12467725
-4119891
35159502
Not Found
25724892
-32105528
25439490
-93706528
-36404993
-45633195
-12281360
12103380
789456
3781847
-2751923
-2640300
-41907986
-6501723
-6241903
-3222149
789456
26831664
35159502
-58181425
-14774174
-12791864
206351944
-23055887
-19093601
-4846011
-3033987
-2804828
16278716
-4392228
-24266175
-455353
Not Found
2221755
1818200
6976532
9627195
-32416250
-28764221
-9616368
-107085833
23580680
7459856
12947170
24448430
94772554
-967614
-12284147
-498668
-33071335
4902007
1622376
-9658884
20266327
-23652988
-34929943
Not Found
-17789323
22211077
2278128
Not Found
5627248
25413393
39487022
13543101
-6806964
22583128
12103380
61395047
-6969423
2803514
42573216
-4716025
-59901445
-23598517
-14775524
-23598517
5227875
23463175
-2974917
Not Found
Not Found
-5827829
-31721616
-3662053
Not Found
-31721616
5450673
-39409859
-7747121
3455337
42573216
Not Found
54338039
-37418217
-2245180
16778041
20342580
9627195
17822375
12164436
6132803
27000630
-1392086
16469931
-120183
2192447
19837746
7862063
61676559
-19457437
26199701
8568999
Not Found
Not Found
-11048320
25456836
3136241
-7734711
Not Found
Not Found
Not Found
-2910843
-15238748
-40514257
-21516629
30614301
-41778708
-7477530
12164436
-748300
-40514257
23670281
-2755332
-12133153
12578299
42131525
-1265300
-24266175
-2313160
-12609099
-290253
-8111284
-8936615
Not Found
22583128
-14774174
-20473605
Not Found
-31467048
9017098
4815163
6181820
20037705
20266327
-15693619
-8060838
-16152577
19837746
21985937
23172716
28834351
-32105528
50206468
-12907682
7428243
8568999
21268439
Not Found
12318681
643940
-7860773
Not Found
-37602965
Not Found
Not Found
27341945
8459684
-1265300
2389761
-4572769
39579001
20801988
28603158
24729414
-27803279
Not Found
5948703
5299532
789456
Not Found
-843276
11852765
20806235
3136241
24361098
187487928
Not Found
16116586
19370473
39346061
-7545657
-23055887
-11250735
-6239528
Not Found
308573
79691002
27014287
-66152919
16222358
4077205
8047123
-14775524
-13424322
Not Found
21985937
Not Found
Not Found
-6241903
17753230
4476960
8313292
56212097
-3136354
9945110
-38681289
3476622
-15596857
Not Found
-1702262
-47220275
61395047
-727794
Not Found
-16842952
19370473
-38586577
-3138223
-843276
26775549
7999997
-36031039
-7367868
-29663593
-3760888
-61140952
-20894828
13869536
-9307709
Not Found
20413162
Not Found
21985937
-13705939
10736102
-43232942
14360622
32385614
3141191
56212097
-13996567
2844677
-10088752
20937852
Not Found
-32544475
25724892
Not Found
-14775524
9459856
-9436636
16901558
-8607233
11354535
-7169134
-57324847
2626246
19837746
-843276
-14114778
Not Found
-29023618
-4641264
16469931
-1746186
-106935
24407090
26831664
-265499701
2581789
41606907
43279262
Not Found
37267018
-48879
-30431245
-21357636
1343829
24184072
2135172
Not Found
7802044
23580216
-3147111
24729414
6607106
7063884
7140989
Not Found
3897011
-15908306
-5064968
Not Found
-5505904
-19093601
2202686
-47197683
37334404
-13785383
-6631011
1036311
11953201
-4279673
35711020
8465545
-40514257
-9071420
-47313695
-4350263
Not Found
-265499701
35711020
30258189
7140989
-10746183
1398990
-8565239
-8119993
-4684971
3547659
Not Found
62120378
649447
-56353937
43926201
2404585
1567248
37100555
6724622
6355836
9627195
-59901445
1622376
-1592142
Not Found
Not Found
21796915
Not Found
-6969423
28603158
-9065593
Not Found
10736102
23914132
50206468
9424142
1432193
30535861
43876875
2626246
428100
6093693
12318681
-2135126
8663425
22470821
8568999
-12452310
4032973
6976532
-56732460
-12810693
-17189268
1432193
-7471040
-11007392
Not Found
3239477
Not Found
56212097
36612804
1622376
79691002
-9792509
23580680
18213007
-2245180
1214017
41606907
746681
28596101
-14141447
-751280
1189746
-39409859
-2624058
Not Found
32572194
3744025
-290253
Not Found
16469931
Not Found
-13550005
-7734711
-4716025
Not Found
Not Found
28448652
-8179476
-9906539
-27766936
-9530153
36612804
20220643
11852765
-8300036
-29663593
39747426
-29017737
Not Found
23722937
16778041
6976532
12103380
-7414083
Not Found
7488645
-5790928
20937852
17794529
11244429
-222734674
Not Found
-175006002
52234491
4406771
-7113805
-28003685
37843659
9824880
55224568
-8864540
18429751
19629996
8926063
-34073130
Not Found
282541639
6447083
25780059
-8177590
13022531
24184072
-2734435
-8101671
Not Found
76862803
Not Found
-222734674
-26257024
187487928
39054905
-39328408
43922514
57289149
-8985647
7418133
19457879
19457879
Not Found
-12374137
-32537490
15941116
9580906
Not Found
-62527189
Not Found
17861671
-3706936
38173904
-2865206
-7477530
53163380
-10088752
-44484366
Not Found
Not Found
-39411487
4665601
21268439
-5720205
Not Found
Not Found
23985536
18751683
-8300036
-21763353
34292540
Not Found
-11626698
-31152236
1673286
-21516629
-2313160
Not Found
3239477
21261875
Not Found
-28764221
-39409859
331053
8037846
-885871
1432193
3218072
14198246
-50740264
-7042270
-6190015
-12609099
8173425
-1734872
-3662053
-4684971
31994128
18869767
10427269
-1277947
-843276
-9990697
-13064900
Not Found
30614301
Not Found
20037705
Not Found
3752974
Not Found
16278716
1316082
-15739227
-49091949
13020814
44266622
9881338
87655344
Not Found
-35577491
-17758460
-19118394
26515822
-8927425
75022564
-28246558
598340425
Not Found
-18587657
-8909521
-3122436
3781847
-55118557
20806235
9295479
32478823
2046133
-47313695
-11809923
-37773915
-6723380
Not Found
-37750139
11244429
30614301
-3925838
Not Found
-26257024
Not Found
4760458
Not Found
26009726
-32416250
-66152919
2192447
28567275
-28246558
-22143351
-8936615
2078280
45650113
-11416302
-47313695
19922057
-19985930
43608437
-2313160
-18344240
-32969383
26009726
-23685172
-14114778
28448652
17022200
1733668
-7367868
14711609
9881338
-17571567
9183154
5367734
16233209
-25680751
4639100
7179632
-13661769
649447
-55118557
-8300036
12572026
-3033987
-4277607
-12964150
15941116
39487022
-132235416
-2307791
12151708
8037846
-15382803
18720724
-5030337
-24081306
-6444378
14360622
18713709
Not Found
8235631
-2694457
Not Found
-4106060
-48879
Not Found
21136259
Not Found
-9610222
-5198014
16116586
-6820501
-5153731
21261875
21422055
35664789
-18047402
21136259
-8053738
25724892
20037705
-12074357
-6299053
23651751
-2931397
-120183
-32544475
-3821724
-354051
12572026
12608299
Not Found
Not Found
25456836
-88152347
41606907
-4458391
8926063
16901558
-29663593
-43232942
18751683
Not Found
-42749196
3172867
-8024620
25780059
Not Found
14811529
-8235697
Not Found
-19763855
-105340258
23580216
-1738956
-28764221
-2291196
2150822
Not Found
-36624444
-7614953
-3829355
24361098
-23685172
-22143351
Not Found
-8300036
-10746183
-11402680
-2755332
-66152919
-16570642
18213007
12164436
-17286881
-6993648
-4898962
11244429
2803514
-20296876
-9679965
-8300036
33514621
-34073130
Not Found
42573216
21796915
-9277047
4639100
7344492
5609007
-28198477
23153515
-2887293
-9309593
-48879
8401362
13869536
Not Found
-7614953
-1956440
-3646100
23029909
-6052726
1159691
-884088
39054905
39608444
Not Found
-52721963
Not Found
15254010
18751683
-265499701
Not Found
27000630
-5146445
Not Found
-145589
-19093601
Not Found
3319473
8139186
-6449574
-41778708
46336744
-9658884
20220643
-61140952
49544363
-13454297
Not Found
33217311
3876483
32385614
17022200
Not Found
25456836
9183154
Not Found
37853733
-10088752
-11923194
-26462082
8801542
14711609
14198246
-93706528
-12907682
22583128
19191237
20297774
-47197683
26002533
-3147111
6230512
-1820965
-19519253
-3570437
-26486235
-13424322
23527959
15607590
-53267125
