-18607149
43804545
-18087675
26240368
2747005
Not Found
-2236884
-5501258
21691735
Not Found
186099
-45926728
18006843
26444850
2747005
-13184240
-19641289
20556419
-5578561
-45890373
-16591545
-27673555
-8249678
31756907
-6805834
3738508
-39175398
-18636042
12326052
-5226132
2002693
-6188099
26092933
-8069249
-10789517
16973608
5743265
-35237663
32070131
-22972496
-10005687
28376939
7790047
-6242209
8630175
753804
6090065
-10817397
9573733
-12047574
Not Found
Not Found
41588118
13302390
-9595503
-38211516
-76815091
11281859
6371810
28376939
Not Found
-6295170
39644874
38894841
-2561924
Not Found
11281859
3867395
47913300
-25417548
Not Found
Not Found
Not Found
-2561924
45972749
Not Found
20067574
Not Found
13951564
-7150428
-9594719
-5581617
-1602121
28376939
-18232803
5833375
39918180
28376939
-66836714
-5543370
7040158
-1412585
-19781569
-8097102
-5226132
5508435
Not Found
-30228674
-38445445
-26771326
26768808
-6041482
Not Found
46046516
7591931
-13462645
23776612
6204202
-30913779
26201485
4495700
Not Found
11963479
Not Found
-13394022
5063429
-3440773
40661603
Not Found
-4026555
25187286
28895652
Not Found
-5857652
9152777
-4434468
16864481
Not Found
-4425758
2462542
Not Found
-21785604
37240166
26454851
8155671
-2839389
24841848
-7770946
-5001589
-30548006
8462290
67514902
1289232
Not Found
-15906576
28703695
-36119422
4064421
Not Found
Not Found
20917602
85862546
-23160427
48482281
-14971805
-15931540
20556419
23377368
Not Found
31120205
-19641289
26201485
6443221
4625904
-36308293
33020597
23377368
5405399
16764787
-37980252
4067417
-3618234
5654959
-14111821
39918180
-7444555
-25475318
-32104460
-7510032
6161803
62170409
-1602121
13669887
Not Found
1906555
5492161
-21603235
-5309783
25105856
Not Found
20067574
9117740
-5130243
-11957861
-45119667
-5679291
8662490
-41129114
Not Found
-12950988
-6840553
9286345
-1551234
-20300965
-17865480
13302390
8273949
-37813805
-52492259
-34790839
-18286703
-38404243
2837080
2462542
-6809414
4812397
-33925581
-2945354
Not Found
-26577915
1829522
64636140
9788675
-6415879
-104279607
5797325
-24863599
-22726811
26240368
-12797246
11390397
47913300
-4154784
-34723717
-22184061
23426040
44161636
21375387
-856544
-124984
-35646405
6443221
38894841
20719307
Not Found
Not Found
4101868
15570268
-56626131
-4737938
Not Found
5211376
2215510
-11886911
-31556487
3076617
-96578637
28155891
-3918300
7693342
-38658375
2002693
-3531044
17189406
-1158073
18178061
15335412
23192867
-12182305
23426040
-254249043
-18607149
-56842926
5484773
Not Found
17846340
-28858238
Not Found
-19814047
5204514
Not Found
-18232803
50482030
Not Found
-21020818
-6032317
2945779
-2559941
-4052822
25187286
26092933
-930977
-7903784
-52896884
Not Found
-482054
-23822393
-4266170
12528615
42244664
Not Found
-13706793
6246323
-5151850
-29054585
35871233
2791951
Not Found
-21148409
-4428449
-20894549
14477282
-35415189
Not Found
12966897
5519093
-44638309
6583756
-2097278
-12950988
12357472
-20818120
-7024402
3986018
12660183
9152777
Not Found
Not Found
-39175398
2462542
-8330663
1000994
61316036
-11957861
41477447
-7839790
6485701
-7359361
-370431
-18231750
-40626873
9731354
-5325064
46046516
33020597
-27519171
-17892309
69150883
-13909552
-1710797
-21768248
2669758
12660183
-12855533
32070131
21375387
-39320081
15012368
-1602121
-45926728
-2426638
3083498
-2561924
Not Found
13807073
-66337602
-8105663
-16838623
-19051139
Not Found
26454851
-9752246
-19641289
27228413
23249105
28895652
Not Found
26849726
2837080
13388443
-19393777
-12619329
26454851
60953851
77028769
-11196337
39765101
-2097278
-21148409
32100413
40330176
-26816414
-2409132
-28858238
-4375643
-4858794
-6984448
-34790839
-1167236
13657034
11843784
16864481
38894841
-8880913
-20894549
-18232803
-8151631
-55019360
-3072645
62170409
46960300
1230313
-13837755
1477855
Not Found
36954730
-6928756
31942711
Not Found
8831689
-4961852
-8428379
4294586
-54123377
-13032352
40314514
19883306
2328562
Not Found
-11414026
-5529464
Not Found
-27161530
69247187
26979698
64636140
-2856729
-21149210
43804545
47913300
-39320081
-30543854
Not Found
-39250174
23679551
Not Found
4197881
9788675
-6625141
7175973
-19814047
2791951
Not Found
45972749
25885673
-39320081
13790654
-20300965
-58018356
-2478385
-42756317
26092933
17591031
Not Found
15463529
-48461639
1579483
Not Found
-38252090
-17438981
4064421
Not Found
18707172
Not Found
23435028
-8355580
10790921
2765129
-15982376
33917322
26768808
Not Found
59013466
-39997995
-19160297
Not Found
Not Found
-60436006
7968189
4916967
-59722035
-23395478
12274146
Not Found
33827930
25187286
-11028770
57027713
-5097742
7742012
Not Found
3906797
28832061
10479313
42427298
28514314
-5713391
-29054585
34976604
-17865480
10552391
1000994
Not Found
7054616
-21768248
-21148409
6905520
13669887
18003562
-18232803
-21385466
20151459
-7510032
-47522029
50482030
Not Found
Not Found
Not Found
Not Found
1077811
-3167260
-1139188
Not Found
-19814047
14547198
40330176
Not Found
-1193264
3935071
-2097278
-27129377
64636140
-27632425
-62578764
5949240
-8738790
4702075
-26771326
-7359361
-11387440
16281219
-19051139
19835368
Not Found
9024153
-30548006
-1602121
-5516928
23708016
-2559941
-66836714
-17892309
9469425
Not Found
-44598727
3902008
47097371
-17773600
2328713
-4591975
27407380
-38252090
69247187
12357472
19329989
55195080
28376939
Not Found
-5501258
-5330600
-18826846
609587
-66337602
-6335710
-45119667
2837080
-21358857
19287031
Not Found
3616685
3427819
-4434468
-9239598
1962791
-30895799
23426040
28514314
Not Found
41477447
26928340
257015
16558223
-11249736
45972749
Not Found
8539896
-29439579
Not Found
Not Found
19329989
-15996776
-32104460
4104903
22227349
13104278
Not Found
-23721897
-22184061
64636140
-30930585
-21785604
25100305
9650313
-17773600
12326052
-4992192
Not Found
Not Found
16281219
-3584680
-3618234
-5640163
Not Found
50353380
-32104460
Not Found
13421928
-26577915
-17865480
9731354
-19781569
18047847
-22860109
-19641289
-12083451
7968189
Not Found
12660183
Not Found
-26577915
20480618
28366942
60559420
-15996776
-17773600
-559693
36952388
Not Found
2982427
-10407708
-6900443
-10904704
Not Found
-15990641
-29054585
15044383
Not Found
-38015408
15493320
-19160297
-11387440
-6041482
-2561924
Not Found
-7242615
15012368
-18607149
-50240341
-5226132
-24136878
-37831598
-34723717
-289150
Not Found
-47807059
-3579506
-34721863
28366942
-19814047
2791951
34290988
-402235
24671838
-2632033
-45926728
Not Found
36954730
-35237663
6583756
-5501258
3986018
Not Found
27404574
9431867
28376939
Not Found
-45333782
Not Found
-10552444
Not Found
-10966837
-36119422
35871233
Not Found
-29051809
1289232
20067574
23708016
27933678
-5676125
40152246
-23869257
-19734520
6699985
11179132
-13394022
-1921405
Not Found
9599766
-26771326
Not Found
47913300
6443221
-25521978
-55019360
Not Found
9535970
1579483
-7831693
-24178397
Not Found
4569947
Not Found
-34721863
-4425758
35871233
-3167260
-49502948
-45926728
-4609780
Not Found
-1439816
-30895799
20480618
3505345
-4230562
-52492259
36952388
2204855
31417640
Not Found
-13394022
-4266170
22574600
-41129114
40314514
2837080
-76815091
36349434
-20412959
4276589
26454851
Not Found
11287692
-10326600
6485701
-39250174
10572409
-6719482
-14111821
-12083451
-45056832
903864
-3778030
69150883
-19515686
1880575
10479313
-11028770
-745119
27440460
257015
6592485
7671721
5629064
26454851
1172280
-4059388
-21073057
-5325064
8831689
-9784306
46960300
2791951
-15906576
Not Found
1579483
696717
4066291
31996185
-8297480
-26816414
-153840572
40330176
13951564
3738508
43804545
23192867
-1235349
-28110264
-5283853
Not Found
6337418
51902773
25510717
6473137
20556419
12047277
7462388
-2559941
5508435
-4569101
-21218204
Not Found
-18547400
-36992472
-7623210
-27632425
-24165981
16540538
-1029768
5343611
61316036
-40626873
6786148
-5336715
-8229392
5240436
27228413
26768808
9731354
Not Found
-3336263
Not Found
-4455422
-22510042
-28241048
-21738472
45972749
9304521
-20241736
4524482
Not Found
Not Found
-9595503
35472670
-19515686
-1210319
Not Found
-6984448
11843784
25187286
-11269380
17460813
-30543854
-8069249
-45056832
-12454547
27472761
-17221901
-8697402
-7057599
-11886911
17979723
-76815091
-330543
-9297133
-3531044
2102500
Not Found
47913300
9837695
-8135781
-34769684
15470806
11313425
14882596
24841848
-22510042
Not Found
9288075
Not Found
-16929378
Not Found
26928340
-39250174
-52496098
-5130243
-44638309
-11957861
24669504
5403140
Not Found
-17773600
Not Found
10790921
17123421
27933678
-22184061
-58018356
-3513940
Not Found
-19502749
-105482
4569947
-22512833
Not Found
5405399
-9386525
Not Found
35230970
-6809414
12215666
-1950920
-21218204
34215998
Not Found
19587151
Not Found
8543154
-41943137
-8850935
-7359361
-2097278
27228413
-4513571
42244664
40368789
6204202
-41129114
-9230872
1971813
-38211516
Not Found
4172952
25510717
4612466
13951564
2670375
6997657
-8401837
-18636042
-13032352
-39320081
-6415879
Not Found
-6600521
Not Found
21403700
11495141
-50832325
-52496098
33020597
-21073057
25100305
-5543370
-12619329
42223384
20018861
7604298
9573733
-15437054
4730329
450615
-45926728
-8880913
-31019094
-18232803
-3334628
37437233
-52896884
-5330600
-27519171
Not Found
Not Found
-88036990
33827930
22676700
-11886911
1451637
1768911
-62578764
-77548255
-19734520
3788008
-6994280
Not Found
-42756317
10552391
1412471
24553187
-1321960
-6216508
17901209
7926969
Not Found
-10407708
-32104460
-16611489
-49502948
Not Found
18006843
605075
17846340
Not Found
9512440
-3276436
-4309031
-54442537
46960300
-50832325
Not Found
-463202
12472484
-18809873
2798760
9788675
-958180
44826414
-7770946
4064421
8435067
-3918300
66391525
-4154784
28514314
8362999
42244664
-254249043
-18636042
-45119667
-15996776
6997657
40532581
-2561924
-2342572
-4290667
-13837755
-8151631
-6863020
12326052
5921601
-802887
31270489
9469425
42244664
18178061
Not Found
-4455422
-3205317
-553602
Not Found
-22510042
-1343665
Not Found
-21073057
25100305
Not Found
1960109
-30228674
38741165
-8738790
-12377606
-5246866
64636140
-7038202
-17468117
37240166
1943892
198627143
-930977
51371704
Not Found
-15990641
-16352173
-77548255
-6020749
-9433314
10572409
6692320
1568530
-12083451
-23869257
6996366
19891380
13546365
48482281
-8032824
-29051809
-25475318
1925847
18178061
-30548006
7916033
3937625
4104903
-45890373
77028769
-2097278
Not Found
-10475039
-1602121
-12182305
-16929378
10572409
-21218204
-3167260
Not Found
-5905276
-8151631
21950338
-22510042
-28110264
-6746148
Not Found
64636140
33827930
-9743161
-4016733
Not Found
-7767285
-67408137
-5484147
69247187
-4609780
-17316520
41588118
-21348193
26444850
-28858238
6862929
-21385466
-1412585
Not Found
-40626873
31120205
-7359361
-33407927
-41707852
-96578637
188337
20556419
5405399
-44598727
11390397
2739768
-34405179
-16352173
27228413
-39250174
-5818649
Not Found
-14111821
-45926728
-13682415
7671721
-38252090
3788008
5849786
-21148409
-22860109
-47543543
-7678239
Not Found
Not Found
-21824953
-4522270
4395637
Not Found
-21020818
27664642
-77864225
-19158410
-28681706
-20818120
Not Found
2669096
22574600
40661603
26454851
-14137528
9341154
19329989
17591031
-4992192
-517132
2328713
34578128
20719307
4858268
Not Found
-6628207
-7259039
-7990070
Not Found
-5130243
-1465201
8876288
-56194020
32070131
-16591545
-14971805
-1989020
-26429695
6969085
31968774
28226314
23426040
-6335710
34354431
-34405179
3079747
-2430261
-58018356
15053245
26768808
31298064
-2846122
-38404243
-1487201
30678391
-32932708
7054616
31120205
23192867
-8069249
18178061
14173459
15570268
Not Found
-16611489
26092933
-1465201
-25019107
-8177924
16281219
17123421
-17473276
8343817
7250634
-33523779
Not Found
-10904704
-11318342
-1627901
Not Found
20556419
23377368
-8517172
15044383
18707172
27664642
5555423
-4059388
-5976040
628832
-18809873
6997657
3194384
4025604
48482281
-9245536
18006843
-8229392
27034240
8462290
-29317564
18178061
-2165483
-5983817
-19502749
16540538
28832061
15335412
-20894549
-8906128
Not Found
Not Found
-3584680
-5130023
31120205
-23395478
-45926728
11179132
7054616
148752
-33433312
Not Found
27376191
-45408872
-5578561
Not Found
16540538
42244664
16729373
-19393777
-28863506
47771235
Not Found
5063429
Not Found
16764787
12215666
Not Found
-17551760
4838270
-1412585
-34557636
64636140
17901209
12326052
-27129377
-17773600
6204202
11843784
1230313
-18826846
5204514
Not Found
-25417548
6443221
Not Found
-8470804
23192867
-34769684
-34004614
20917602
33020597
Not Found
40413615
1684236
19148251
8654640
-44598727
Not Found
7671721
4569947
3434349
15570268
-27519171
18350914
37240166
Not Found
-11551743
Not Found
-6994280
-9618618
-7444555
34290988
2739768
-6295170
-32104460
17591031
-59722035
6131453
15044383
Not Found
9731354
13277760
Not Found
5675545
-8016679
-15931540
Not Found
-42600528
2826325
-4266170
-49502948
2773856
-47522029
-2114233
3986018
-25475318
2837080
14661147
Not Found
Not Found
-28681706
-18286703
37370204
-17316520
21630089
Not Found
13174481
25100305
35230970
34578128
Not Found
-39888139
-62480531
-28681706
-7576526
-39078475
23069559
-37838084
4114737
-9428368
-17468117
9288075
3897145
37240166
-4266170
-1412585
25885673
11843784
-23869257
Not Found
-6556457
-8554573
1477855
-17892309
11775823
-58018356
4425186
-1602121
-3467015
-1104936
-9750884
-3977899
-463202
Not Found
-5161658
4916967
Not Found
Not Found
18350914
863361
12047277
8600072
Not Found
Not Found
7006614
4495700
-38252090
-13837755
Not Found
-49683411
-31556487
-5761248
8804642
-17316520
-34103272
2739768
5132367
-8760583
6658835
4542188
-31174793
26768808
28514314
-168677268
Not Found
6273630
-17865480
-104279607
1289232
-2559941
-16611489
-24863599
-8926332
31942711
-19814047
-27519171
3788008
27407380
-6625141
21691735
1579483
-3977899
-20300965
12357472
6443221
604873
-146808
69247187
-59722035
-4059388
-4425758
-9634724
-7024402
-45926728
2791951
-2097278
-41129114
-2099660
-45890373
46046516
33827930
16751269
-29051809
-36308293
22227349
-26621052
Not Found
6443221
64636140
9016650
30664447
7310798
-7005132
-34769684
-55019360
13546365
Not Found
-8760583
-5821463
8170482
-3778030
5405399
Not Found
-484469
45972749
7124415
-88036990
31756907
-6802065
-78754
17583543
2837080
2002693
70393013
2150816
-10475039
-35237663
Not Found
-10966837
67514902
-1797719
27440460
19587151
-12950988
-8249678
-47543543
-31787337
33020597
-62480531
14841275
1579483
-3778030
37370204
9288075
Not Found
40330176
28895652
-13706793
Not Found
Not Found
Not Found
-61727
-19160297
Not Found
4771939
-3414284
6473137
31159178
8040028
-6746148
-5187129
-6242209
Not Found
77028769
27228413
4730329
293182
-7571478
-12855533
-30895799
17979723
25885673
26444850
8511395
-986360
Not Found
Not Found
-7651505
-12182305
29293010
31159178
-21073057
2945779
55195080
6692320
-7641025
45659485
Not Found
-10326600
Not Found
31756907
26092933
8435067
-7417596
16540538
1696147
18644461
2142614
-17438981
9286345
-8760583
5566222
-37831598
7506131
Not Found
Not Found
4139806
-40626873
26849726
-11196337
Not Found
11843784
36028487
463520
-1412585
-17470507
-4309031
Not Found
-747959
45972749
-6928756
721785
40532581
28366942
-34790839
-9237338
3108519
-44779877
-19814047
5833375
-5516928
26444850
15570268
5622272
-36992472
19329989
Not Found
31968774
57027713
Not Found
Not Found
Not Found
Not Found
-12083451
Not Found
9535970
Not Found
-9978933
-12950988
-12182305
-4522270
450615
Not Found
-823312
11390397
10552391
-50240341
6692320
Not Found
32801166
Not Found
Not Found
Not Found
-153840572
-2559941
-372628
15493320
-22510042
-17942463
-77548255
-28241048
Not Found
6358172
1453332
-29054585
-7623820
-16495087
-21020818
2791951
15463529
-19160297
-9766828
-17892309
22676700
-1602121
-6809414
-44598727
-34689764
-55019360
-9784306
27641100
-45890373
-62480531
Not Found
17661896
-8151631
35871233
-28858238
-7176146
Not Found
-54998439
-6188099
-6339717
-3094506
-6884371
22227349
-22184061
1980686
-25417548
-7510032
-66836714
-9142223
3670600
4089402
31942711
61316036
-3584680
37437233
-11551743
450615
Not Found
37618983
-20818120
Not Found
1629982
17979723
-23714581
-1234616
25790281
-32932708
6894692
Not Found
-55820661
-5899697
26240368
-9920348
-18636042
-45056832
-39275473
5743265
Not Found
Not Found
-4059388
-18826846
-47543543
-1322852
-28858238
9900171
Not Found
7404848
-41129114
-21218204
62170409
Not Found
3109859
40854396
28318466
-10487058
-8135781
-26816414
Not Found
-21358857
-4961852
-7444555
42427298
-1193264
-8215727
-12047574
9731354
-856544
11495141
-18445766
-24165981
15044383
Not Found
-31787337
-2097278
-27519171
-45890373
-4609780
28422473
13104278
8726997
51978965
-20852383
-5501258
-11551743
-10326600
-30555425
-66337602
Not Found
8342029
-4197501
-1602121
28514314
1289232
4019355
2328713
-39320081
8462290
6786148
2664499
-1706651
35276155
23341407
26444850
12326052
Not Found
-10475039
-4804907
26240368
Not Found
-20852383
15273496
-31556487
25100305
-18290750
-3778830
-6917353
-8151631
21375387
11179132
-4425758
8279172
-4522270
7260029
3607060
34215998
-23869257
4172952
3197693
16349953
-3154207
46046516
-22510042
-26577915
-4522270
-26031486
-44638309
-3440680
62419008
-21922504
6425727
-76815091
2739768
Not Found
-38445445
-59722035
14841275
51371704
20480618
-30381922
-24674546
21691735
-22510042
-36992472
-4309031
-12083451
-22184061
Not Found
-35237663
Not Found
5405399
-4154784
-26524955
-27519171
-28187134
32876901
24841848
-41559645
Not Found
9599766
313313
-2707810
23192867
-4522270
5214395
3860144
48593102
-28681706
20480618
Not Found
4066291
-27632425
Not Found
Not Found
1951151
-3761353
4000570
8367543
-8470804
40314514
37370204
13546365
20151459
8367543
-8103086
-47434379
Not Found
13546365
34215998
47097371
4511089
Not Found
25497450
-5429725
8726997
-5309902
22676700
Not Found
Not Found
Not Found
32801166
Not Found
Not Found
-23182002
Not Found
4730329
5921601
Not Found
31298064
-42600528
21950338
-9886087
-7323036
7226095
-6188099
15012368
-5501258
-6335710
Not Found
-22860109
-63391455
-2945354
-30548006
-4425758
70393013
-4455422
Not Found
42244664
2002693
46960300
Not Found
34215998
9469425
-12021998
-18607149
-3391255
12047277
27407380
-26746220
-26577915
6443221
8273949
-44598727
-28863506
-6625141
-22510042
-17865480
Not Found
Not Found
-20894549
-10069363
47913300
Not Found
-55019360
-19641289
-39250174
-8177924
6814944
27407380
23377368
13546365
5675545
47203161
5240436
-561682
-8103086
-10475039
23192867
3475788
3670600
Not Found
-33893314
-2559941
-7664692
-2561924
28422473
7968189
4089402
Not Found
1361804
3860144
-7770946
-37813805
36954730
9288075
3110030
-5910837
7968189
-39175398
30664447
-9716072
22204425
Not Found
-137109345
6786148
198627143
5654959
-13902042
57027713
12966897
1289232
4916967
-44638309
19891380
21375387
Not Found
-30895799
-30381922
38894841
-36992472
8435067
-47543543
31585271
23377368
8367543
4730329
-5226132
Not Found
-40563042
42027857
-5709343
-26666349
-52496098
26092933
-38252090
Not Found
-6809414
-40563042
-19781569
-6277899
-8059118
-10326600
8367543
-12797246
21375387
Not Found
-17316520
7881600
-12797246
Not Found
347989
-11028770
-19160297
-44779877
-39320081
-11703889
-4375643
-4266170
Not Found
1768911
-12377606
2923388
-62578764
-48461639
-17438981
8962733
12215666
-2097278
23679551
-5739677
-62578764
-10050845
11313425
-6749716
16540538
-17773600
11843784
-463202
13790654
15012368
-6542115
4067417
-23280774
46960300
-33925581
46960300
-18826846
4918618
9024153
9604646
-4994136
-4961852
-12039134
Not Found
Not Found
33020597
-26524955
Not Found
6802109
2130783
-12047574
-10571149
22969588
-9659787
859667
-11196337
-21073057
1241168
Not Found
-56194020
26444850
27407380
-45890373
-12855533
-17061560
9731354
-13462645
-8470804
37227244
-12950988
Not Found
Not Found
6443221
-88036990
42244664
-1462918
35230970
-21603235
20341580
Not Found
-7767285
Not Found
12472484
-8752267
-307098
-12182305
-24863599
30678391
Not Found
9784333
Not Found
42427298
-54998439
12274146
4064421
-18290750
-4569101
-26816414
Not Found
-2037328
43159866
32100413
554175
Not Found
37370204
-4375643
-11957861
46046516
1579483
35472670
-8177924
-11028770
36954730
-4721993
-13184240
5566222
Not Found
18707172
4089402
Not Found
-18232803
-31556487
50353380
1139000
-6188099
23426040
-38404243
-829580
31968774
-66836714
1980686
6539733
Not Found
-15437054
6786148
-8113768
34132625
14452563
-9246861
-5821463
-14586738
22969588
16219265
Not Found
3475788
-16352173
7013684
5226921
-39250174
Not Found
30595975
-73889237
Not Found
39363317
Not Found
-27129377
12660183
-37980252
-44638309
Not Found
Not Found
-54998439
35871233
20151459
3808738
46456828
Not Found
-11079502
7808154
-17438981
2328713
39918180
-7160802
2328713
19587151
-9750821
4562803
37618983
4171197
-34103272
-9688283
7398397
5269381
Not Found
11843784
26454851
-39250174
8425673
-13837755
-52496098
8915369
4511089
Not Found
-5226132
10790921
-12950988
23192867
-41943137
-19781569
16281219
-30913779
45659485
1980686
-34405179
-4059388
-16591545
-23395478
-18826846
3011589
-33493353
Not Found
2837080
-7839790
Not Found
-28294559
-6809414
-35237663
Not Found
15463529
-330543
Not Found
-45926728
-27617784
-5130243
-10734487
-8249678
18846227
-7678239
7574512
5470229
-3584680
-66836714
55195080
20719307
6464677
-4522270
43804545
16219265
2879496
6583756
-1112377
Not Found
-10326600
7351257
42244664
2886190
7197326
17591031
-942635
-30913779
-20894549
7711229
Not Found
-2342733
8775144
-10966837
-13706793
10774896
-2231867
Not Found
11281859
-12454547
-17773600
-22184061
-7110218
22574600
-45333782
-26577915
401615
-7623210
46960300
-22109195
7813326
-7752222
22574600
27440460
9324196
6560090
12215666
Not Found
51978965
-8744813
50353380
Not Found
-4992192
9469425
-2735326
-18607149
Not Found
-9756193
-39320081
70393013
17979723
Not Found
-12182305
12215666
-30895799
Not Found
28318466
-8215727
32070131
34354431
34926708
25733399
-7273749
27407380
-586492
-11028770
-11196337
-6553393
5508435
3897145
Not Found
Not Found
34926708
Not Found
-21218204
14477282
17846340
-3240423
22574600
-5226132
Not Found
37240166
-38252090
-13032352
45972749
-38252090
40854396
Not Found
8654640
-12950988
-19734520
Not Found
-49827221
16349953
Not Found
2250566
31942711
-47522029
-6460606
-4154784
-35237663
21375387
4197881
-77548255
-32932708
Not Found
-88850426
-6749716
Not Found
-11481393
-2561924
9545186
Not Found
1980686
-3214545
-5501258
-31556487
69560213
8688423
-34911712
22227349
-942635
25510717
32070131
Not Found
-18809873
-153840572
-4961852
777413
3493898
708112
-16929378
6443221
4611190
6443221
1477855
14882596
-32104460
-21603235
92345715
-326315
14882596
4239765
Not Found
-21148409
39765101
-1888018
-15906576
-16549797
-7927788
-25687549
-52896884
3301222
22574600
-9604151
-30895799
-5226132
11179132
24841848
27407380
-8253831
-15996776
12468209
-4742567
-15982376
-24674546
3788008
-18286703
-8428647
8155671
-8470804
Not Found
5622272
8573288
-27519171
Not Found
-4309031
Not Found
8654640
Not Found
-8113768
28514314
-34721863
37240166
-9421191
6473137
23426040
Not Found
37437233
-32104460
-21073057
-26816414
12047277
-4016733
-14226090
-5484147
69247187
-54998439
-14452147
5030139
36349434
14306320
27440460
-5172273
-9637878
-20852383
46046516
14188860
Not Found
23192867
-21603235
21280087
-19734520
Not Found
40368789
-13909552
16973608
-7005132
-18458970
-22726811
1077811
-14853631
-18607149
-15990641
-1412585
-17773600
-22510042
-6649758
-8330663
-39250174
-5501258
-8880913
Not Found
16764787
32070131
-12182305
-6425082
10790921
Not Found
-2097278
34132625
450615
6764476
47913300
Not Found
Not Found
-21020818
-37813805
24725518
13104278
-28241048
4172952
Not Found
-4425758
-21768248
-1193264
9376475
26454851
-45408872
Not Found
20341580
-3276436
-1602121
27664642
-28110264
69247187
-7115958
-16549797
Not Found
Not Found
-6335710
4231196
Not Found
15493320
-31019094
-8902394
Not Found
19587151
17460813
-31556487
6814768
5987671
Not Found
1980686
36954730
10479313
-1204826
Not Found
11622033
-31556487
-3755065
3607060
5319220
Not Found
5841211
26092933
-20852383
20151459
-8153446
8435067
-6193647
Not Found
-7770946
31968774
25510717
13657034
-40563042
-4608448
-8491648
28838501
Not Found
-3584680
-60436006
-4154784
36349434
25885673
-2097278
19883306
21403700
-26816414
-1042995
-28195163
-7770946
-29051809
-23160427
Not Found
-62578764
11622033
708112
22204425
6997657
Not Found
-21738472
20719307
12047277
-6092500
-12047574
31968774
-22510042
2328713
-56842926
-4309031
-37838084
Not Found
-44638309
7370857
29856218
Not Found
11179132
-5257030
-16611489
-2097278
-8697402
10479313
Not Found
-47434379
Not Found
-22184061
396582
-11886911
33154184
585209
-21073057
Not Found
-639136
-62578764
Not Found
-8340143
6749324
-40368424
-12182305
60953851
-17599404
2142614
-14971805
-41707852
Not Found
-39997995
-747959
3427819
-6780962
-1322852
46456828
-22510042
18846227
6173887
16864481
Not Found
-16495087
-4016733
Not Found
-8153446
Not Found
738372
36349434
-32599338
8425673
-11886911
-22972496
4429100
5405399
-27161530
-12047574
5615340
-48461639
18178061
-2452273
-19713546
1891176
-14111821
-2762524
5767505
45659485
Not Found
-26816414
39644874
69560213
-938024
Not Found
-8401837
-2559941
22574600
-5130243
Not Found
13657034
Not Found
5037455
-7711046
9152777
39765101
Not Found
4730329
29856218
19883306
-20818120
-7650469
Not Found
-26524955
8893577
-33493353
-32833551
6161803
60559420
Not Found
Not Found
-23160427
77028769
-19781569
8688423
27407380
-543366
13302390
-66497336
36954730
31120205
20480618
3622661
-66337602
-2753582
-17155011
-26666349
Not Found
1980686
903864
13159527
69560213
Not Found
-39078475
20676909
-5516928
Not Found
Not Found
9616185
3331248
Not Found
-39997995
-153840572
-7678239
-34103272
-23395478
23249105
-58018356
-7678239
-4420558
-13837755
6786148
24841848
-23395478
-22109195
28376939
22574600
23670897
-8932991
31756907
Not Found
2739768
7053396
-18826846
-7510032
7370857
Not Found
Not Found
-1722983
11622033
-8177924
1258753
-13985665
-5321243
Not Found
43984226
Not Found
3808738
-10407708
30678391
-25475318
27404574
14570819
4231196
-26524955
782916
29856218
-12047574
-22972496
164378069
-11028770
-20852383
Not Found
28325903
Not Found
12660183
-17316520
-856544
-9378278
32070131
-7444555
-8769714
-14971805
-7095260
35276155
57027713
48482281
62170409
-463202
38741165
8342029
-2559941
-8470804
-20852383
-45056832
-8785980
-8339423
-26666349
Not Found
9024153
-17892309
-399170
4468690
-28863506
Not Found
Not Found
6786148
-3884868
-10487058
-21073057
-6131883
-3223942
Not Found
-2426638
Not Found
-26621052
-9041668
-24863599
36954730
28514314
17460813
33917322
Not Found
7018325
Not Found
609587
22227349
22227349
-7900796
18846227
-19860539
32100413
2602787
27407380
17460813
2150816
-21149210
1971813
Not Found
836839
14452563
Not Found
-45408872
-1322852
-7770946
-77548255
3332991
40368789
-617827
5833375
30678391
27664642
-22184061
28155891
6290336
7114235
-2559941
Not Found
-25521978
11543085
-11028770
-2097278
-34103272
Not Found
-27161530
Not Found
Not Found
47913300
9616185
19835368
22574600
-5312434
-44598727
1049950
-39997995
-194946
-32104460
21950338
-30381922
18846227
-2753582
5046965
18178061
Not Found
-33493353
18644461
-39275473
-20747948
-5406519
Not Found
4524482
-7044248
46046516
15053245
-7444555
Not Found
-30555425
-3857733
-23404413
Not Found
12326052
13388443
Not Found
26022917
-254249043
40854396
Not Found
9788675
-37980252
1281614
-2515271
9731354
43804545
-17773600
12019229
-5817360
-62480531
7711229
8654640
2837080
-1193264
8181989
9024153
-14203251
-37813805
-21922504
-35646405
1289232
21691735
-31019094
2250566
-12797246
Not Found
-6460606
-5130243
11179132
4055131
22219140
Not Found
35871233
Not Found
37370204
-21073057
-31556487
18576109
31159178
62419008
-12331190
-66836714
7054616
-17316520
-47434379
9763702
Not Found
15012368
-6542115
12047277
-1167236
-11269380
Not Found
-14203251
Not Found
64636140
40314514
12215666
-31787337
2002693
-8413179
16937687
9024153
Not Found
46960300
10790921
-11387440
-4522270
-8409539
6438790
-12619329
Not Found
12966897
-16459107
-53387
4569947
20556419
Not Found
-34405179
-34689764
604873
-12619329
-13799332
-155637
-6283268
2328562
-4197501
22574600
42027857
-34723717
-5174748
23341407
-12950988
-45926728
-29054585
22436322
26240368
-28858238
3097771
Not Found
17583543
1003051
20719307
2028894
22436322
7671721
Not Found
17591031
-2426638
-39888139
30664447
12427625
23708016
1424461
-3391255
35230970
-8268157
-13706793
-47260857
401615
-11269380
23192867
15570268
42244664
-4266170
55195080
-19781569
-18290750
-2097278
13388443
-13837755
2273203
28226314
69560213
11963479
-15437054
-2561924
-8151631
-6774055
-45890373
-13032352
24841848
-30381922
57027713
-44598727
Not Found
Not Found
-3057825
-18561154
17644309
-747959
Not Found
-35237663
28895652
-17773600
-20852383
5609421
13546365
4231196
1353226
-63391455
34290988
-104279607
7054616
-38404243
33456868
-4428449
-1602121
13388443
-1273540
47913300
46960300
Not Found
-3094506
-71960498
26240368
-5429725
6443221
12528615
-5501258
-39636192
-20747948
7597601
-21824953
-15996776
-19158410
Not Found
-18826846
27641100
-15996776
12528615
-18826846
-5330600
11281859
17901209
-5501258
Not Found
-29054585
69247187
48482281
-11028770
-22109195
-25019107
-14853631
Not Found
7968189
-12797246
-7005132
4395637
7370857
1555168
Not Found
Not Found
7819856
-9484389
20480618
6443221
-2846122
-6485225
34132625
-198158
-8433100
69247187
Not Found
-35237663
Not Found
-37813805
-38404243
-29439579
26454851
4089402
-39275473
18350914
27641100
40661603
-38658375
3937625
-19051139
47203161
-5489325
8831689
-17074804
-958180
-12039134
8367543
9847062
-39250174
188337
-5899697
6658835
-23860595
-45926728
Not Found
Not Found
Not Found
6211749
18003562
2770562
-2483879
Not Found
13302390
188337
Not Found
20067574
629617
39765101
2765129
5405399
21691735
-27632425
18042440
11390397
-18826846
2250566
-7770946
30595975
Not Found
-618902
64636140
-45926728
4387295
-2222
-6809414
34578128
-686155
Not Found
Not Found
55195080
-23280774
8435067
-32104460
3459967
Not Found
9286345
-31556487
28832061
16864481
-47434379
-22510042
-16591545
9172689
35472670
-16495087
39363317
-29317564
-6984448
-1322852
-5226132
Not Found
3788008
-13200204
-23182002
-32932708
-13032352
-22510042
45972749
28514314
22574600
4429100
Not Found
-42600528
-27912970
11281859
-39578504
-20818120
3434349
Not Found
17591031
47097371
Not Found
9599766
-4666224
-5007248
-33893314
-17468117
-399170
-10819746
-18561154
5037455
9545186
4520507
-2991461
-771110
-34405179
13790654
-7651505
Not Found
6068582
-19515686
-49827221
22436322
Not Found
-12182305
2654514
Not Found
9837731
Not Found
-617827
24671838
-58018356
-4858794
15335412
16022796
-170198
4542316
-8121549
-30228674
-17892309
18006843
-7284098
-2559941
-19160297
-10817397
494713
2462542
10918291
77028769
18006843
-8355580
69247187
-37813805
37240166
64636140
Not Found
-24674546
450615
22574600
18003562
4838270
-39320081
5405399
Not Found
Not Found
Not Found
Not Found
Not Found
-693872
1009833
62170409
70393013
-4952663
-11414026
796807
Not Found
22227349
22219140
-24165981
12019229
12966897
-22510042
-146808
-6431918
-11196337
-20852383
-4434468
-4569101
-4309031
-6011326
46456828
-33925581
6196564
-54998439
27404574
-22860109
-17316520
7073970
Not Found
13388443
-33493353
-17773600
-34790839
3300958
Not Found
-5516928
-2231867
-39250174
-5130023
-15990641
7371386
Not Found
6969085
13669887
-76815091
2130783
Not Found
12781188
-34769684
Not Found
2669758
4916967
Not Found
6485701
Not Found
-38658375
-8153446
2937252
-3561140
-14111821
-21785604
-5335308
28514314
-8135781
67514902
40532581
-24165981
-33893314
-9912621
Not Found
6996366
48990499
Not Found
22574600
-2846122
32801166
-8229392
-6654571
10479313
Not Found
-6188099
35871233
Not Found
29856218
37618983
Not Found
5833375
-37838084
Not Found
-41559645
8435067
6546292
Not Found
16864481
-22900962
18707172
Not Found
-12855533
19891380
13657034
41477447
-6928756
-17221901
-39078475
-6011326
24725518
-12377606
Not Found
-6984448
-4059388
-6984448
-30228674
-30543854
31968774
Not Found
-27617784
-8491648
-4016733
38894841
60953851
-12176855
-1827659
4089402
Not Found
Not Found
-23160427
34215998
Not Found
-16591545
4838270
-34004614
67514902
Not Found
Not Found
-9869327
13451670
23249105
5819833
-28294559
-31787337
-8852999
17846340
-6392008
Not Found
-49827221
-21073057
-11269380
13669887
36028487
Not Found
-21148409
Not Found
-8369904
12326052
-10407708
Not Found
8362999
-2462733
-2944429
22149822
1768911
2686931
-56194020
Not Found
8831689
-12797246
1768911
-34557636
1304690
8425673
4114737
293182
Not Found
9616185
-19158410
-7958030
-12950988
-9925066
-13837755
-3094506
12357472
Not Found
6546292
7712642
-27519171
83524586
-12182305
-20136859
-1412585
17901209
-21603235
31756907
11313425
16281219
5176673
-4522270
69247187
-18607149
-40563042
-1551234
69247187
50482030
32801166
40368789
23192867
-4522270
-23869257
-20412959
-39320081
Not Found
28366942
14925165
-24674546
-11269380
Not Found
Not Found
14437940
-18445766
Not Found
-5968291
12019229
-4522270
-17764058
Not Found
4562803
-11886911
1971813
13951564
-9912621
2837080
Not Found
9288075
-18809873
36421286
Not Found
45659485
-13706793
-2559941
-35237663
47629020
-39578504
-28294559
Not Found
-8151631
Not Found
7237413
-23860595
18003562
Not Found
53931225
Not Found
33827930
7918336
31159178
-9521729
2462542
28422473
-2735326
29856218
-26577915
12019229
-278942
-8153446
938419
34578128
Not Found
-16459107
12528615
-44779877
-2097278
26092933
40368789
-20412959
2246105
-2058399
Not Found
Not Found
3301222
2791951
-23280774
16973608
-9978933
-10326600
-8054626
37240166
-10475039
-13837755
Not Found
-39078475
35558539
-13909552
-4455422
1126048
Not Found
-12797246
-24136878
-9730185
-5899697
-12950988
-12619329
Not Found
-402235
-10326600
8342029
7157286
-11551743
-9750884
-10475039
Not Found
Not Found
2791951
-3901364
-942635
-42756317
29856218
36952388
-19814047
-21738472
13421928
-56842926
629617
-2753582
17901209
28568953
-9220979
Not Found
6957817
42223384
26768808
Not Found
-11739346
-28863506
Not Found
-6588974
-8470804
-2097278
9697624
-27519171
-58018356
20917602
-4865744
-23182002
4395637
18644461
-463202
35871233
-47264025
4107913
42244664
46456828
4067417
-34721863
-46784758
36952388
-3167260
16219265
-34723717
8425673
47097371
34132625
Not Found
-18561154
30664447
-6283268
8571621
12528615
15493320
Not Found
1126048
-19734520
-7925106
7371386
-23869257
-26666349
Not Found
31159178
11281859
2599255
1230313
28832061
-26008798
Not Found
-26771326
-37980252
-26008798
-12021998
1768911
Not Found
14534654
9538614
6786148
Not Found
39765101
Not Found
6246323
Not Found
-4455422
-7651505
-21785604
-8229392
28514314
-845568
Not Found
-5330600
69560213
-52496098
-11551743
-19160297
Not Found
4066291
-2097278
40854396
9599766
-16719990
31120205
-31019094
9024153
12326052
8539896
24841848
-18087675
Not Found
-22972496
-45926728
-4059388
18047847
12528615
-289150
-62480531
-22184061
-11249736
18178061
6246323
-5484147
6862929
-21073057
-23714581
13546365
-19051139
-19781569
8398623
20341580
-32932708
-38445445
18576109
-24136878
-58018356
16864481
-40626873
-18644102
26240368
-26429695
-49502948
-12182305
Not Found
17123421
22204425
-1104936
-13399307
-20852383
8897242
9731354
-18607149
-1098903
28376939
-3778030
-5344153
-4059388
-4154784
-14203251
-18231750
Not Found
-19051139
-22109195
4916967
20102654
-34769684
15335412
36954730
-44748754
51978965
-21348193
Not Found
-27912970
-6041482
-845568
Not Found
-44598727
-2642924
-22974195
-41129114
8398623
-88036990
-6984448
-30543854
-15996776
-26816414
-7932312
8311916
18006843
15335412
45972749
22676700
2963769
-30228674
-52496098
1379191
Not Found
13451670
28832061
-5893337
-104279607
-5899697
-8253831
18707172
3108974
-6075819
Not Found
136424
550303
-8752267
-77132861
70393013
14882596
-25417548
-8253831
-88036990
-28858238
5519093
6443221
Not Found
-30895799
4172952
-13985665
19891380
-5516928
62170409
-19393777
-26524955
-77548255
-26771326
Not Found
-6193647
-11269380
Not Found
1717744
Not Found
-5325064
13951564
-88036990
27641100
-8029483
20341580
-7095260
-289150
Not Found
-40626873
-56194020
23708016
-3918300
Not Found
-96578637
-278942
7054616
-30548006
-8502455
17591031
-4522270
-21149210
-6289417
-34790839
10552391
27440460
-5226132
7321062
69247187
2002693
13807073
5556344
31756907
Not Found
7579541
-96578637
-5429725
-58018356
5240436
-6642747
-7651505
-10373328
31942711
5555423
Not Found
Not Found
-11249736
Not Found
16540538
17901209
13746323
18042440
1286614
8362999
24725518
-20852383
Not Found
-17599404
5195026
-22109195
-26771326
1866387
25510717
-44638309
Not Found
12468209
-21218204
-45926728
-2632467
-16929378
Not Found
-1385621
-39888139
47913300
-105482
8775144
-19160297
-5484147
-23160427
Not Found
-34723717
-9730185
Not Found
2083370
-19860539
77028769
3670880
4569947
-18290750
450615
-45926728
-39250174
-8880913
-12950988
-33925581
22676700
-7986251
13451670
-31556487
-12083451
40330176
4337472
Not Found
-15931540
-10041316
17901209
257015
-18607149
Not Found
-8850935
-5516928
-745119
40661603
-21785604
2837080
33020597
-31556487
1230313
61316036
-1193264
Not Found
Not Found
1230313
-7678239
16281219
20480618
-3779139
8147744
-13682415
-8151631
Not Found
19328267
7654233
9194221
12215666
-28681706
-33493353
9469425
35230970
-23160427
-39636192
Not Found
31968774
4089402
27404574
-1193264
Not Found
9788675
-15996776
64636140
Not Found
47097371
-27161530
Not Found
5566222
3274382
31756907
-96893
31270489
-3982872
69150883
-24887818
-40563042
2602787
36028487
92345715
-32833551
22436322
26240368
5833375
-5130243
1768911
-27129377
Not Found
35276155
-1824862
-22109195
-16591545
40532581
-26746220
Not Found
5405399
6996366
-3206964
-32104460
Not Found
8362999
27407380
-23860595
1980686
4569947
64636140
-34911712
-30543854
23249105
-2426638
8435067
-2846122
16558223
-8103086
22574600
17123421
-10966837
-21738472
-28294559
-6415879
25100305
13388443
8367543
26240368
-7678239
Not Found
Not Found
-25019107
23426040
-1322852
-31556487
2328713
-11671992
-5325064
18350914
1962791
17846340
-27519171
28568953
3858398
42223384
4231196
26979698
19835368
17901209
47097371
23069559
16349953
28325903
Not Found
7753879
-50832325
-19814047
13746323
-4922177
Not Found
-39997995
-3875758
-8912134
-7095260
-11551743
16281219
Not Found
-30228674
-8880913
-20852383
18003562
40314514
35288217
-48461639
-16495087
-66836714
-45056832
-5691585
-19393777
Not Found
5037455
Not Found
-35237663
-1524156
18350914
12019229
39765101
-7005132
-9756193
6443221
3528567
-45890373
2623306
Not Found
-24136878
-1728137
-6176079
12528615
-6236217
15570268
-19781569
-10904704
-3467015
-30895799
39765101
28832061
60559420
Not Found
-30381922
-33893314
-21218204
-48461639
-8253831
-42903714
Not Found
-6415879
-13902042
42244664
-18826846
35871233
-2846122
-23395478
-29051809
7905172
847838
25100305
1951323
2179054
4061622
-36308293
9788675
Not Found
4730329
34215998
28557536
Not Found
554175
9396517
7040158
12326052
Not Found
60559420
7918336
23679551
-4375643
18042440
2955827
-32932708
18003562
20341580
30595975
1971813
-39320081
60953851
12966897
9699029
-37813805
-12182305
11281859
-7024402
-66337602
28514314
-17892309
-13902042
-11414026
Not Found
Not Found
4386734
-3167260
-22860109
8831689
-23280774
12660183
Not Found
Not Found
-9373651
-5007248
-9007179
-10904704
Not Found
-19393777
-9264179
49826605
-40626873
-8760583
-26577915
-2753582
-4309031
12326052
22676700
24841848
-8069249
609587
-2559941
-104279607
-5578561
Not Found
-14137528
-8249678
-22184061
4089402
-3094506
22219140
7462388
Not Found
12528615
11843784
-15996776
-4522270
14882596
-6106743
-31787337
-5226132
-22510042
2765129
61316036
40330176
-5226132
-8249678
-1827659
-153840572
26454851
-9529380
Not Found
26454851
9024153
1971813
-6809414
7671721
186995846
-6553393
-77548255
44826414
-9595503
-5226132
-6283268
-6515847
-25475318
-34557636
22149822
7837737
6603956
-4309031
4717066
-8355580
-21020818
Not Found
31120205
-14203251
-5406519
-5516928
2258836
-1322852
-12182305
9712962
-70744
-8413179
13546365
13104278
-34103272
-8502455
Not Found
-36205080
-28681706
60559420
-6335710
28376939
8367543
-8029483
-18809873
Not Found
Not Found
-13837755
68623
-14111821
16764787
7100264
-5709343
61473027
-42600528
Not Found
-8943950
1829522
23377368
1768911
20719307
-21824953
4139806
14084784
-6188099
-35237663
-23249678
46046516
-1602121
46456828
-8249678
Not Found
-4016733
-11957861
Not Found
-4059388
2937252
16540538
5405399
-11196337
-12047574
25100305
-8912134
2798760
-18087675
-88036990
2739768
Not Found
-41707852
4079567
-4375643
-18231750
-23280774
28832061
847838
-28858238
4231196
-45056832
-4609780
28422473
-6415879
-4266170
Not Found
8435067
61316036
Not Found
-2559496
-23182002
28838501
3097771
-6984448
40314514
60559420
-19051139
23377368
5950408
8425673
15570268
52871800
-15437054
-1322852
Not Found
-7023311
-802887
31968774
-11017564
9731354
-4201225
-12950988
5352274
-21348193
-22510042
-8177924
-39320081
-16352173
-28195163
6273630
18042440
Not Found
-19158410
Not Found
9526613
-23249678
-33429724
4067417
7881600
39644874
17195903
Not Found
-7380907
5405399
2791951
8804642
-67408137
Not Found
-330543
903864
-21073057
61316036
Not Found
-4434468
21375387
92345715
4334496
-9592602
-52492259
-21148409
-958180
43804545
-58978955
-19814047
38894841
8893577
-8151631
11179132
-13837755
7440650
17846340
18006843
7934162
-37838084
-32104460
24553187
9731354
-45926728
12215666
Not Found
-5226132
1177641
-9239598
-49827221
-33433312
-561682
-156797
-28110264
Not Found
19891380
13951564
-4154784
31756907
5259015
-22184061
-27519171
Not Found
-50240341
19587151
-10050845
-49502948
Not Found
16864481
Not Found
-22972496
-9994691
-5489325
Not Found
2648625
10479313
-21603235
12966897
-11269380
-13200204
40368789
-16929378
12215666
-2426638
-3072645
-12797246
-21603235
33827930
9024153
-18232803
7716056
13451670
-8215727
-28241048
-18286703
Not Found
Not Found
8435067
-26429695
-6295170
6969085
-38445445
2791951
2150816
-1356523
26240368
4337472
-40626873
-18826846
-33893314
-1733355
17583543
22676700
5819833
Not Found
25790281
-7925106
-45644476
1095231
-44748754
46456828
-586492
-21922504
-153840572
-20412959
8342029
Not Found
-40626873
28838501
43804545
-2846122
-20818120
-4230562
-998574
-10041316
2037820
-2567071
-34689764
-23280774
15012368
4066291
-168677268
8367543
-2099660
-7359361
-18644102
-18290750
Not Found
Not Found
-50240341
10552391
47097371
27933678
17591031
-16694665
Not Found
15335412
20556419
Not Found
11313425
-21348193
16558223
-22860109
9832491
7918336
5324249
-39320081
12215666
34290988
7625006
3607060
51902773
-12797246
767537
-4425758
40532581
-39175398
Not Found
6443221
4013143
-20300965
Not Found
17123421
-5264466
2359893
3493041
-13909552
23708016
9024153
9788675
-5325064
-4920519
53931225
-42600528
-32932708
4730329
33020597
-3391255
-34580043
-19054087
8893577
8369885
Not Found
-34721863
27472761
2862199
-18232803
-29051809
25497450
8893577
-21603235
1702820
-823312
-40626873
-9871815
-58018356
Not Found
Not Found
3893786
8425673
22969588
-4744408
11390397
-15545073
Not Found
-13462645
11843784
Not Found
-6846551
6290336
-38211516
11622033
24725518
-6932424
13669887
8357923
Not Found
-2426638
-1792745
20719307
-289150
-19160297
-40626873
Not Found
Not Found
-23280774
-39320081
Not Found
-44598727
1527947
4429100
4114737
9234957
23776612
12047277
18047847
-28681706
-34790839
4576310
43804545
Not Found
12326052
47097371
-3493893
-9797604
-7678239
8505719
-13706793
-41943137
-2559941
28325903
17752124
5609421
6473137
-19393777
17189406
Not Found
6173403
-9033839
3607060
-7767285
32100413
-8912134
-44598727
-2457615
1252238
39918180
62419008
-52496098
8778526
12357472
8425673
Not Found
6152430
53467597
11390397
-7651505
-27161530
13302390
32876901
4569947
8367543
-32932708
22227349
-36992472
Not Found
-49827221
3788008
-60436006
-12331190
-45890373
-27632425
2773856
Not Found
-9637878
480612
-9688283
777413
6658835
Not Found
15053245
14084784
69247187
Not Found
-463202
-12950988
-23280774
-998574
-20011615
-24136878
-21020818
34290988
31942711
2250566
-5529464
Not Found
28832061
9586272
1477855
-8912134
34578128
-2559941
55195080
-26666349
35472670
-2165483
-289150
20151459
347989
-25417548
4429100
8367543
-1204826
-45100489
-11414026
2062197
-6335710
-82628870
-33493353
-12083451
1592147
15053245
28155891
-50832325
-4501682
Not Found
-29054585
11179132
-16288430
-21922504
-21922504
-15545073
Not Found
-104279607
-12950988
-4016733
2390202
53931225
6443221
-3072645
-3778030
41588118
-36119422
6969085
-29051809
4867153
-6553393
11495141
17460813
-6236217
35472670
2634505
1829522
-4443255
2670375
-39250174
-20852383
64636140
-41707852
-9871815
-33314363
6997657
-5739677
-28294559
5622272
15463529
Not Found
4025604
-82628870
-12377606
-1688589
18178061
3479544
-40626873
14882596
Not Found
22574600
-27519171
2593396
-39636192
-9637878
13561248
-3440773
-5335308
-18087675
7250634
-16459107
-28863506
-28110264
8425673
-28241048
-27061489
-21073057
Not Found
Not Found
11179132
-2637384
4239765
28366942
-104279607
-11957861
2739768
-16591545
9573733
-3094506
4089402
-30381922
7845018
-7510032
-29054585
Not Found
11775823
-9142223
5389742
-8371283
22574600
10448378
Not Found
Not Found
3258524
17583543
62170409
3481529
15493320
25510717
Not Found
27407380
-9595503
5038954
-22109195
-771110
-16694665
-6809414
12357472
4073910
39765101
2845352
17500406
-16611489
Not Found
-17773600
-29051809
13657034
31270489
Not Found
10479313
-8697402
8435067
9180085
-21824953
4603908
-16549797
-393605
-4154784
-39175398
Not Found
45972749
-998574
9692953
4702075
11179132
2599255
-8069249
-5484147
33020597
-25475318
Not Found
-8135781
-29054585
Not Found
-998574
Not Found
2837080
4171197
-15996776
-17773600
13951564
11179132
2150816
-721602
5483800
-12950988
-18561154
-6238722
Not Found
40854396
-16495087
Not Found
Not Found
4511089
Not Found
-1885139
9832491
-19051139
-3154207
-19158410
-39275473
-16549797
2133538
-4016733
10918291
69150883
-1216684
Not Found
-22860109
1356733
-45333782
-7444555
53732829
-105482
9731354
-17468117
-27673555
17846340
-6335710
7449280
-11387440
-15996776
-17865480
-45333782
-2058399
2166437
4395637
42027857
-6542115
-5316676
-45926728
2002693
8425673
-38252090
Not Found
20917602
33827930
-6188099
28376939
-7664692
-7767285
-1668093
9286345
-9238718
43804545
15463529
44826414
-29317564
Not Found
18178061
Not Found
-13200204
-58018356
-8371283
-41559645
6813444
-19641289
-5738815
22574600
-9373651
8704826
24841848
-45333782
4730329
Not Found
Not Found
-829580
-16611489
17583543
-4992192
-10918068
-6304574
40532581
37370204
-4961852
1230313
6655759
-4309031
-75088989
8205438
8425673
-15990641
8425673
-10050845
17460813
-17061560
-8090308
40330176
-29051809
-41707852
2183522
18576109
19891380
20556419
Not Found
-12331190
-5226132
-39320081
-49827221
5831131
-8912134
-4309031
-4696234
-9637878
-26771326
-4375643
-721602
6467090
Not Found
Not Found
27440460
33917322
-16611489
6996366
Not Found
12326052
-16611489
Not Found
Not Found
-8229392
-20300965
-5130243
18047847
Not Found
3178809
6749324
-22510042
-4920519
-796067
-41559645
57027713
-17773600
-31787337
17661896
-14452147
-17221901
3178809
-146808
3178424
28366942
13546365
Not Found
4916967
3332991
-1952181
-13909552
-39275473
-21020818
-33429724
11843784
-8229392
-5536789
-10904704
Not Found
-116105170
-16495087
Not Found
13104278
1379191
-19860539
3117949
5240436
Not Found
9817410
-8135781
Not Found
32876901
-12980919
-22109195
451214
-6283268
35472670
-17773600
34132625
-31787337
-14137528
28226314
-18826846
13790654
-3210885
-9743161
-22529407
8915369
13302390
4239765
-28863506
26240368
-289150
-5501258
-20894549
-58018356
-3875758
9531986
11390397
Not Found
Not Found
-9432442
4569947
-3918300
47913300
-16719990
2130783
-11196337
5767505
-44598727
-18232803
Not Found
17591031
-153840572
-47474214
-18087675
-6335710
-19393777
-20852383
21691735
35230970
-34557636
Not Found
16558223
-5309783
19835368
-20747948
-35237663
-747959
Not Found
Not Found
9616185
15012368
7974056
-845568
-1193264
7693342
-19641289
-5226132
-8870832
Not Found
Not Found
Not Found
27641100
-62480531
-32104460
-1950920
16540538
-96578637
3986018
1477855
-26577915
-53372640
55195080
2661606
13451670
-58018356
15493320
-15805510
11843784
13657034
-12736348
-33433312
-32833551
52871800
-21768248
18042440
18006843
-21149210
7997959
Not Found
-1610930
2837080
-21073057
Not Found
6473137
-17892309
17591031
-29439579
Not Found
-6542115
-8215727
-6295170
9531986
148752
55195080
-78754
7462388
-3223942
Not Found
-3223942
-16549797
-3223942
-1812654
-19781569
-9237338
-463202
-1966731
-56194020
28832061
6862015
-254249043
-23714581
34215998
7196455
-33893314
Not Found
42427298
4064421
2462542
-47434379
22676700
