15880593
26221069
-576014
-6669241
9076383
16480648
-19523407
15850128
12606136
6595488
Not Found
47210168
-676368
Not Found
12329666
-29731084
18779300
-12654311
29391711
11764589
-17923909
-744205
-10713633
-2028784
37650243
-5088760
11266487
10379239
-3118794
-18477168
-200492
-2386435
8611973
11638417
16676257
43478672
11578870
-4366760
-4120905
-5091858
-16028285
-18861600
11834360
Not Found
8981575
-5344684
-6644398
85053385
2732965
-8366037
3688653
-23167178
Not Found
Not Found
31501288
-54718030
-6300027
2357110
-7577935
13396153
24024124
15997674
-45679243
1815069
Not Found
Not Found
Not Found
-1433100
Not Found
9299098
4537570
Not Found
658033
-4534126
Not Found
9114860
19876483
Not Found
Not Found
-14495763
12135849
-15438298
Not Found
Not Found
Not Found
19883969
-45679243
6068472
Not Found
1085288
-8476231
87560278
-8792541
35476490
7805318
3486026
1329370
4951162
16839839
-9136208
Not Found
Not Found
28235574
Not Found
-16705051
Not Found
Not Found
7278115
169203819
48897572
Not Found
-8410317
16839839
-7026261
8020465
Not Found
Not Found
17538196
-25142494
11578870
47371237
-16705051
-18426530
-4630969
Not Found
-6775127
25482802
-3479887
33289267
-1526546
-8651259
7665680
-94128
20636210
651307
-29985211
Not Found
-1756309
Not Found
-33982821
Not Found
19752419
Not Found
Not Found
11747585
1616129
53531130
Not Found
5523205
8721412
-3697790
5953790
Not Found
212913
-18638984
7559987
14537513
5539297
-13475440
4170900
20796284
-28456120
7616490
7199160
-112748
-21759499
Not Found
Not Found
6463467
-1772995
45725766
-13255169
1666863
-6646674
13396153
2965459
10067633
5865254
24191974
Not Found
-39084949
2365078
-6644398
-6653282
22165178
Not Found
15375580
64075603
-11845235
38080937
1775924
-27821230
-8715521
Not Found
Not Found
17340525
10169292
-9239348
-23824473
-4519128
978350
-3537975
-3134824
13823407
20828499
8984271
-2108936
-5997585
11764589
-6133222
23550057
-34358994
Not Found
10882267
5208346
4482402
-1098491
-8833181
29184180
Not Found
-17993527
-8802977
6493796
-8481663
Not Found
-6983298
-160658
15997674
-11845235
37650243
Not Found
-8430154
35591554
9737104
-21320278
Not Found
Not Found
3518635
2833164
Not Found
5155424
-44952445
6288704
-27283031
-56640324
18652051
-51574242
-23951418
1605730
-2585205
-21197880
251770
-9614726
-9239348
-3479887
2526264
7220118
Not Found
45725766
-7747151
Not Found
9301401
Not Found
-6307025
-794915
49198559
-9437856
Not Found
-12757916
-11633763
53549807
382160
18725096
-2915493
11578870
-49611041
Not Found
Not Found
Not Found
Not Found
10379239
7082474
-4906492
Not Found
-2386435
-19520020
-27821230
17340525
Not Found
Not Found
9191980
-28456120
-1082664
51466641
Not Found
-624271
26131103
-26414020
-14725879
Not Found
5121905
-6631130
28576896
-28456120
Not Found
-6898298
22186913
-2680243
3269819
-7540145
-7405240
-25444576
3380227
32130263
4646118
-4906492
Not Found
-2522050
29184180
-1781057
Not Found
6302680
-5164470
-3493966
4151971
-58047800
-19520020
9018513
-3415560
Not Found
-50486757
-4000199
29820052
607531
-7052916
56460189
-4688894
Not Found
Not Found
8253222
-490164
-1040320
259793
Not Found
Not Found
Not Found
44983048
-740774
-6646674
-39660236
22093880
-58047800
7255359
-6983298
12364290
6662575
-20227962
Not Found
Not Found
-11947290
-18862661
-9306020
13396153
-14725879
3631188
-6488213
-1726057
Not Found
4162635
13608586
25133661
1871382
-22862823
-2230777
2056043
-22409844
38080937
Not Found
-23167178
-7251329
1361841
1696336
2507370
-1527168
-34876511
10858544
9018513
1919024
-34371219
-2714481
-17923909
-7760114
7559987
35591554
4848981
-6133222
Not Found
-75330408
978350
-6644398
-9482539
Not Found
7278115
5703711
239969
5306907
12710642
17461870
-14829150
-8275820
36479198
-9442137
Not Found
10254375
6198452
6294885
-10945140
85053385
5208696
20796284
45725766
-10894340
-3063638
-10678422
8375692
24614166
5740405
-17348014
-2386435
6672066
2495401
-8366817
-6087582
24024124
-44007826
9511943
24002532
-12685692
-1567707
-11096888
-7838827
-54718030
-29609505
7559987
24002532
10858544
-7777314
-1376827
-10669914
-1664915
-22090531
-556157
30693980
Not Found
-21197880
Not Found
-5115700
2507370
9853276
24635865
29184180
18007317
5304198
8370835
9426321
Not Found
18652051
18007317
-5939789
6672066
5273814
2438721
-8563073
887847
35744531
9756406
47530240
-18156298
Not Found
Not Found
-7981384
68216432
Not Found
13315191
Not Found
8800156
Not Found
Not Found
-23276697
3745415
198866530
-22069958
26131103
-25142494
4195405
-39660236
-624271
15850128
23779839
-9072235
3716664
-115401843
-3483403
-1784944
1049945
-5662286
-1517715
-1576783
35476490
Not Found
30105986
-6363892
-17825990
-28976981
-7224472
-14725879
94779
-29073059
23779839
-34358994
3742025
-4841755
7403642
5273814
Not Found
22093880
-3295698
16272430
Not Found
Not Found
Not Found
Not Found
4821965
14010939
39002945
-6300027
3556477
Not Found
19752419
40834283
15997674
Not Found
24614166
22623919
-5449215
7278115
-13596203
-49611041
24191974
56460189
-6377064
-56909546
14411960
-8474893
-3063638
-6898298
Not Found
-7939015
Not Found
15375580
-28879722
8370835
18779300
-4906492
-56640324
-15438298
3577520
-6531557
-16959397
2048994
47210168
4170209
-3983345
24614166
17340525
20655694
7295127
9531463
16431605
48897572
18725096
-13596203
Not Found
31586921
-3265155
5484737
13784030
-6126062
Not Found
Not Found
13396153
-24516518
3311432
-25583985
Not Found
22770031
Not Found
Not Found
-58047800
5280368
-2139811
-4353330
-3295698
-5623970
Not Found
-1433100
576307
22613404
22093880
-6191264
80890609
-3134824
-11182425
7579519
Not Found
Not Found
Not Found
-13239328
Not Found
-24325834
Not Found
-14829150
-7709168
9114860
Not Found
8638721
1140895
19150466
Not Found
9241014
-34999872
-994872
-3991041
Not Found
Not Found
32104124
14771852
5141889
-73935759
21454603
11764589
10716252
18007317
-25142494
132859513
-11464384
26339231
-44007826
-28456120
-51574242
24470871
9761523
10882267
2763647
Not Found
33991219
7665680
-10537130
45890963
7732077
29840550
-28875742
13271798
34308265
-1186971
Not Found
50795411
-8100711
Not Found
-2175900
Not Found
-697523
Not Found
14771852
Not Found
-6363892
Not Found
6453709
-4231349
Not Found
Not Found
5141889
12010790
19752419
1127076
10067633
Not Found
-5419716
Not Found
11266487
-6889749
9833113
Not Found
-11947290
Not Found
Not Found
17461870
17461870
-55375005
-9024149
7533064
Not Found
14771852
Not Found
3185396
25133661
5865254
-24737528
8598373
-8772684
2310385
5865254
19117262
Not Found
Not Found
15850128
Not Found
-816804
Not Found
Not Found
32926237
33289267
Not Found
2833164
Not Found
-6096586
-39260436
Not Found
-3963538
23471510
Not Found
-65319814
-4835142
-3141388
Not Found
-6707339
350893
20729495
-9043356
-24684490
5261587
4951162
12092758
-11531286
Not Found
Not Found
-7857765
13366913
-6307025
Not Found
-21652752
-1526546
4318389
-6066798
Not Found
-8140977
-9410765
2224655
-2782865
24024124
-29731084
-13255169
13766375
16272430
29391711
3745415
Not Found
Not Found
Not Found
-227770
Not Found
-1111443
-18156298
-12685692
13462728
Not Found
6302680
26947706
18779300
5808520
-522909
-3063638
-6362911
30561453
44983048
23779771
8415375
Not Found
40834283
Not Found
-11633763
-18862661
46763603
2436225
53531130
56460189
8598373
5353086
-256422
2829418
-6384309
5873600
Not Found
7221133
16748426
8598373
28090182
9737104
7656680
6166648
Not Found
-8027054
8829049
Not Found
29820052
-2549353
5162194
-24356749
9737104
Not Found
-15438298
-3904525
-4789262
17461870
-14855738
Not Found
212913
Not Found
1507142
13396153
6557183
-44007826
-4624823
13784030
-3118794
-6192198
13366913
Not Found
Not Found
1723336
-3676641
-3288994
11578870
-2767279
34308265
-2110070
Not Found
-21581321
3029508
12789911
-3904525
Not Found
Not Found
Not Found
-16639019
8411201
3712378
-899289
4195405
36479198
9301401
-2522050
-2965734
Not Found
4859091
-23511817
Not Found
4646118
15566097
1775924
-227770
Not Found
-28875742
-13361046
-8018163
12355992
Not Found
4646972
-1862446
Not Found
-11269168
-32548650
25482802
-39660236
212913
-14334649
-8870579
6453709
15839973
29391711
-51276297
11764589
-7405240
Not Found
7429589
7251881
Not Found
-22090531
1865500
16839839
18007317
-7265311
-9570532
65155813
-4753124
-11947290
-10022508
1997750
10067633
-5091858
-19657559
Not Found
6966221
14953888
48897572
-21197880
4018168
Not Found
15850128
6872268
16080661
Not Found
21154724
21818414
18007317
-9084616
-80952179
24635865
-18803993
-16959397
-8983233
-22615625
Not Found
50158
-6889749
-16639019
8376191
-26407225
49198559
-10879235
8244781
14953888
38080937
-10945140
-11859054
16875346
25133661
21154724
Not Found
44408668
Not Found
-3063638
-16255981
9301401
-16742569
29184180
-3415560
Not Found
85053385
Not Found
3518635
-29731084
22093880
-9158497
Not Found
28576896
10169292
9938341
Not Found
-6362911
2989457
11578870
-15138032
-6610682
11764589
13888116
8253222
Not Found
-5238715
87560278
Not Found
13396153
32130263
-39400710
Not Found
-6610682
9904027
-7981384
1127076
-14609693
-4459814
-28770948
-4456260
Not Found
12355992
-9462130
47210168
-22409844
7665680
18713698
22128040
44160051
-10902247
-3089614
17456464
Not Found
11638417
-2960022
6851013
-703675
14433811
10525983
-11286233
-10902247
46763603
34308265
5408450
-39260436
9018513
-6646674
Not Found
1871382
-7436108
Not Found
-3483403
-7709168
21680491
Not Found
11638417
-5623069
-4722617
16839839
-18803993
-25583985
-2008584
-23167178
-3382204
Not Found
887847
Not Found
-60548511
Not Found
9167794
-18711545
5187477
5473271
Not Found
-2342083
-3358831
8261932
44983048
Not Found
5077538
6302680
Not Found
Not Found
Not Found
-22069958
6525386
-11464384
12193154
-5101241
63918411
14695240
7779723
-19523407
Not Found
9063783
6030674
3196193
-9442137
1627658
25148184
-2522050
15602381
Not Found
Not Found
Not Found
-4616493
2833164
9479723
Not Found
-3782716
-17825990
-3983345
-16742569
-19520020
-50486757
-39198447
-3063638
3745415
-13745432
-3244982
-4886413
Not Found
18501569
-25583985
-13239328
26339231
3518635
198041
11764589
23934416
-7049149
-52860388
40834283
19157213
9018107
-6644398
68216432
47371237
-13233018
-786399
Not Found
4130414
137140305
26221069
-9060753
Not Found
77627288
Not Found
33289267
8083573
-13239328
Not Found
26131103
-52860388
Not Found
5020733
745428
Not Found
-8232507
-3049491
9242956
-6689614
Not Found
Not Found
-13745432
-17923909
1533967
-6960940
9497778
30693980
Not Found
-8561752
Not Found
19968076
3518635
Not Found
738418
-41526351
Not Found
-10713633
-2602464
14705875
2510312
Not Found
Not Found
Not Found
-1511242
37036931
Not Found
26339231
Not Found
Not Found
-14334649
12092758
-8640971
13823407
32926237
-4624823
8686556
16272430
15602381
-27821230
Not Found
-3730909
Not Found
Not Found
5473271
-60548511
-37148175
-7728512
47530240
Not Found
Not Found
-11633763
-2286696
-2627924
-10022508
8859273
18627509
Not Found
17883700
-25950528
-8901329
6302680
8721412
Not Found
35591554
-61426488
23779839
-9933312
-19520020
20729495
13366913
-3983345
15850128
28011330
18779300
Not Found
1281126
-8757793
34635760
15880593
-2522050
-8802977
Not Found
43901388
22128040
2588003
-6699234
6351765
-11116994
-9172246
13396153
Not Found
18270565
11578870
-75330408
3094521
Not Found
13823407
14968126
-899289
-1050916
-10945140
-5780645
65425963
-3277281
-7984677
7388970
-37148175
-11947290
-14495763
-1114775
-24325834
Not Found
-23908296
23889989
-8042197
Not Found
Not Found
19752419
4951162
-6113762
6798143
Not Found
Not Found
Not Found
7011412
7855199
-4616493
Not Found
13784030
7295127
-5438287
-44007826
-4906492
-7981384
-22090531
-6363892
-8572156
Not Found
Not Found
Not Found
-6576193
-4222139
7732077
Not Found
-16639019
3722044
415037
Not Found
45237673
-4490385
6713170
-6293337
Not Found
Not Found
22128040
Not Found
18501569
Not Found
-58047800
5146181
22093880
25148184
26131103
2833164
10860542
20848842
17826562
-41401808
15799283
Not Found
721902
37650243
Not Found
-29073059
2506426
34635760
5964763
Not Found
24635865
-589055
-13239328
10716252
7579519
Not Found
20796284
-33982821
1782784
-5419716
6063288
15880593
35719232
Not Found
4411885
Not Found
Not Found
953720
10287555
-16705051
26131103
6453709
Not Found
2310801
-7436108
-115921153
3745415
Not Found
17340525
-8282409
-6363892
Not Found
-45946986
21110522
Not Found
1858220
Not Found
6463467
-11269168
Not Found
Not Found
Not Found
-5738076
-8749316
-2028784
2865069
9018513
-776560
Not Found
14411960
5273814
60611898
-19953746
-11269168
Not Found
-1081104
28235574
-19657559
70887409
22613404
-21872833
-5623069
-21872833
-6898298
12355992
11764589
-2108936
7559987
-18156298
-31791694
-9166589
7701342
15880593
Not Found
45237673
-7379369
6068472
-28437099
1888760
Not Found
17519353
40834283
-34371219
-39505548
-23807929
Not Found
1049945
12789911
19237458
14740563
-16705051
10067633
-25950528
Not Found
-8086937
2507370
21564239
-638901
Not Found
-9183031
-58047800
-5091858
30845001
-49611041
Not Found
-639144
10716252
1994006
-25950528
12606136
9114860
-27821230
15135421
Not Found
26221069
-16092752
14740563
-39660236
12355992
-45679243
1979084
5873600
2531808
4170900
-14767646
1330118
18007317
35476490
93315834
-2602464
-5696616
-5949021
Not Found
-1075709
-16144507
5549646
-1430718
64075603
830719
-1430718
Not Found
4664809
-28993901
-39084949
8909688
32104124
6068472
22165178
2813948
11578870
6149762
-7349080
-52860388
884990
9519989
Not Found
9255893
3311432
Not Found
978350
-4477470
Not Found
817660
169203819
12355992
-112748
-6576193
3094521
980082
-2490932
Not Found
Not Found
2570909
296505
4622089
29840550
-29499127
77627288
-10747498
-32368485
-16255981
-6889749
-18711545
978350
-54718030
24401262
14695240
-8171758
Not Found
Not Found
Not Found
-3483403
22770031
-32368485
25148184
23779771
9398941
8261932
Not Found
Not Found
-3143211
-42769721
10533678
18779300
Not Found
-82260011
-4086960
19968076
-29985211
Not Found
5541996
Not Found
14826390
44254264
Not Found
Not Found
Not Found
-2522050
-4000199
-4353330
Not Found
-8459022
12355992
39002945
-9433278
31129225
Not Found
8244781
30693980
Not Found
28011330
38080937
3745415
-11735697
1312124
-13255169
3688653
25994666
26599222
16966147
23471510
10822546
1099684
Not Found
Not Found
-17825990
10169292
Not Found
Not Found
Not Found
17456464
Not Found
Not Found
20796284
32827067
-92906259
Not Found
21454603
-88511
47371237
Not Found
-2286696
-7266581
5186659
78301
Not Found
Not Found
1583414
-9925648
Not Found
-20227962
-2353484
7732077
-698551
Not Found
Not Found
-1739012
8598373
9598730
43064637
Not Found
-6415702
-17956795
10927541
-22409844
-20104106
Not Found
-21872833
25994666
7295127
-5684139
15799283
8894526
20796284
-2363692
2411671
-6983298
912467
Not Found
9924541
-4688894
-5623069
Not Found
Not Found
70887409
Not Found
Not Found
Not Found
212913
Not Found
43901388
5961858
-17993527
-18861600
Not Found
6938655
17519353
-3697790
-11845235
Not Found
11578870
953818
Not Found
Not Found
2833164
19435518
8981575
-7810951
9299098
-5937187
4951162
14968126
11157920
-49611041
24191974
9635927
7028354
Not Found
Not Found
1799490
-3537975
7388645
212913
-9889885
-5372642
24191974
-6504082
15799283
-44007826
6713170
1186789
2436225
-39660236
1328505
9183230
-2286696
Not Found
-1376827
4969353
-2531794
6525386
-42769721
1085288
8909688
Not Found
-4920042
-22386451
Not Found
-562510
-577487
Not Found
-22386451
22613404
-107010
20848842
Not Found
-15788738
-9342755
22623919
39002945
-2177997
Not Found
-6983298
-45407826
212913
-8970426
39002945
-3451096
16272430
5740405
-16069120
-14663937
Not Found
4651374
953705
-5306237
20396575
70887409
14740563
Not Found
1159182
-19034054
147724342
1146438
-61426488
-14958314
2507370
17519353
18779300
7138013
Not Found
-7266387
11638417
-14070773
26339231
-3375503
Not Found
Not Found
-3671414
-19953746
29391711
651307
Not Found
8598373
-12757916
23471510
18432929
-4545704
21154724
5443279
7513495
Not Found
3849829
18501569
Not Found
745428
12187139
9875389
39002945
-13596203
4434764
-19034054
14281890
-39505548
-663974
Not Found
-37565553
Not Found
-5437286
1089900
Not Found
Not Found
-23442718
-22409844
47859244
3351504
16882734
28834443
-3969429
22613404
-52860388
8748171
1049945
-16255981
5653524
1503869
7060128
-1106622
-44007826
14695240
18725096
8393364
Not Found
Not Found
Not Found
15880593
12789911
16748426
18750361
Not Found
Not Found
658033
Not Found
32130263
-8986162
43478672
-9065690
-14725879
-3904320
21154724
-698551
-1517715
-8875978
-29028310
-10395994
34308265
-29609505
35913284
-10945140
-1845338
9635927
-14958314
-28875742
-9989257
-3063638
-9327734
22770031
-1664915
Not Found
Not Found
Not Found
Not Found
-1990570
1061365
30105986
-6011336
344307
-16639019
29505897
2048994
3518635
Not Found
-7407694
Not Found
848245
15135421
Not Found
2184525
17538196
-10902247
-521917
-6255602
-33982821
47859244
5186659
5782260
-2009058
Not Found
6068472
9793539
15799283
-45776738
Not Found
29434829
-33358670
19883969
Not Found
-37689127
-1726057
1163400
-3063638
-6133222
-28875742
-10022508
-29731084
4951162
Not Found
19157213
13396153
25133661
Not Found
-52390443
-5001549
6506931
-7065591
Not Found
-1355312
4472131
-2108936
45725766
-9043356
Not Found
7764023
-3426978
-39400710
-1576783
13151727
-8802977
-4675280
11747585
-1739012
11157920
Not Found
7567182
Not Found
-37148175
-5623069
12960450
171628
-3983345
Not Found
26131103
-2550337
24635865
Not Found
1086363
-9298488
8396903
13865270
-2345464
Not Found
-7451374
-95746
Not Found
7348740
3052422
7063388
-8563073
-7364349
22093880
-308210
Not Found
-9433278
Not Found
-11754059
6453709
35591554
6662575
-25911754
3221633
9671875
-496783
8800156
8897929
16839839
-18862661
-36486674
-20104106
-521917
Not Found
-18862661
-13438995
9737194
20729495
16724828
Not Found
-3929448
Not Found
-10894340
Not Found
-5624222
Not Found
Not Found
-2876171
Not Found
-698551
Not Found
-5186995
2833164
-8891287
8411201
47371237
11764589
-23167178
164538
33289267
-16028285
46452442
4216340
-7981384
-30125012
-6983298
29505897
Not Found
-13255169
-28771740
Not Found
-34358994
Not Found
1479189
5473271
13315191
Not Found
28235574
4646118
-706033
32130263
-759608
15799283
2806465
25133661
20396575
Not Found
Not Found
Not Found
792820
Not Found
-924150
-19438748
Not Found
-21115635
-22862823
-5568041
Not Found
9407960
7321748
5375201
Not Found
-16705051
Not Found
37036931
26599222
-4876128
18007317
5633839
29840550
10875620
-21872833
32104124
37650243
-17348014
8370835
14494965
-7379369
3016945
13396153
-39260436
-52474448
-23541806
7559987
Not Found
2652891
-24356749
-20779819
-1350486
20796284
7512044
31129225
3745415
-14725879
20729495
-14334649
35719232
-1081104
10716252
4195405
-7857765
8202914
-7049149
Not Found
-26407225
-10395994
4590086
735358
-15138032
20655694
656735
4170900
10467198
31129225
-13886223
-85033
7327445
Not Found
Not Found
Not Found
-27283031
1871382
43901388
-56640324
-3125118
Not Found
327495
-28420191
8667401
18652051
Not Found
Not Found
7742991
2663668
Not Found
21608919
Not Found
3745415
-9306020
3205143
Not Found
-31628247
978350
12789911
1633933
Not Found
-5054392
24191974
-11633763
9255893
4434764
4951162
Not Found
-6344611
7559987
12606136
Not Found
Not Found
3316238
Not Found
-8050157
Not Found
30105986
2589800
14494965
-13901424
1134070
33289267
13396153
30561453
5437050
-3435093
Not Found
-18638984
-796224
-6230322
Not Found
-2244521
6952446
-3382204
-6889749
Not Found
8020465
11266487
-8282409
54984578
-4473293
Not Found
-22409844
19117262
13396153
18736830
18725096
38563192
18432929
-5536073
5020733
7695697
48897572
-6363892
Not Found
-24159481
8411201
-21654385
-2386435
Not Found
Not Found
-1080466
6133055
-3778445
54771155
-4790322
Not Found
-9414393
18007317
-19520020
-5270676
Not Found
-2286696
13688301
10525983
-13504127
164538
-2353484
3577417
-44007826
6294885
-9433278
-699968
-1379544
Not Found
Not Found
9756406
-5115700
-16451439
5622662
Not Found
-82260011
Not Found
1227249
16272430
3486026
10858544
Not Found
30693980
18627509
Not Found
98437892
Not Found
Not Found
Not Found
Not Found
-13445953
-17344249
Not Found
Not Found
7937892
-8068855
978350
22770031
Not Found
-7250247
20396575
2411064
Not Found
-2965734
-56640324
Not Found
-9043356
8057121
-29609505
Not Found
-2680243
Not Found
-14663937
46098689
-29028310
12092758
23048606
22931376
Not Found
68216432
902078
-17239838
Not Found
3029508
-1726057
30561453
-28456120
20796284
-39097414
Not Found
-5825016
Not Found
18270565
35241626
762123
-71103613
4302078
-6983298
-349794
3961653
-4886413
Not Found
27934727
Not Found
13281469
-24516518
Not Found
9018513
40412419
29820052
Not Found
41520940
28576896
-58047800
-3299300
Not Found
-33146499
4357233
3518635
3311432
Not Found
-5062646
-3502227
212913
Not Found
-564782
-4459814
45237673
-3479887
9018513
2553076
Not Found
-4748306
-65401106
-8413713
-3556963
-14070773
3311432
Not Found
25994666
Not Found
8695531
216378546
-25583985
Not Found
3029508
7205802
-9230136
44239559
-16028285
5349973
Not Found
-19520020
-13012413
-28419824
21353414
Not Found
Not Found
-25444576
25516221
-25010614
5951524
12193154
12355992
-56640324
Not Found
Not Found
Not Found
-2952547
-34999872
Not Found
11578870
4440706
-69464190
-6610682
2391831
25856771
15135421
31129225
24470871
-37689127
-39097414
-8640971
-1759484
-9306020
4098718
-10022508
-4373066
25372598
6525386
37650243
5539297
Not Found
-3838101
-11873686
13764377
-17348014
-37565553
-27283031
-51276297
934930
Not Found
11689136
8421932
26949226
-3102809
-163309
47859244
-7787136
-13239328
38080937
Not Found
-4935491
2752944
Not Found
19435518
7275906
-7262862
11329483
-10395994
85053385
-36486674
Not Found
-1081104
Not Found
18725096
14538023
3727950
Not Found
6674522
11578870
1371587
Not Found
8894526
9878443
268233564
10514397
Not Found
-24516518
43901388
8001719
-3466299
93315834
-1726057
-39400710
-16639019
-2020035
-7149195
Not Found
23471510
-4256989
34799206
-33406999
19752419
5311510
17519353
12193154
23889989
3716664
27019048
-941400
-2559714
Not Found
-28993901
-5558840
-13886223
38080937
65155813
12693397
-29088498
11764589
7083117
-39505548
-8171758
Not Found
Not Found
4145188
-2659265
8835867
-19034054
-16705051
9938341
3338778
-3904504
-17348014
-28976981
1605730
2652891
24635865
54085419
Not Found
9092428
26221069
Not Found
-3161885
15799283
47371237
1312124
5575692
251770
49420483
7095841
3904318
32539318
-10537130
Not Found
9286735
4622089
212913
3029508
23889989
13688301
-4624823
5141889
Not Found
6538352
64075603
26221069
14494965
-13712281
Not Found
-6898298
Not Found
482280
25482802
-16272853
13758227
-41401808
-2879220
46098689
-12023586
-7373580
-5468128
-7204073
-9084616
Not Found
-8802977
-8199264
-26414020
14529334
-994872
Not Found
Not Found
22931376
9531463
Not Found
-7655605
-744205
-14234913
14589420
16080661
Not Found
7463608
Not Found
Not Found
Not Found
-1517715
-9084616
4438128
502788
212913
16320203
23645000
7801772
Not Found
47859244
3745415
13784030
-62040734
50170129
Not Found
-8802977
13758227
Not Found
Not Found
4951162
-18803993
Not Found
4744464
-18638984
47371237
-521917
Not Found
-29731084
-7005875
Not Found
-3983345
-21581321
2055328
27934727
Not Found
Not Found
-7747151
Not Found
5141889
5622662
23471510
-10678422
18736830
-7655969
Not Found
28834443
-3784967
12092758
16272430
-12755174
12329666
5263506
-16959397
8981575
-58047800
39076907
-3026404
31501288
-8983233
Not Found
Not Found
-2913997
10716252
-2423848
35591554
-56640324
-21872833
Not Found
15720381
Not Found
-1350486
9114860
-19520020
3525174
Not Found
Not Found
5020733
-8802977
6301467
15725701
31501288
Not Found
-9166589
16272430
-1511242
Not Found
-11347397
28235574
-10945140
Not Found
-13886223
-759608
-1826108
-3575159
35719232
Not Found
7630894
Not Found
4951162
-10847019
-25950528
Not Found
Not Found
-11350845
-7065591
5575692
2485733
-6870193
-8802977
-18862661
Not Found
35719232
-184675
11578870
Not Found
14826390
32539318
19883969
2045258
Not Found
21564239
-2020035
-29609505
30553032
6845818
Not Found
-4495460
Not Found
-13255169
45237673
-8802977
26221069
Not Found
Not Found
10287555
2501570
3904318
8740003
21564239
6068472
-39260436
-5758259
Not Found
-45407826
-2008584
6030674
Not Found
Not Found
-29609505
-27283031
80274
Not Found
Not Found
47210168
Not Found
13888116
-794915
1159182
Not Found
68216432
7977220
15375580
17340525
-3143211
28576896
Not Found
-13948530
-5329174
-3537975
-9557113
50170129
3728936
-8068855
-8171758
49420483
Not Found
-13886223
Not Found
Not Found
-7583612
-6627013
2833164
21097898
34306179
2833164
8370835
-33982821
4179296
-52860388
-5952826
21564239
35591554
Not Found
7473526
21353414
16839839
-3479887
3269819
17456464
27934727
6302680
Not Found
4151971
-9623602
17340525
-8847014
Not Found
-6363892
-18477168
Not Found
-7204073
1582329
Not Found
13587119
Not Found
-10713633
-10972691
22770031
-7386892
-16255981
64169419
-4886920
-28456120
7630894
35591554
18218844
40412419
7665680
-5884981
Not Found
Not Found
-3143211
307018
776254
30561453
Not Found
47371237
Not Found
-44007826
Not Found
23471510
-3483403
-39198447
-10678422
4881125
18432929
-10678422
Not Found
-1466252
Not Found
-6983298
3311432
7665680
Not Found
5414582
39002945
-2522050
-2559714
-5186995
Not Found
-67156469
-7838399
38080937
-10537130
24024124
29184180
5471488
-19523407
-3134824
8721412
5937209
1455456
18725096
14251568
-1664915
-56640324
4195405
6417505
7616490
Not Found
-521917
-4081946
-14543326
Not Found
-4624823
36459697
Not Found
Not Found
-3663729
-1355312
11345785
8973336
Not Found
-33406999
Not Found
7063388
-6870193
-45679243
-13722134
748597
-8000620
18270565
-17348014
23645000
-2209080
-6363892
29840550
-9064070
-39260436
-994872
Not Found
30553032
Not Found
Not Found
-60548511
-21581321
Not Found
-24356749
-28456120
31129225
5865254
5124060
-27349056
5473271
-14334649
23550057
-36486674
Not Found
4951162
-92906259
3029508
Not Found
43901388
-5092608
-4722617
-39400710
47210168
22931376
Not Found
9885165
Not Found
Not Found
2522765
-25010614
20655694
Not Found
-8041377
17519353
Not Found
Not Found
-8282409
36511734
-24737528
19876483
6056872
2510312
-3904525
-13242715
19968076
8460375
-1430718
-7065591
-45679243
26131103
-7110875
-22615625
Not Found
-1074193
-698551
-2108936
-698551
Not Found
9748513
-25583985
-39260436
Not Found
14968126
-71103613
-740881
-5592827
-6870193
Not Found
37036931
Not Found
77627288
-11633763
16320203
-90685577
-17348014
Not Found
-2147511
47210168
-8904362
-2549353
2073379
30553032
1315300
-6011336
24614166
-14416496
-782749
-18781467
-3161885
-3671414
-1430718
8083573
3637460
8598373
4985114
-6191264
30105986
-9783722
1533967
22931376
Not Found
11638417
-3676641
-28879722
-28074455
25482802
9063783
3311432
-2009058
-31791694
-19657559
4246897
-8481663
Not Found
-6363892
-42709391
Not Found
9114860
1112788
Not Found
-1080466
18501569
-17239838
12135849
Not Found
-8232507
16839839
7732077
-33358670
Not Found
-6898298
24999984
64075603
1980517
Not Found
29434829
3745415
7771371
2979556
Not Found
Not Found
607531
-10395994
-1332978
5865254
-16092752
45237673
13271798
Not Found
Not Found
47210168
Not Found
-7281282
-27283031
-10395994
6030674
5724016
-9043356
-39400710
15850128
30561453
38563192
17538196
-15418618
-23807929
9697129
-15627387
65155813
32104124
2429602
Not Found
13281469
3185396
26947706
-4231349
-17348014
11163511
164538
44983048
25372598
-6973920
-14725879
-4921571
-28509355
Not Found
Not Found
-7297153
-4441211
20828499
-1466252
Not Found
7234330
13151727
800014
7336965
14433811
64075603
19752419
-25010614
-44952445
-23167178
-21872833
-18711545
Not Found
Not Found
17161124
19876483
Not Found
-7995120
-17348014
10533678
-21652752
-18599545
-6614519
-6363892
Not Found
5273814
Not Found
12802455
-4906492
Not Found
Not Found
-7154749
-3134824
26221069
-5471892
3311432
-5685555
4786088
-16959397
-5630099
26599222
-14070773
-9433278
-9306020
-9623602
13315191
32130263
-2147288
Not Found
16080661
-5416441
Not Found
-6228959
32926237
2526264
-8523464
448112012
1997750
19883969
Not Found
Not Found
11680634
Not Found
-8214097
2833164
-2009058
Not Found
68216432
-5091858
-6006151
164538
19488550
-7683056
22931376
-23167178
30693980
3278819
16272430
5575692
16080661
-5304880
20655694
7805318
32539318
Not Found
-18638984
-14698071
Not Found
-6011336
12789911
-20779819
-8173146
-17348014
5473271
-5254655
Not Found
Not Found
-34371219
23779839
-51276297
25482802
-29985211
762123
-5676552
17340525
58212568
26131103
-18638984
-13745432
45237673
9260110
24996234
Not Found
7753509
-4888518
9918151
Not Found
Not Found
-10972691
Not Found
-2272990
-16028285
6798143
1303748
24635865
-2522050
65425963
9635927
Not Found
18007317
137140305
-8341676
17519353
Not Found
25586619
-9623602
22093880
4302078
43064637
-4624823
-14273468
-4688894
-7995120
20636210
-7981384
-7053937
2449523
4963575
8260841
4219558
25482802
-48292926
-3161885
-81156001
3745415
8502318
Not Found
-7800356
14629285
-24516518
-14334649
-881772
-5115700
-23807929
Not Found
Not Found
25994666
1877883
35476490
3334315
-19523407
-21197880
Not Found
-16028285
-6644398
19488550
39284869
Not Found
11312070
19237458
-8610349
34799206
44983048
Not Found
14826390
-20779819
-118141
-39421474
64075603
-14725879
212913
5273814
7630894
-10537130
20396575
9845975
8948984
-8871203
-4739390
-3605950
19929254
15850128
23779839
35591554
13823407
-6488213
-6898298
Not Found
48897572
-5989162
Not Found
19157213
20729495
-729624
34308265
8829049
-521917
22128040
19237458
-6363892
-6716066
29391711
Not Found
-39660236
-52860388
-11269168
1328505
3745415
Not Found
8960649
3577520
-14958314
32827067
7779723
651307
6798143
Not Found
-25583985
-29073059
-39400710
-14609693
Not Found
-6646674
17461870
-10972691
Not Found
Not Found
-7386892
Not Found
93315834
-23908296
-10521186
22128040
87560278
Not Found
1281126
5336491
26947706
5273814
-17993527
9652976
Not Found
-788144
-6300027
14494965
688
Not Found
8352676
-37148175
25372598
-8214097
7295127
-3390981
1299580
-3991041
1186942
-14725879
-281632
-1570919
Not Found
23550057
24191974
Not Found
5852423
126944
21154724
29820052
15764984
3486026
1047788
24024124
-15202798
35591554
Not Found
5825163
-9043356
8370835
8619750
198364838
-21320278
10716252
3651420
6302680
512137
-21652752
-1376827
-3782716
Not Found
-2559714
12355992
-3136098
8502247
Not Found
9114860
-11464384
-15138032
Not Found
7862480
-3752442
12135849
-28976981
-28437099
Not Found
-21320278
-27821230
Not Found
-17348014
Not Found
3311432
2940885
-28875742
-2522050
Not Found
Not Found
-10713633
-17993527
Not Found
-7373580
19617422
Not Found
3740327
15480337
11677769
-17825990
29840550
-16959397
-6836202
-577487
-14339195
19117262
-14663937
-2959659
28834443
Not Found
-34274487
6417505
-5063900
-3193406
20550656
1266257
-4120905
762123
11578870
-23167178
Not Found
-16705051
-8199264
-28437099
-39400710
-37689127
-28879722
Not Found
6493796
-11947290
2169341
27948401
Not Found
30845001
-18638984
2898930
15725701
24024124
-12419259
-6135797
Not Found
-5697101
9152284
-10155710
13865270
-16705051
-8000620
-3185685
37282660
11638417
-20221569
-39260436
Not Found
-1081104
15135421
Not Found
-19953746
15880593
-1862446
Not Found
5575692
43478672
-16639019
338568
-39084949
11578870
-5623069
Not Found
7764023
-13239328
27484112
16748426
-14495763
-8429651
-10983864
Not Found
368338
16272430
Not Found
-4750052
43901388
-21759499
Not Found
-7583612
10287555
-4616493
24635865
-23167178
-14495763
-5392759
9191980
-39260436
-20779819
-3438758
9598730
-9865480
5648012
-215567
2391831
3205143
Not Found
30105986
-5186995
5458475
-866771
98437892
19157213
-5453762
24002532
8718404
-11549656
-9288835
-18711545
156548592
22623919
-5186995
29840550
47371237
6538352
683015
4219558
-8459022
Not Found
18218844
-4886413
-2237803
Not Found
-2276519
27934727
Not Found
Not Found
-14609693
Not Found
Not Found
953818
-13499785
Not Found
-4616493
-4467139
28235574
1035284
Not Found
-2286696
8354042
-4663853
-13239328
18652051
98437892
-1898646
-4906492
29505897
32827067
30020436
-4459267
3651420
-21320278
5633839
-2012972
13366913
-4794756
Not Found
10525983
Not Found
20796284
98437892
-1430301
Not Found
164538
-34999872
307018
23471510
22093880
-6006151
9301401
38080937
Not Found
-3250025
-2522050
3311432
45725766
20636210
24614166
8210745
-13239328
-23541806
Not Found
Not Found
-14070773
Not Found
26599222
-16705051
Not Found
7388970
-16678040
4195405
Not Found
Not Found
Not Found
-39660236
Not Found
11689136
-16144507
8928406
Not Found
-16215743
-6344611
-6983298
56460189
6209712
-3482800
16431605
-4545704
-60548511
-8749316
9018513
-3161885
Not Found
4695123
Not Found
-2522050
-49611041
21086496
37036931
5703711
7878257
20848842
-44952445
-8302797
7063388
Not Found
23779839
-16028285
29840550
8352676
4195405
6304041
-4616493
Not Found
-14663937
24635865
6304041
15799283
32104124
-48292926
5114824
37650243
1677783
-17993527
13271798
-3134824
Not Found
23779839
Not Found
-4841755
22093880
-10531820
28011330
-8481663
Not Found
1921372
7579519
-5874734
25856771
-7111876
Not Found
85176222
Not Found
Not Found
Not Found
33289267
Not Found
256525
-4886413
Not Found
20396575
3713371
-13239328
-14334649
-13239328
-23824473
43478672
Not Found
Not Found
39076907
-8398369
-73713330
-3018794
-10902247
21454603
-17348014
-50486757
-19520020
4195405
37036931
-8349667
13758227
Not Found
6893479
35699883
5336491
6135347
-8214097
-9632146
11764589
Not Found
167847
-28456120
-6054839
-31791694
7665680
20396575
26131103
112116
9114860
-9804304
2684732
8001608
37036931
Not Found
31501288
721020
Not Found
12092758
-26407225
11764589
5103248
Not Found
-24057129
Not Found
-3542227
47371237
-5270676
-25444576
512137
18779300
-9025044
10169292
7665680
-2096574
2438721
9526561
19752419
Not Found
5176970
Not Found
-14334649
1908325
Not Found
-4790749
-6113762
1694415
7278115
7665680
-17993527
Not Found
-5419716
7295127
-6585532
-4886413
19488550
-29609505
-19953746
-18638984
-9043356
32827067
19752419
Not Found
20796284
35744531
19883969
-5091858
16839839
-28456120
47859244
-5091858
9608105
22165178
15839973
-6363892
15799283
29840550
38563192
-8003598
Not Found
3745415
-39660236
-18156298
23550057
-1081104
13396153
93315834
-8345735
-3079925
12606136
24401262
20706001
-24325834
Not Found
-12887416
15799283
Not Found
410527
-6707339
-25583985
-34274487
23101735
Not Found
43064637
-3588568
-2108936
21154724
13274631
-9043356
5633839
Not Found
-8214097
46098689
Not Found
Not Found
-26407225
-39198447
6511569
1117840
54251976
4537570
5984143
8714988
32827067
25516221
36090050
5137263
-8050157
3745415
6889219
31129225
Not Found
-5799914
Not Found
-28771740
-521917
-56640324
10533678
7393460
1303748
406385
25994666
-15202798
16676257
-16028285
-10879235
Not Found
-34371219
-10713633
-4194499
-10022508
23645000
-6663243
-8310095
16480648
-6363892
-18880351
-5419716
4238710
29391711
2208239
6154132
12152996
-16144507
-39260436
-10945140
-21652752
Not Found
13823407
-6644398
Not Found
14771852
6657708
-12654311
-25010614
-8701012
4951162
Not Found
20636210
Not Found
-2151672
Not Found
-69464190
-25583985
30105986
Not Found
-2522050
-20847837
-2386435
-5270676
-10945140
Not Found
-5806607
46098689
13271798
49420483
10067633
32926237
3311432
-34987126
11297268
-3375503
Not Found
-10713633
10109335
Not Found
198041
-5453762
-6576193
-6363892
-11753835
307018
-39877961
30561453
-37689127
14192890
26947706
24191974
-977495
Not Found
-56640324
-28976981
-2353484
-14994319
Not Found
24543599
830719
35719232
16676257
56460189
Not Found
-6087582
26947706
9737194
Not Found
8352676
Not Found
15799283
Not Found
-25010614
-10945140
12789911
15375580
-3134824
Not Found
-27195606
-11633763
20655694
-19438748
2428325
Not Found
Not Found
Not Found
47210168
-5514497
-17993527
1062175
Not Found
37650243
Not Found
-58047800
Not Found
1455456
6006287
-3372625
-25142494
-14958314
2692447
13366913
Not Found
-3483403
4624514
24470871
-16451439
-1477993
16882734
Not Found
9938341
16839839
27934727
2129207
43064637
3754718
26221069
34635760
-5048151
Not Found
5473271
2501570
11638417
93315834
-22386451
-15079967
9875389
-9063769
9737194
-10945140
9018107
Not Found
-25950528
16839839
Not Found
Not Found
2673831
8598373
-23167178
24837527
-6644398
16080661
5951524
1664059
-8638316
4948445
-7379369
-19520020
15880593
14109777
-24325834
Not Found
Not Found
-11269168
381457
-7451374
Not Found
-9166589
-9016141
-3063638
-37148175
35719232
8909688
-18803993
Not Found
-5048151
-13255169
9063783
9737104
-10894340
13396153
-402195
13396153
-200492
-6188610
19883969
2652891
29840550
18501569
33289267
-8366037
7158808
-5733891
8370835
5964763
4244186
15799283
-14767646
-2602464
-4231349
13823407
Not Found
12355992
-14767646
14771852
Not Found
-12654311
49198559
1466225
Not Found
7513495
38563192
Not Found
13010487
-16451439
198041
18007317
22186913
2507370
-11097813
23101735
9598730
Not Found
-5972445
887847
-7747151
Not Found
4951162
Not Found
-5676552
Not Found
-22386451
3745415
3193230
30105986
13823407
Not Found
-5437286
22931376
-14725879
1009926
-7810951
3278819
-5437286
7656680
4683822
-21115635
18652051
13823407
-15202798
16431605
2627345
Not Found
16272430
Not Found
7278115
-22527894
Not Found
-21320278
Not Found
-699968
-57692554
8611973
4042294
8514271
Not Found
44683993
-6080186
-16451439
10882267
21454603
Not Found
-75330408
Not Found
-24737528
4195405
-10537130
-92906259
23934416
-854647
Not Found
3525174
-9446914
-3063638
12135849
-28875742
Not Found
18007317
Not Found
77627288
Not Found
-10945140
1507142
-4420075
24024124
6950247
Not Found
-881772
-14855738
-698551
6166648
164538
-895851
-4231349
Not Found
29184180
3745415
4463772
-238486
7221133
-34999872
Not Found
4874714
-5199611
-36486674
Not Found
15839973
26599222
-26407225
-8802977
-2913997
20396575
10359451
-37689127
-27821230
25994666
10525983
-12654311
32130263
Not Found
6672066
29820052
Not Found
-5994992
23889989
-27195606
-3676641
-12755174
-1457936
-6644398
-7327589
28576896
933587
41520940
Not Found
-10879235
21154724
8291126
51466641
-5806607
1026039
5712826
-8072031
-24516518
25482802
10858544
-12654311
-3838101
43064637
-25010614
-37689127
2073379
4195405
6798143
-16144507
46098689
Not Found
22093880
1303748
1821806
Not Found
5763322
43901388
-13239328
-13608131
-39084949
-17430185
9553195
23779839
Not Found
4011213
37036931
-2020035
9183230
4095214
-5568959
-34274487
Not Found
24635865
-8802977
5852423
11578870
147724342
-65401106
14494965
-6488213
2353117
212913
3486026
-22207765
5575692
-5416441
-21115635
14494965
4098718
-14958314
Not Found
Not Found
-34274487
5473271
29434829
61077098
-6983298
3311432
Not Found
32926237
-6144813
-24737528
22093880
15135421
9737104
-34999872
-16255981
Not Found
8846602
4565432
Not Found
-9433278
9067427
Not Found
-45679243
-39400710
4170209
3185396
17340525
6149194
Not Found
6169467
36479198
-3983345
Not Found
Not Found
-12948541
20848842
24996234
2507370
Not Found
6056872
-6898298
34799206
14359126
3105626
Not Found
7295127
-10155710
-3704931
2534513
-11735697
22770031
-11947290
167847
23889989
Not Found
-13596203
10287555
-110789548
1804280
-18156298
5819537
-6531557
Not Found
721902
-26736816
-10972691
-25010614
8315088
22623919
-23167178
31129225
2507370
-44007826
6394935
5333765
30553032
2429602
Not Found
5549646
4951162
23779839
2526264
-36486674
Not Found
-8887711
-4064522
Not Found
4195405
Not Found
-6563753
-10022508
8020465
7878257
-862649
Not Found
-6480550
19968076
7333887
-28419824
2310385
21370463
70887409
16839839
Not Found
22186913
-1862446
-39660236
Not Found
-65401106
238706491
Not Found
-4794756
7665680
132038617
39076907
-25583985
3525174
Not Found
-5419716
-9300421
11578870
15850128
-4807514
9201914
-19657559
-3872108
-1747198
-13239328
-5092608
-22386451
-11269168
-8772684
23471510
Not Found
37650243
251770
-13255169
7321748
20796284
Not Found
-9309878
-45679243
-20227962
Not Found
-8050157
198364838
-7154749
-2230777
-22069958
1507142
Not Found
Not Found
3947417
-8199264
7559987
Not Found
Not Found
6662575
-52860388
-27821230
-12999812
-6782745
Not Found
Not Found
Not Found
6798143
38563192
-13886223
25586619
308261
4951718
Not Found
Not Found
Not Found
-29476484
9918151
-6344611
34308265
-203819
-17348014
Not Found
15850128
-10902247
5353086
-5623069
-44007826
25856771
-7882579
4179296
-10902247
-5793681
7934145
17538196
Not Found
-11892061
-4906492
7154477
3311432
-14994319
Not Found
6952446
-15138032
15725701
-20221569
2907943
-24516518
6517867
-3143211
-1664915
-45407826
-16959397
30553032
Not Found
Not Found
44408668
168967680
10067633
24002532
-2386435
-9758865
Not Found
24191974
-3676641
Not Found
-4688894
-3134824
28235574
-27821230
-34274487
Not Found
-16215743
Not Found
Not Found
-177498312
-6576193
3745415
20636210
-11464384
7732077
21109258
11289258
-32368485
4646118
Not Found
-23167178
8721412
-28456120
-899289
4838626
10067633
24002532
Not Found
10716252
-899289
33289267
13888116
-81156001
3442266
-67156469
28011330
4042294
-5412191
18652051
7343006
-8504922
41520940
49198559
-17239838
28090182
46763603
-7899335
137140305
-45407826
-10521186
-1725481
Not Found
-7379369
-5997585
7204625
-3479887
22620810
12355992
-51276297
-5760001
45725766
-227770
-6121612
Not Found
12789911
13271798
Not Found
-18599545
-4461950
23550057
2506426
12092758
Not Found
-3063638
-22069958
26186154
-30616409
8354042
-18861600
-17993527
-5186995
8044263
-4802182
Not Found
607531
-402195
14695240
-9306020
-10395994
28834443
-8686990
10533678
13281469
-3904525
-58047800
20828499
Not Found
11578870
-6644398
-1466252
-3059907
-1466252
Not Found
-6363892
11764589
-3244982
-18477168
-25142494
Not Found
-8265648
Not Found
9198299
9987963
-5419716
1576286
-9433278
-3700321
13823407
6417505
Not Found
10882267
2159384
6938655
-5419716
-7540145
-39400710
721902
-39505548
-49611041
12329666
212913
34306179
1099684
9301401
47371237
87560278
-11633763
22676372
39002945
17538196
10379239
-89852647
-4068138
-4155169
17340525
-28456120
Not Found
Not Found
Not Found
-24325834
-31791694
Not Found
Not Found
24002532
3718404
-10894340
-45407826
-8408783
14629285
-5825016
Not Found
Not Found
21837643
30561453
37650243
-8707830
Not Found
-3542227
10067633
Not Found
16272430
809274
-22386451
14010939
22623919
-7741464
Not Found
13784030
-184675
Not Found
5618225
22823001
762123
-21652752
Not Found
2780887
-9693197
-17348014
85053385
18779300
-11108795
-6610682
8514271
Not Found
1182743
6417505
34306179
4055208
-24159481
-3134824
32130263
-4841755
-6889749
Not Found
3423330
Not Found
Not Found
4630720
Not Found
7376999
1049945
1049945
-10945140
Not Found
-45679243
8522313
-23541806
24826782
6139621
26221069
-39097414
23779839
22613404
Not Found
24579
Not Found
17519353
-5920841
15799283
Not Found
Not Found
16272430
4698163
10882267
-48347775
4170900
-9694567
5440570
14494965
-23167178
6595488
10716252
-17825990
Not Found
Not Found
Not Found
Not Found
-14829150
21564239
7732077
2264226
-10537130
10882267
-28456120
Not Found
Not Found
-321990
-5806607
11747585
4951162
-3615170
-39400710
3498865
Not Found
Not Found
-32538912
-6983298
Not Found
10875620
-25022218
-3134824
-9861895
4482402
2220714
Not Found
Not Found
Not Found
3745415
-39198447
31501288
-20104106
6938655
6572942
17340525
40412419
Not Found
35476490
6606456
-9402765
-5139198
-20779819
22613404
2518964
-23025212
Not Found
2249685
16676257
-531346
-3026404
Not Found
-115921153
24191974
43478672
8370835
3214467
-7626865
-20779819
-37689127
30561453
37650243
Not Found
Not Found
-39400710
Not Found
18118897
Not Found
11266487
Not Found
Not Found
5736833
9114860
505856
-238486
Not Found
58212568
47859244
30553032
164538
-58047800
1265345
23889989
-17993527
12710642
8721412
-5254655
16480648
Not Found
Not Found
14771852
-24737528
-3778445
25372598
31501288
-9079953
-22409844
-9465777
57851452
-31791694
762123
7333887
23643788
Not Found
-19520020
3016945
10882330
98437892
Not Found
-390824
2833164
7149409
10514397
Not Found
Not Found
-1739012
7989399
36479198
-8171758
7579519
Not Found
-29731084
23471510
-9461184
-54718030
8347643
64075603
Not Found
44408668
16080661
21353414
1049945
-1837367
19150466
27334550
6525386
-9205596
-25163
5984143
44983048
-7462936
Not Found
Not Found
Not Found
22093880
-8282409
3604403
-6889749
16320203
13903769
14968126
11176246
17456464
10882267
Not Found
Not Found
-4758575
-3118794
-6870193
3423330
-2358449
-33146499
Not Found
-22069958
8458555
-19034054
11578870
24543599
22093880
-2342083
4440706
Not Found
7512044
-6298667
-7036862
-1664915
-44007826
3311432
-20779819
-1457936
Not Found
-41526351
32130263
14705875
Not Found
2627345
-11947290
-3668209
14826390
6735121
7060128
745428
4951162
256525
-40082320
-10945140
Not Found
-25583985
1656682
-4688894
16882734
24024124
340868
3386042
Not Found
6947958
-3904525
Not Found
Not Found
Not Found
-39400710
-9531921
15997674
-4516577
Not Found
11689136
18779300
Not Found
Not Found
-8986162
-4420075
-4886413
Not Found
Not Found
-6646674
9353744
-12640262
44239559
-50035350
44254264
22093880
Not Found
Not Found
9998493
Not Found
39076907
-8646066
24024124
32827067
Not Found
-45679243
13366913
-21324497
-8430154
13396153
16320203
-9321407
-26407225
-7405240
46763603
-1430718
11266487
-4906492
2990333
-28456120
19617422
1330118
Not Found
23889989
-9043356
-10713633
1047788
-29073059
-6716136
Not Found
-4973311
9362662
22676372
7158808
17538196
6798143
22128040
9041390
26131103
29184180
2081558
-25583985
-85033
9918737
11764589
Not Found
14771852
4630720
15135421
-14663937
14183906
-22409844
5473271
-7386892
12789911
-1081104
-14855738
7179905
978350
-794915
4498902
-18837329
13688301
-7719193
26599222
25133661
-9297349
Not Found
931606
1605730
-8221511
15135421
60611898
46098689
3525174
739500
Not Found
31501288
-51276297
Not Found
-6426804
36479198
19876483
19752419
-18638984
Not Found
-9801408
-12268863
19488550
-36486674
-2244521
27267326
-11947290
-39505548
7706544
-698551
4219558
1049945
-12419259
-5091858
-13745432
-8113965
-4516577
-5186995
15602381
3029508
-8908195
-12230638
7732077
Not Found
-4624823
1869548
23645000
-21654385
-19520020
9652976
Not Found
-8171758
-14663937
1432396
745428
887847
17456464
14411960
-21654385
45237673
-10678422
20796284
34866876
Not Found
Not Found
-29731084
39002945
18007317
47371237
7063388
12355992
25856771
15799283
7764023
4951162
38080937
4434764
9824745
Not Found
-14070773
29434829
36459697
25133661
22093880
25994666
Not Found
5484737
Not Found
-6870193
1127076
16272430
-32718049
47371237
8518029
Not Found
14433811
30553032
7559987
-2157479
-34274487
2944732
Not Found
-19520020
Not Found
1263546
Not Found
-10395994
978350
-9166589
Not Found
Not Found
9550919
Not Found
-3479887
Not Found
19876483
-9306020
Not Found
-8282409
-3983345
-8124444
21454603
-4886413
576031
-642256
Not Found
5471488
Not Found
16724828
Not Found
23645000
-50486757
-4161430
14953888
22800162
Not Found
25372598
-6207302
1959383
-13886223
40412419
5124060
-10521186
10379239
-5624222
28090182
-2459525
Not Found
-37148175
43064637
7732077
23645000
-11947290
-10395994
17319740
40412419
-8282409
Not Found
-10395994
19968076
-19657559
-11947290
4646200
12731826
9361894
887847
47371237
19535673
-4807514
-22069958
-3904525
-5939666
14771852
1576286
-21320278
-17348014
8909688
-13596203
15602381
19488550
22770031
18007317
800014
-3991041
382160
5347823
-19520020
1694415
15602381
Not Found
15725701
Not Found
13865270
-15138032
6667199
23889989
7086680
-1876206
-16094847
25994666
-33982821
-3605950
32926237
22186913
30693980
Not Found
6198452
Not Found
-19438748
-5353889
1543225
-18638984
7446060
8155712
-34371219
15602381
-45679243
7919441
8929949
Not Found
-9300421
-8003598
-1726057
Not Found
-11947290
2220714
10169292
18736830
2129010
46098689
-16705051
133276912
-13239328
-11633763
1187664
-19657559
-639113
Not Found
12364290
-10879235
Not Found
-31791694
-1739012
9244114
15842411
4951162
-29028310
Not Found
-6534178
Not Found
Not Found
-11633763
-1081104
10169292
23779839
34635760
8370835
-6087582
-31420339
28090182
7651460
13281469
-92906259
34306179
5574506
-29731084
7732077
-8794791
Not Found
20396575
14826390
8478543
-200492
-8349014
-1726057
-24325834
Not Found
-45679243
Not Found
Not Found
22931376
1997750
18270565
-3134824
Not Found
Not Found
-29028310
-29985211
-18638984
-3134824
-698551
7063388
-5738076
1821806
-3295698
9878443
-1081104
-6212807
5797344
7764023
Not Found
6469649
25133661
12067766
-14829150
Not Found
18007317
28090182
4951162
Not Found
Not Found
-33146499
35719232
Not Found
7559987
Not Found
Not Found
251770
-6889749
3311432
Not Found
-7065591
7753509
-4624823
14705875
26131103
Not Found
14192890
13396153
21454603
-2386435
-7221811
Not Found
-7079645
12802455
93315834
13315191
Not Found
-28419824
23471510
Not Found
-33982821
984166
45237673
Not Found
Not Found
Not Found
-14994319
19117262
-13909717
-7379369
1576286
9776367
47859244
-2216165
17340525
-43600960
-19657559
3943135
32926237
29840550
36479198
-8144101
Not Found
-2517294
38934039
Not Found
-45407826
-8572156
Not Found
Not Found
54984578
-9693988
22770031
Not Found
-4525411
1543225
-71103613
26131103
Not Found
16839839
-28437099
-1430718
-7646550
-5535587
37036931
16676257
-4688894
5414582
-7747151
Not Found
Not Found
-8282409
24996234
34799206
9608105
Not Found
Not Found
1858220
Not Found
5473271
2310903
-18862661
31129225
-25010614
-4203960
-6610682
-6527049
-12654311
12355992
11764589
Not Found
47335025
8502668
Not Found
-13445953
5464376
Not Found
-13596203
5141889
5742566
5044324
3518635
47530240
-3506415
12355992
35591554
Not Found
-5623060
2977848
2324940
Not Found
Not Found
Not Found
-9300421
-2406669
-5092608
Not Found
Not Found
43064637
Not Found
-1466252
-2659265
41520940
-73715310
1627658
-9442137
8246272
4042294
1596909
24191974
-8791265
30845001
22800162
-34274487
-1430718
-16639019
Not Found
22620810
17340525
Not Found
Not Found
583590
-34371219
3685961
17356781
-5035179
5045090
-3340864
-19657559
Not Found
-8563073
Not Found
Not Found
5740405
-16255981
Not Found
7095841
2817347
17538196
-3877667
Not Found
-56640324
9833407
Not Found
Not Found
Not Found
Not Found
Not Found
20636210
5471488
15997674
7805306
Not Found
29184180
-23167178
6528454
-69464190
Not Found
-8042197
Not Found
-12755174
10287555
-21652752
-18156298
662772
-24325834
-7981384
-19657559
3311432
Not Found
-6363892
-52474448
-16144507
Not Found
5340290
Not Found
-7154749
-6782745
6847802
762123
-2952547
26947706
8066768
26599222
9167794
4725514
Not Found
22770031
Not Found
Not Found
Not Found
18007317
14705875
11747585
-1246662
34635760
7935146
-12654311
Not Found
212913
16480648
8157526
-15138032
Not Found
Not Found
-9224288
3631188
-4886413
7345290
6938655
Not Found
-9878918
-23573733
Not Found
651307
23779839
7060128
6304041
4099200
Not Found
-1114775
11288534
Not Found
24470871
15725701
Not Found
-21759499
-9177505
2224117
-5238715
70887409
7063388
25994666
Not Found
-9509481
9407960
-6644398
15135421
Not Found
14888803
33289267
4211604
-8665866
23645000
12152996
Not Found
-3415560
-12917245
-29609505
22093880
-29731084
-759608
7393460
-9552342
6651131
5141889
723558
809274
-28875742
21154724
-45407826
Not Found
6139621
49198559
-3134824
1794294
-6087582
Not Found
-9989257
-7448082
Not Found
5873600
Not Found
212913
-10902247
13366913
43901388
-7193316
Not Found
5714285
Not Found
Not Found
-14958314
411693
Not Found
9294044
6302680
5873600
-17923909
-18862661
-115921153
-8214097
1934098
8458555
-2960022
-2522050
-9618058
9513171
-3265155
-8366037
-23807929
-42301875
-3299300
-4886413
-27195606
Not Found
20636210
8721412
-8802977
-115921153
7732077
-2175900
Not Found
-14609693
6173495
-6644398
29391711
Not Found
7205802
-698551
19968076
-20227962
Not Found
-10537130
-13947746
-8042197
16875346
48897572
-1739012
-18599545
9018513
38080937
-3483403
-15138032
-24159481
12092758
6493796
-3544693
-7579837
Not Found
-9552342
-33219901
-15418618
7630894
-3136098
-16451439
-56640324
14771852
Not Found
-31791694
Not Found
-6191264
-5273579
9497778
-6504082
-3134824
-3999050
15839973
-21654385
-12236600
Not Found
-15064971
Not Found
-28317286
13888116
7875872
18779300
-3415560
47371237
2129010
-44007826
-24737528
-27283031
-21115635
6302680
38080937
-5806607
-4688894
20848842
22931376
28090182
7548201
63918411
-227770
Not Found
22800162
22676372
25516221
9114860
-5092608
Not Found
22128040
-6610682
35476490
17319740
-1453933
Not Found
5273814
Not Found
Not Found
Not Found
-8802977
3525174
Not Found
-1376827
-12640262
297945
-52860388
344307
24191974
-40082320
9114860
6056872
-8042197
8352676
Not Found
Not Found
49420483
Not Found
-5520981
Not Found
-16215743
-13596203
-17956795
Not Found
-28437099
-2585205
-54718030
1543225
Not Found
-10972691
4099200
-26407225
26947706
8622251
5541996
11297268
-9509481
Not Found
25516221
Not Found
14494965
762123
Not Found
15850128
-6344611
Not Found
-45407826
26221069
10348200
14192890
3740327
9299005
16839839
6068472
23471510
6619767
19157213
82439765
5681442
-936672
26947706
5473271
Not Found
-4906492
-1430718
15850128
-34274487
Not Found
-56640324
-16742569
-9531921
Not Found
Not Found
21154724
-14663937
2351924
9033701
-41526351
-9533825
-9444552
-11947290
-13571373
12355992
-7391285
Not Found
-30968623
-6889749
4170900
10109335
25482802
-29609505
2833164
29820052
-3712730
-33982821
-7043818
22093880
-8230051
2833164
-11269168
2099863
32131322
-17993527
-2554082
30693980
Not Found
-37689127
20396575
5737652
Not Found
17538196
607531
-34274487
Not Found
12316173
-9956829
1049945
-12651936
13888116
24191974
-18973128
8347643
9268210
30553032
-2758828
39002945
8823723
8909688
Not Found
-743318
Not Found
26221069
745428
10882267
-2028784
Not Found
16724828
-67156469
16724828
164538
37650243
50955515
-3838101
15602381
13271798
855785
5330619
65425963
-6938377
7108819
Not Found
-11612089
-7686984
40412419
-2522050
3486026
28090182
Not Found
-10763322
34635760
-2794043
Not Found
-16255981
-18862661
6417505
31501288
25133661
-12640262
-9433278
Not Found
-18156298
-115921153
-18687802
Not Found
11266487
117364382
5473271
32130263
Not Found
-3991041
Not Found
37650243
17519353
9972222
17340525
Not Found
3486026
29391711
-7266581
-12513753
-29731084
3311432
-3295698
-6446576
-13886223
Not Found
Not Found
Not Found
Not Found
20729495
2899077
-14855738
Not Found
20729495
-8171758
-6032756
-7949259
-9166589
3214467
Not Found
-39097414
16272430
-13239328
-281632
58212568
19117262
24606470
23550057
23101735
Not Found
1869548
23101735
17461870
-4231349
-56640324
Not Found
-18711545
5865254
Not Found
133276912
37036931
35591554
-41401808
19876483
17538196
5228794
3641968
-5048151
-9533825
1811686
-2286696
-3295698
7481442
133276912
7977220
Not Found
-50486757
Not Found
-5088760
24635865
-10945140
9737104
2634035
4423649
-16255981
-759608
Not Found
3311432
28834443
Not Found
Not Found
Not Found
Not Found
-25583985
-19520020
36459697
-12651936
5473271
Not Found
-12583778
7801772
-41526351
4170209
16472719
12355992
Not Found
12802455
-15138032
26221069
Not Found
-14334649
13688301
Not Found
-12755174
18750361
19435518
17456464
9776367
20848842
-647930
-8018163
-3185685
-8847014
Not Found
28090182
-4158820
14494965
16272430
-6644989
-4043856
3518635
Not Found
-4160348
-8230051
Not Found
Not Found
3641968
683015
-56619005
9242956
-7522412
12606136
8863536
-1098491
Not Found
10882267
-5780645
651307
Not Found
-13407855
-7407694
-6377064
19752419
17883700
17340525
-1186971
45725766
12135849
-19657559
7579519
14705875
-34358994
-2542572
Not Found
-71103613
-11947290
-7459004
-6610682
Not Found
22770031
8611973
-13579858
-39660236
5824052
Not Found
Not Found
Not Found
-1517715
4588260
9946198
24191974
Not Found
-4965907
-8068855
-5419716
Not Found
-39505548
5139240
Not Found
-3063638
607531
-34371219
18432929
-698551
9301401
-17348014
251770
-5623069
-7747151
23471510
11764589
7009917
-17923909
-12423460
Not Found
-9989257
-3384479
Not Found
24614166
4170900
24394274
Not Found
-3143211
2817347
-663974
32539318
-2602464
22770031
93315834
-3479887
7955945
24024124
24543599
-23807929
14953888
-2500627
-862649
-9771527
13888116
14538023
-21872833
-8802977
7630894
5437050
1020259
-2549353
-4886413
13758227
Not Found
6851013
-3627319
Not Found
Not Found
-16639019
-8068855
-21320278
Not Found
18725096
-9185333
-14495763
1117840
Not Found
745428
Not Found
1186789
13396153
23471510
12710642
-15138032
31501288
-7295473
-227770
21454603
Not Found
4951162
Not Found
-25583985
1118562
20796284
110479
1315300
-6250567
14740563
-6644398
5653524
-11947290
Not Found
-25163
Not Found
20396575
-12651936
28834443
-3838101
-10395994
9092428
19883969
-37565553
-10395994
15135421
Not Found
Not Found
Not Found
6453709
-1834789
-3904525
-5899035
-1739012
6674522
30553032
Not Found
-17239838
30561453
20396575
40412419
34635760
18652051
7955945
8948984
1072261
-4807514
Not Found
16724828
5541996
-34876511
Not Found
-10405451
7734905
-19520020
-4287811
-7386892
23550057
22676372
-1059778
29391711
-23167178
-19953746
Not Found
18007317
-4211681
64075603
28011330
-9552342
-905240
-18803993
-6228959
35476490
-6644398
-15923588
-2077582
Not Found
198771
44983048
14629285
-14829150
9360165
Not Found
-92906259
47845741
776254
19157213
-22090531
24826782
-8481358
-9281517
-6983298
-21654385
16431605
-75330408
-23824473
-899289
-28875742
-18687802
42591166
-5994725
-11549309
-698551
-34371219
-19520020
-9043356
Not Found
Not Found
-3483403
25372598
-7540145
19157213
Not Found
-6006151
-2515803
-7602
5865254
15842411
156322
5353086
Not Found
-21115635
16676257
Not Found
43064637
-9577719
-16255981
Not Found
-16028285
-2599588
34799206
1026039
13385173
-28437099
Not Found
-52699134
-8171758
22165178
-95746
25148184
24191974
69432849
-1060946
5797344
Not Found
10067633
-1322116
-50486757
3029508
9938943
-14855738
Not Found
10448112
Not Found
-9898104
-58047800
Not Found
3677452
Not Found
9116608
9646245
-15580208
-23167178
-1567317
-17923909
9286735
-67156469
931606
-23807929
13784030
Not Found
-6898298
-5993710
-29609505
Not Found
Not Found
Not Found
13151727
-6243505
Not Found
5459086
-16255981
-13239328
4250107
Not Found
28576896
Not Found
5873600
912467
9114860
-11947290
48897572
-3588568
Not Found
2990333
3486026
2851089
3498865
3311432
-23167178
8190359
15850128
6572942
34866876
-1466252
32827067
Not Found
30845001
22093880
4170900
-10521186
Not Found
-1698774
-8072031
Not Found
24401262
-16144507
Not Found
-14070773
6525386
-25583985
8721412
9301401
-8636275
37036931
2310385
23934416
1266257
13758227
-13067222
-12640262
Not Found
Not Found
9479723
47859244
2522765
-9414393
-4000199
24401262
-49611041
3311432
-25670088
35719232
14180671
14251568
-9043356
4076102
-8610443
Not Found
17340525
Not Found
9407960
11356356
22215554
Not Found
-6687560
4963575
-19438748
-11633763
-16742569
Not Found
30105986
16080661
-8651259
11266487
Not Found
505856
-6038360
2652891
Not Found
Not Found
28235574
48666564
Not Found
Not Found
Not Found
-14767646
-14855738
3745415
22931376
-5760001
-751453
Not Found
32104124
Not Found
-10537130
6410858
-2520883
212913
4646118
Not Found
-698551
-81156001
12143556
-41526351
-39260436
-8341676
-15064971
-10945140
22186913
-65401106
-4688894
-6531557
-8807747
-2680243
37036931
953705
2990333
Not Found
5473271
-2209080
14246413
5176970
Not Found
-71103613
Not Found
-37689127
-3479887
-39660236
Not Found
1819089
-33146499
-7626865
Not Found
11747585
25148184
8721412
-1465138
93315834
-2386435
19117262
Not Found
Not Found
9737104
Not Found
4170900
32104124
2324940
2990333
9114860
16431605
2287163
18736830
-5764157
5044324
-82260011
-9433278
Not Found
-1846835
-7065591
Not Found
-16255981
15842411
13366913
35719232
Not Found
19488550
Not Found
2833164
-15438298
13946041
-1779947
57006
-3676641
-9433278
-1466252
-18477168
Not Found
14494965
-17239838
-6844309
Not Found
2531808
2330444
Not Found
323110
-528671
7732077
-18156298
13396153
22623919
-9140341
-16705051
-9372416
-34371219
-9691712
-4231349
14953888
-36486674
Not Found
1265345
Not Found
20729495
Not Found
10882267
-3079925
Not Found
17951555
44683993
5304198
Not Found
4098718
-4194499
Not Found
Not Found
-6898298
24635865
-14070773
Not Found
8770929
8652536
-4688894
13396153
-672368
23645000
9067427
12135849
6068472
70887409
4170900
Not Found
16272430
-41401808
-6674686
-3482800
-27195606
32539318
-6532004
-6330666
27129452
-4921571
Not Found
6453709
3527398
-2517760
18270565
15135421
58212568
1632267
-12948541
-8802977
5897510
-1453933
-17348014
35476490
-6644398
-2647670
-3537975
26947706
-21115635
Not Found
4219558
Not Found
-24355541
27934727
32926237
Not Found
21837643
-3005115
-25444576
1979084
-24325834
-1739012
Not Found
-26407225
-3697790
-1449146
19042433
9301401
-19657559
16272430
Not Found
-10945140
28090182
-2345464
18432929
22165178
Not Found
-2832253
25516221
-5937187
-2626863
16272430
Not Found
-4802182
20396575
2436225
5630068
-1376827
-5969039
Not Found
9418559
Not Found
-729624
Not Found
19752419
978350
Not Found
14251568
22613404
Not Found
-41526351
Not Found
1605730
Not Found
Not Found
12316173
897629
Not Found
4162635
-6898298
1216664
18736830
-4721318
18432929
9114860
Not Found
-10902247
Not Found
Not Found
25516221
93315834
Not Found
46098689
351268
Not Found
-44007826
Not Found
44983048
44239559
14494965
-3026404
-16451439
935782
-9342755
-1591494
-27821230
-10669914
-11633763
-4231349
9924541
Not Found
Not Found
-2952547
Not Found
5928226
Not Found
-17993527
-4835452
-12887416
-8452269
-7747151
15839973
56460189
2155097
-21197880
-7730051
Not Found
7378614
Not Found
4951162
-39660236
-54718030
13888116
Not Found
-4154763
-19376723
16137660
-10395994
-3626135
14826390
25372598
37650243
-849641
-6782745
Not Found
-69464190
-7857765
20396575
-37689127
198771
-9342755
Not Found
1062175
-30125012
20848842
-8935904
-14725879
978350
15842411
-7409628
-10394507
30105986
15135421
60611898
14494965
13281469
-1664915
16748426
-6870193
23779839
14010939
9018513
Not Found
-18781467
8463829
5273814
15375580
Not Found
Not Found
-5115700
-16705051
-6898298
22186913
-2646997
16320203
-4688894
5703711
-8572156
Not Found
49198559
Not Found
Not Found
35476490
38080937
-6531557
-6898298
8954082
830719
10875620
Not Found
-2587606
16286684
-3295698
Not Found
14034308
-28879722
-28456120
44239559
1463413
-8811653
4482402
-6234761
-12640262
-1453933
-6363892
-24159481
-4483902
12135849
-25583985
22093880
19150466
607531
Not Found
3930493
-6870193
Not Found
-10245060
6417505
7295127
-4068138
Not Found
-4758575
Not Found
Not Found
-14855738
Not Found
22623919
-160658
-39198447
44983048
-6610682
20796284
5539297
4495254
-1074193
-13948530
-10395994
22128040
Not Found
-7949259
9255893
Not Found
Not Found
-14495763
-37689127
14740563
16839839
-10902247
-49611041
Not Found
19968076
-19520020
15850128
22676372
43478672
Not Found
Not Found
-8757793
35719232
34308265
762123
2048994
-4744562
26131103
-8527461
41520940
-60548511
Not Found
-4459267
-21320278
5273814
33289267
6302680
28011330
-14609693
-1466252
19435518
Not Found
-4441211
Not Found
-13255169
-31420339
-3777516
-28437099
-238486
-34358994
23550057
14629285
6947711
Not Found
9301401
-8640874
Not Found
-1570919
-2559714
Not Found
8939710
-587407
5141889
8857782
-16705051
-9676235
-8341676
-1974838
-4835452
1079070
Not Found
Not Found
10348200
-10857356
-8068855
15135421
5998226
-1576783
-43548110
-37558803
-8481663
22620810
7962423
745428
-42769721
19435518
Not Found
13310255
4951718
13396153
25372598
Not Found
-5949021
-10395994
15880593
3824167
Not Found
-21872833
-4858423
Not Found
-3250025
19752419
32827067
36479198
50277165
3311432
15135421
Not Found
Not Found
-24737528
-39097414
Not Found
-8086937
13758227
Not Found
Not Found
-4886413
-7428302
-117759
-39400710
Not Found
-2531794
-1081104
7656680
-5993710
6172378
-10953439
4098718
22931376
-71103613
Not Found
9486090
5395011
-1526546
13271798
6662575
-4616493
-7158923
3277928
Not Found
Not Found
7862480
-4383654
-10022508
22676372
-10537130
-14958314
5473271
13310255
-4326160
18007317
Not Found
22770031
6046705
-8802977
5371999
Not Found
Not Found
2353117
6031709
29840550
29434829
-1183589
19488550
Not Found
Not Found
11069947
-45679243
34308265
13396153
9301401
18627509
87560278
-33406999
-8282409
-3295698
-22409844
12802455
7063388
23645000
-3161885
978350
